{"/home/foundryvtt/OneDrive/Rol/FoundryVTT/Data/systems/fading-suns/module/fading-suns.mjs": {"path":"/home/foundryvtt/OneDrive/Rol/FoundryVTT/Data/systems/fading-suns/module/fading-suns.mjs","statementMap":{"0":{"start":{"line":22,"column":0},"end":{"line":34,"column":2}},"1":{"start":{"line":36,"column":0},"end":{"line":94,"column":3}},"2":{"start":{"line":38,"column":2},"end":{"line":38,"column":35}},"3":{"start":{"line":44,"column":2},"end":{"line":47,"column":4}},"4":{"start":{"line":50,"column":2},"end":{"line":50,"column":47}},"5":{"start":{"line":51,"column":2},"end":{"line":51,"column":45}},"6":{"start":{"line":56,"column":2},"end":{"line":56,"column":48}},"7":{"start":{"line":59,"column":2},"end":{"line":59,"column":45}},"8":{"start":{"line":60,"column":2},"end":{"line":63,"column":5}},"9":{"start":{"line":64,"column":2},"end":{"line":64,"column":43}},"10":{"start":{"line":65,"column":2},"end":{"line":68,"column":5}},"11":{"start":{"line":71,"column":2},"end":{"line":71,"column":30}},"12":{"start":{"line":74,"column":2},"end":{"line":74,"column":18}},"13":{"start":{"line":76,"column":2},"end":{"line":76,"column":6}},"14":{"start":{"line":78,"column":2},"end":{"line":92,"column":5}},"15":{"start":{"line":82,"column":8},"end":{"line":82,"column":35}},"16":{"start":{"line":84,"column":4},"end":{"line":84,"column":31}},"17":{"start":{"line":84,"column":24},"end":{"line":84,"column":31}},"18":{"start":{"line":85,"column":18},"end":{"line":85,"column":42}},"19":{"start":{"line":86,"column":4},"end":{"line":90,"column":5}},"20":{"start":{"line":87,"column":7},"end":{"line":87,"column":53}},"21":{"start":{"line":88,"column":7},"end":{"line":88,"column":40}},"22":{"start":{"line":89,"column":7},"end":{"line":89,"column":46}}},"fnMap":{"0":{"name":"(anonymous_0)","decl":{"start":{"line":36,"column":19},"end":{"line":36,"column":20}},"loc":{"start":{"line":36,"column":31},"end":{"line":94,"column":1}},"line":36},"1":{"name":"(anonymous_1)","decl":{"start":{"line":78,"column":57},"end":{"line":78,"column":58}},"loc":{"start":{"line":78,"column":80},"end":{"line":92,"column":3}},"line":78}},"branchMap":{"0":{"loc":{"start":{"line":84,"column":4},"end":{"line":84,"column":31}},"type":"if","locations":[{"start":{"line":84,"column":4},"end":{"line":84,"column":31}},{"start":{},"end":{}}],"line":84},"1":{"loc":{"start":{"line":84,"column":7},"end":{"line":84,"column":22}},"type":"binary-expr","locations":[{"start":{"line":84,"column":7},"end":{"line":84,"column":15}},{"start":{"line":84,"column":19},"end":{"line":84,"column":22}}],"line":84},"2":{"loc":{"start":{"line":86,"column":4},"end":{"line":90,"column":5}},"type":"if","locations":[{"start":{"line":86,"column":4},"end":{"line":90,"column":5}},{"start":{},"end":{}}],"line":86}},"s":{"0":16,"1":16,"2":16,"3":16,"4":16,"5":16,"6":16,"7":16,"8":16,"9":16,"10":16,"11":16,"12":16,"13":16,"14":16,"15":0,"16":0,"17":0,"18":0,"19":0,"20":0,"21":0,"22":0},"f":{"0":16,"1":0},"b":{"0":[0,0],"1":[0,0],"2":[0,0]},"_coverageSchema":"1a1c01bbd47fc00a2c39e90264f33305004495a9","hash":"f941a560591dadb4838b013bb402514adf77a395"}
,"/home/foundryvtt/OneDrive/Rol/FoundryVTT/Data/systems/fading-suns/module/activeeffects/activeEffects.js": {"path":"/home/foundryvtt/OneDrive/Rol/FoundryVTT/Data/systems/fading-suns/module/activeeffects/activeEffects.js","statementMap":{"0":{"start":{"line":13,"column":28},"end":{"line":17,"column":1}},"1":{"start":{"line":23,"column":20},"end":{"line":324,"column":1}}},"fnMap":{},"branchMap":{},"s":{"0":6,"1":6},"f":{},"b":{},"_coverageSchema":"1a1c01bbd47fc00a2c39e90264f33305004495a9","hash":"b38fc1c0e60da892277644468f40ef7b39e62040"}
,"/home/foundryvtt/OneDrive/Rol/FoundryVTT/Data/systems/fading-suns/module/dialogs/maneuver.mjs": {"path":"/home/foundryvtt/OneDrive/Rol/FoundryVTT/Data/systems/fading-suns/module/dialogs/maneuver.mjs","statementMap":{"0":{"start":{"line":8,"column":4},"end":{"line":8,"column":12}},"1":{"start":{"line":9,"column":4},"end":{"line":9,"column":23}},"2":{"start":{"line":10,"column":4},"end":{"line":10,"column":27}},"3":{"start":{"line":11,"column":4},"end":{"line":11,"column":29}},"4":{"start":{"line":15,"column":4},"end":{"line":25,"column":7}},"5":{"start":{"line":29,"column":4},"end":{"line":29,"column":76}},"6":{"start":{"line":29,"column":36},"end":{"line":29,"column":74}},"7":{"start":{"line":33,"column":19},"end":{"line":33,"column":46}},"8":{"start":{"line":35,"column":4},"end":{"line":39,"column":8}},"9":{"start":{"line":36,"column":6},"end":{"line":39,"column":8}},"10":{"start":{"line":43,"column":4},"end":{"line":45,"column":6}},"11":{"start":{"line":44,"column":13},"end":{"line":44,"column":69}},"12":{"start":{"line":49,"column":4},"end":{"line":49,"column":47}},"13":{"start":{"line":49,"column":34},"end":{"line":49,"column":45}},"14":{"start":{"line":55,"column":18},"end":{"line":55,"column":57}},"15":{"start":{"line":56,"column":4},"end":{"line":56,"column":23}},"16":{"start":{"line":57,"column":22},"end":{"line":57,"column":67}},"17":{"start":{"line":58,"column":4},"end":{"line":61,"column":6}},"18":{"start":{"line":65,"column":16},"end":{"line":65,"column":45}},"19":{"start":{"line":66,"column":4},"end":{"line":66,"column":27}},"20":{"start":{"line":70,"column":4},"end":{"line":76,"column":5}},"21":{"start":{"line":71,"column":22},"end":{"line":74,"column":7}},"22":{"start":{"line":75,"column":6},"end":{"line":75,"column":60}},"23":{"start":{"line":77,"column":16},"end":{"line":77,"column":51}},"24":{"start":{"line":79,"column":20},"end":{"line":85,"column":5}},"25":{"start":{"line":87,"column":17},"end":{"line":87,"column":63}},"26":{"start":{"line":92,"column":4},"end":{"line":95,"column":7}},"27":{"start":{"line":93,"column":6},"end":{"line":93,"column":60}},"28":{"start":{"line":94,"column":6},"end":{"line":94,"column":19}},"29":{"start":{"line":97,"column":4},"end":{"line":100,"column":7}},"30":{"start":{"line":98,"column":6},"end":{"line":98,"column":54}},"31":{"start":{"line":99,"column":6},"end":{"line":99,"column":19}},"32":{"start":{"line":104,"column":4},"end":{"line":104,"column":26}},"33":{"start":{"line":108,"column":0},"end":{"line":108,"column":27}}},"fnMap":{"0":{"name":"(anonymous_0)","decl":{"start":{"line":7,"column":2},"end":{"line":7,"column":3}},"loc":{"start":{"line":7,"column":48},"end":{"line":12,"column":3}},"line":7},"1":{"name":"(anonymous_1)","decl":{"start":{"line":14,"column":2},"end":{"line":14,"column":3}},"loc":{"start":{"line":14,"column":30},"end":{"line":26,"column":3}},"line":14},"2":{"name":"(anonymous_2)","decl":{"start":{"line":28,"column":2},"end":{"line":28,"column":3}},"loc":{"start":{"line":28,"column":25},"end":{"line":30,"column":3}},"line":28},"3":{"name":"(anonymous_3)","decl":{"start":{"line":29,"column":29},"end":{"line":29,"column":30}},"loc":{"start":{"line":29,"column":36},"end":{"line":29,"column":74}},"line":29},"4":{"name":"(anonymous_4)","decl":{"start":{"line":32,"column":2},"end":{"line":32,"column":3}},"loc":{"start":{"line":32,"column":19},"end":{"line":40,"column":3}},"line":32},"5":{"name":"(anonymous_5)","decl":{"start":{"line":42,"column":2},"end":{"line":42,"column":3}},"loc":{"start":{"line":42,"column":30},"end":{"line":46,"column":3}},"line":42},"6":{"name":"(anonymous_6)","decl":{"start":{"line":44,"column":6},"end":{"line":44,"column":7}},"loc":{"start":{"line":44,"column":13},"end":{"line":44,"column":69}},"line":44},"7":{"name":"(anonymous_7)","decl":{"start":{"line":48,"column":2},"end":{"line":48,"column":3}},"loc":{"start":{"line":48,"column":23},"end":{"line":50,"column":3}},"line":48},"8":{"name":"(anonymous_8)","decl":{"start":{"line":49,"column":27},"end":{"line":49,"column":28}},"loc":{"start":{"line":49,"column":34},"end":{"line":49,"column":45}},"line":49},"9":{"name":"(anonymous_9)","decl":{"start":{"line":52,"column":2},"end":{"line":52,"column":3}},"loc":{"start":{"line":52,"column":22},"end":{"line":52,"column":24}},"line":52},"10":{"name":"(anonymous_10)","decl":{"start":{"line":54,"column":2},"end":{"line":54,"column":3}},"loc":{"start":{"line":54,"column":12},"end":{"line":62,"column":3}},"line":54},"11":{"name":"(anonymous_11)","decl":{"start":{"line":64,"column":2},"end":{"line":64,"column":3}},"loc":{"start":{"line":64,"column":25},"end":{"line":67,"column":3}},"line":64},"12":{"name":"(anonymous_12)","decl":{"start":{"line":69,"column":2},"end":{"line":69,"column":3}},"loc":{"start":{"line":69,"column":30},"end":{"line":88,"column":3}},"line":69},"13":{"name":"(anonymous_13)","decl":{"start":{"line":90,"column":2},"end":{"line":90,"column":3}},"loc":{"start":{"line":90,"column":26},"end":{"line":101,"column":3}},"line":90},"14":{"name":"(anonymous_14)","decl":{"start":{"line":92,"column":46},"end":{"line":92,"column":47}},"loc":{"start":{"line":92,"column":57},"end":{"line":95,"column":5}},"line":92},"15":{"name":"(anonymous_15)","decl":{"start":{"line":97,"column":49},"end":{"line":97,"column":50}},"loc":{"start":{"line":97,"column":60},"end":{"line":100,"column":5}},"line":97},"16":{"name":"(anonymous_16)","decl":{"start":{"line":103,"column":2},"end":{"line":103,"column":3}},"loc":{"start":{"line":103,"column":39},"end":{"line":105,"column":3}},"line":103}},"branchMap":{"0":{"loc":{"start":{"line":7,"column":30},"end":{"line":7,"column":46}},"type":"default-arg","locations":[{"start":{"line":7,"column":41},"end":{"line":7,"column":46}}],"line":7},"1":{"loc":{"start":{"line":29,"column":36},"end":{"line":29,"column":74}},"type":"binary-expr","locations":[{"start":{"line":29,"column":36},"end":{"line":29,"column":54}},{"start":{"line":29,"column":58},"end":{"line":29,"column":74}}],"line":29},"2":{"loc":{"start":{"line":35,"column":4},"end":{"line":39,"column":8}},"type":"if","locations":[{"start":{"line":35,"column":4},"end":{"line":39,"column":8}},{"start":{},"end":{}}],"line":35},"3":{"loc":{"start":{"line":35,"column":8},"end":{"line":35,"column":27}},"type":"binary-expr","locations":[{"start":{"line":35,"column":8},"end":{"line":35,"column":14}},{"start":{"line":35,"column":18},"end":{"line":35,"column":27}}],"line":35},"4":{"loc":{"start":{"line":44,"column":13},"end":{"line":44,"column":69}},"type":"binary-expr","locations":[{"start":{"line":44,"column":13},"end":{"line":44,"column":34}},{"start":{"line":44,"column":38},"end":{"line":44,"column":69}}],"line":44},"5":{"loc":{"start":{"line":70,"column":4},"end":{"line":76,"column":5}},"type":"if","locations":[{"start":{"line":70,"column":4},"end":{"line":76,"column":5}},{"start":{},"end":{}}],"line":70}},"s":{"0":16,"1":16,"2":16,"3":16,"4":1,"5":5,"6":15,"7":3,"8":3,"9":2,"10":3,"11":9,"12":4,"13":9,"14":1,"15":1,"16":1,"17":1,"18":1,"19":1,"20":0,"21":0,"22":0,"23":0,"24":0,"25":0,"26":1,"27":0,"28":0,"29":1,"30":0,"31":0,"32":1,"33":1},"f":{"0":16,"1":1,"2":5,"3":15,"4":3,"5":3,"6":9,"7":4,"8":9,"9":0,"10":1,"11":1,"12":0,"13":1,"14":0,"15":0,"16":1},"b":{"0":[16],"1":[15,5],"2":[2,1],"3":[3,3],"4":[9,6],"5":[0,0]},"_coverageSchema":"1a1c01bbd47fc00a2c39e90264f33305004495a9","hash":"e32d2af51c4b5a925586b446f126212afbbdad80"}
,"/home/foundryvtt/OneDrive/Rol/FoundryVTT/Data/systems/fading-suns/module/dialogs/rollDice.mjs": {"path":"/home/foundryvtt/OneDrive/Rol/FoundryVTT/Data/systems/fading-suns/module/dialogs/rollDice.mjs","statementMap":{"0":{"start":{"line":9,"column":4},"end":{"line":9,"column":12}},"1":{"start":{"line":10,"column":4},"end":{"line":10,"column":23}},"2":{"start":{"line":11,"column":4},"end":{"line":11,"column":27}},"3":{"start":{"line":12,"column":4},"end":{"line":12,"column":77}},"4":{"start":{"line":13,"column":4},"end":{"line":13,"column":48}},"5":{"start":{"line":14,"column":4},"end":{"line":14,"column":71}},"6":{"start":{"line":15,"column":4},"end":{"line":15,"column":38}},"7":{"start":{"line":16,"column":4},"end":{"line":16,"column":44}},"8":{"start":{"line":17,"column":4},"end":{"line":17,"column":57}},"9":{"start":{"line":18,"column":4},"end":{"line":18,"column":31}},"10":{"start":{"line":19,"column":4},"end":{"line":19,"column":27}},"11":{"start":{"line":22,"column":4},"end":{"line":27,"column":5}},"12":{"start":{"line":23,"column":19},"end":{"line":23,"column":60}},"13":{"start":{"line":24,"column":6},"end":{"line":26,"column":7}},"14":{"start":{"line":25,"column":8},"end":{"line":25,"column":76}},"15":{"start":{"line":30,"column":19},"end":{"line":30,"column":24}},"16":{"start":{"line":32,"column":15},"end":{"line":32,"column":24}},"17":{"start":{"line":34,"column":26},"end":{"line":34,"column":27}},"18":{"start":{"line":36,"column":18},"end":{"line":36,"column":23}},"19":{"start":{"line":38,"column":19},"end":{"line":38,"column":20}},"20":{"start":{"line":40,"column":13},"end":{"line":40,"column":15}},"21":{"start":{"line":42,"column":13},"end":{"line":42,"column":18}},"22":{"start":{"line":44,"column":11},"end":{"line":44,"column":15}},"23":{"start":{"line":46,"column":21},"end":{"line":46,"column":23}},"24":{"start":{"line":48,"column":13},"end":{"line":48,"column":19}},"25":{"start":{"line":51,"column":4},"end":{"line":58,"column":7}},"26":{"start":{"line":66,"column":4},"end":{"line":66,"column":36}},"27":{"start":{"line":71,"column":4},"end":{"line":73,"column":5}},"28":{"start":{"line":72,"column":6},"end":{"line":72,"column":33}},"29":{"start":{"line":75,"column":28},"end":{"line":75,"column":61}},"30":{"start":{"line":77,"column":38},"end":{"line":83,"column":5}},"31":{"start":{"line":78,"column":16},"end":{"line":82,"column":7}},"32":{"start":{"line":85,"column":24},"end":{"line":95,"column":5}},"33":{"start":{"line":98,"column":4},"end":{"line":139,"column":5}},"34":{"start":{"line":99,"column":26},"end":{"line":99,"column":43}},"35":{"start":{"line":101,"column":6},"end":{"line":138,"column":7}},"36":{"start":{"line":103,"column":35},"end":{"line":103,"column":76}},"37":{"start":{"line":106,"column":31},"end":{"line":106,"column":35}},"38":{"start":{"line":109,"column":30},"end":{"line":110,"column":56}},"39":{"start":{"line":110,"column":10},"end":{"line":110,"column":55}},"40":{"start":{"line":112,"column":8},"end":{"line":116,"column":9}},"41":{"start":{"line":115,"column":10},"end":{"line":115,"column":53}},"42":{"start":{"line":119,"column":36},"end":{"line":123,"column":9}},"43":{"start":{"line":126,"column":30},"end":{"line":126,"column":49}},"44":{"start":{"line":127,"column":8},"end":{"line":131,"column":9}},"45":{"start":{"line":128,"column":10},"end":{"line":128,"column":31}},"46":{"start":{"line":129,"column":15},"end":{"line":131,"column":9}},"47":{"start":{"line":130,"column":10},"end":{"line":130,"column":31}},"48":{"start":{"line":134,"column":8},"end":{"line":134,"column":62}},"49":{"start":{"line":137,"column":8},"end":{"line":137,"column":49}},"50":{"start":{"line":141,"column":34},"end":{"line":145,"column":7}},"51":{"start":{"line":141,"column":73},"end":{"line":145,"column":5}},"52":{"start":{"line":147,"column":35},"end":{"line":149,"column":5}},"53":{"start":{"line":150,"column":40},"end":{"line":150,"column":76}},"54":{"start":{"line":151,"column":31},"end":{"line":153,"column":5}},"55":{"start":{"line":154,"column":36},"end":{"line":154,"column":64}},"56":{"start":{"line":157,"column":6},"end":{"line":161,"column":33}},"57":{"start":{"line":163,"column":4},"end":{"line":188,"column":6}},"58":{"start":{"line":192,"column":4},"end":{"line":192,"column":34}},"59":{"start":{"line":193,"column":4},"end":{"line":195,"column":53}},"60":{"start":{"line":196,"column":4},"end":{"line":198,"column":49}},"61":{"start":{"line":199,"column":4},"end":{"line":201,"column":47}},"62":{"start":{"line":202,"column":4},"end":{"line":204,"column":52}},"63":{"start":{"line":205,"column":4},"end":{"line":207,"column":52}},"64":{"start":{"line":208,"column":4},"end":{"line":208,"column":79}},"65":{"start":{"line":209,"column":4},"end":{"line":211,"column":50}},"66":{"start":{"line":215,"column":4},"end":{"line":215,"column":26}},"67":{"start":{"line":219,"column":4},"end":{"line":219,"column":52}},"68":{"start":{"line":220,"column":4},"end":{"line":220,"column":18}},"69":{"start":{"line":224,"column":4},"end":{"line":224,"column":48}},"70":{"start":{"line":225,"column":4},"end":{"line":225,"column":18}},"71":{"start":{"line":229,"column":4},"end":{"line":229,"column":46}},"72":{"start":{"line":230,"column":4},"end":{"line":230,"column":18}},"73":{"start":{"line":234,"column":4},"end":{"line":234,"column":67}},"74":{"start":{"line":235,"column":4},"end":{"line":235,"column":18}},"75":{"start":{"line":238,"column":4},"end":{"line":238,"column":53}},"76":{"start":{"line":239,"column":4},"end":{"line":239,"column":18}},"77":{"start":{"line":243,"column":4},"end":{"line":243,"column":52}},"78":{"start":{"line":244,"column":4},"end":{"line":244,"column":18}},"79":{"start":{"line":248,"column":4},"end":{"line":249,"column":68}},"80":{"start":{"line":249,"column":6},"end":{"line":249,"column":68}},"81":{"start":{"line":250,"column":4},"end":{"line":250,"column":74}},"82":{"start":{"line":250,"column":18},"end":{"line":250,"column":74}},"83":{"start":{"line":251,"column":4},"end":{"line":251,"column":75}},"84":{"start":{"line":251,"column":18},"end":{"line":251,"column":75}},"85":{"start":{"line":252,"column":4},"end":{"line":252,"column":80}},"86":{"start":{"line":252,"column":24},"end":{"line":252,"column":80}},"87":{"start":{"line":253,"column":4},"end":{"line":253,"column":60}},"88":{"start":{"line":258,"column":6},"end":{"line":262,"column":29}},"89":{"start":{"line":264,"column":20},"end":{"line":264,"column":33}},"90":{"start":{"line":265,"column":20},"end":{"line":265,"column":32}},"91":{"start":{"line":266,"column":21},"end":{"line":266,"column":35}},"92":{"start":{"line":267,"column":25},"end":{"line":267,"column":36}},"93":{"start":{"line":268,"column":19},"end":{"line":268,"column":31}},"94":{"start":{"line":270,"column":4},"end":{"line":279,"column":6}},"95":{"start":{"line":282,"column":17},"end":{"line":282,"column":23}},"96":{"start":{"line":284,"column":16},"end":{"line":284,"column":57}},"97":{"start":{"line":286,"column":4},"end":{"line":286,"column":79}},"98":{"start":{"line":290,"column":17},"end":{"line":290,"column":23}},"99":{"start":{"line":292,"column":18},"end":{"line":292,"column":59}},"100":{"start":{"line":293,"column":18},"end":{"line":297,"column":5}},"101":{"start":{"line":298,"column":18},"end":{"line":302,"column":5}},"102":{"start":{"line":304,"column":4},"end":{"line":307,"column":6}},"103":{"start":{"line":311,"column":4},"end":{"line":313,"column":5}},"104":{"start":{"line":312,"column":6},"end":{"line":312,"column":19}},"105":{"start":{"line":314,"column":4},"end":{"line":316,"column":5}},"106":{"start":{"line":315,"column":6},"end":{"line":315,"column":19}},"107":{"start":{"line":317,"column":4},"end":{"line":319,"column":5}},"108":{"start":{"line":318,"column":6},"end":{"line":318,"column":19}},"109":{"start":{"line":320,"column":4},"end":{"line":322,"column":5}},"110":{"start":{"line":321,"column":6},"end":{"line":321,"column":19}},"111":{"start":{"line":324,"column":4},"end":{"line":326,"column":5}},"112":{"start":{"line":325,"column":6},"end":{"line":325,"column":57}},"113":{"start":{"line":328,"column":4},"end":{"line":330,"column":5}},"114":{"start":{"line":329,"column":6},"end":{"line":329,"column":19}},"115":{"start":{"line":331,"column":4},"end":{"line":333,"column":5}},"116":{"start":{"line":332,"column":6},"end":{"line":332,"column":19}},"117":{"start":{"line":334,"column":4},"end":{"line":334,"column":55}},"118":{"start":{"line":338,"column":4},"end":{"line":340,"column":5}},"119":{"start":{"line":339,"column":6},"end":{"line":339,"column":42}},"120":{"start":{"line":342,"column":29},"end":{"line":342,"column":63}},"121":{"start":{"line":344,"column":17},"end":{"line":344,"column":44}},"122":{"start":{"line":346,"column":4},"end":{"line":348,"column":5}},"123":{"start":{"line":347,"column":6},"end":{"line":347,"column":18}},"124":{"start":{"line":350,"column":4},"end":{"line":350,"column":42}},"125":{"start":{"line":355,"column":6},"end":{"line":355,"column":30}},"126":{"start":{"line":357,"column":35},"end":{"line":359,"column":16}},"127":{"start":{"line":358,"column":13},"end":{"line":358,"column":42}},"128":{"start":{"line":360,"column":40},"end":{"line":362,"column":11}},"129":{"start":{"line":361,"column":13},"end":{"line":361,"column":42}},"130":{"start":{"line":364,"column":31},"end":{"line":366,"column":16}},"131":{"start":{"line":365,"column":13},"end":{"line":365,"column":38}},"132":{"start":{"line":367,"column":36},"end":{"line":369,"column":11}},"133":{"start":{"line":368,"column":13},"end":{"line":368,"column":38}},"134":{"start":{"line":371,"column":23},"end":{"line":371,"column":49}},"135":{"start":{"line":373,"column":19},"end":{"line":379,"column":5}},"136":{"start":{"line":381,"column":4},"end":{"line":383,"column":5}},"137":{"start":{"line":382,"column":6},"end":{"line":382,"column":60}},"138":{"start":{"line":385,"column":4},"end":{"line":387,"column":5}},"139":{"start":{"line":386,"column":6},"end":{"line":386,"column":66}},"140":{"start":{"line":389,"column":4},"end":{"line":391,"column":5}},"141":{"start":{"line":390,"column":6},"end":{"line":390,"column":39}},"142":{"start":{"line":393,"column":17},"end":{"line":393,"column":42}},"143":{"start":{"line":396,"column":6},"end":{"line":396,"column":47}},"144":{"start":{"line":398,"column":18},"end":{"line":398,"column":126}},"145":{"start":{"line":399,"column":4},"end":{"line":402,"column":5}},"146":{"start":{"line":400,"column":6},"end":{"line":400,"column":101}},"147":{"start":{"line":401,"column":6},"end":{"line":401,"column":73}},"148":{"start":{"line":404,"column":4},"end":{"line":407,"column":5}},"149":{"start":{"line":405,"column":6},"end":{"line":405,"column":88}},"150":{"start":{"line":406,"column":6},"end":{"line":406,"column":45}},"151":{"start":{"line":409,"column":4},"end":{"line":412,"column":5}},"152":{"start":{"line":410,"column":6},"end":{"line":410,"column":109}},"153":{"start":{"line":411,"column":6},"end":{"line":411,"column":45}},"154":{"start":{"line":414,"column":4},"end":{"line":416,"column":5}},"155":{"start":{"line":415,"column":6},"end":{"line":415,"column":45}},"156":{"start":{"line":418,"column":25},"end":{"line":418,"column":78}},"157":{"start":{"line":419,"column":28},"end":{"line":419,"column":30}},"158":{"start":{"line":420,"column":28},"end":{"line":420,"column":29}},"159":{"start":{"line":421,"column":30},"end":{"line":421,"column":35}},"160":{"start":{"line":422,"column":28},"end":{"line":422,"column":29}},"161":{"start":{"line":425,"column":4},"end":{"line":433,"column":5}},"162":{"start":{"line":427,"column":6},"end":{"line":427,"column":39}},"163":{"start":{"line":430,"column":6},"end":{"line":432,"column":7}},"164":{"start":{"line":431,"column":8},"end":{"line":431,"column":35}},"165":{"start":{"line":435,"column":4},"end":{"line":465,"column":5}},"166":{"start":{"line":436,"column":6},"end":{"line":440,"column":10}},"167":{"start":{"line":442,"column":6},"end":{"line":464,"column":7}},"168":{"start":{"line":443,"column":8},"end":{"line":443,"column":28}},"169":{"start":{"line":444,"column":8},"end":{"line":463,"column":9}},"170":{"start":{"line":445,"column":10},"end":{"line":449,"column":14}},"171":{"start":{"line":450,"column":15},"end":{"line":463,"column":9}},"172":{"start":{"line":451,"column":10},"end":{"line":455,"column":70}},"173":{"start":{"line":457,"column":10},"end":{"line":461,"column":70}},"174":{"start":{"line":467,"column":4},"end":{"line":476,"column":5}},"175":{"start":{"line":468,"column":23},"end":{"line":468,"column":101}},"176":{"start":{"line":469,"column":29},"end":{"line":469,"column":142}},"177":{"start":{"line":470,"column":27},"end":{"line":470,"column":60}},"178":{"start":{"line":471,"column":6},"end":{"line":473,"column":7}},"179":{"start":{"line":472,"column":8},"end":{"line":472,"column":89}},"180":{"start":{"line":472,"column":85},"end":{"line":472,"column":88}},"181":{"start":{"line":474,"column":6},"end":{"line":474,"column":61}},"182":{"start":{"line":475,"column":6},"end":{"line":475,"column":61}},"183":{"start":{"line":478,"column":25},"end":{"line":495,"column":5}},"184":{"start":{"line":497,"column":20},"end":{"line":500,"column":5}},"185":{"start":{"line":502,"column":21},"end":{"line":506,"column":5}},"186":{"start":{"line":508,"column":4},"end":{"line":508,"column":33}},"187":{"start":{"line":510,"column":4},"end":{"line":510,"column":59}},"188":{"start":{"line":511,"column":4},"end":{"line":515,"column":5}},"189":{"start":{"line":512,"column":19},"end":{"line":512,"column":49}},"190":{"start":{"line":513,"column":17},"end":{"line":513,"column":53}},"191":{"start":{"line":516,"column":4},"end":{"line":516,"column":17}},"192":{"start":{"line":520,"column":25},"end":{"line":520,"column":110}},"193":{"start":{"line":522,"column":20},"end":{"line":529,"column":5}},"194":{"start":{"line":530,"column":21},"end":{"line":533,"column":5}},"195":{"start":{"line":535,"column":4},"end":{"line":535,"column":33}},"196":{"start":{"line":540,"column":0},"end":{"line":540,"column":27}}},"fnMap":{"0":{"name":"(anonymous_0)","decl":{"start":{"line":8,"column":2},"end":{"line":8,"column":3}},"loc":{"start":{"line":8,"column":30},"end":{"line":28,"column":3}},"line":8},"1":{"name":"(anonymous_1)","decl":{"start":{"line":50,"column":2},"end":{"line":50,"column":3}},"loc":{"start":{"line":50,"column":30},"end":{"line":59,"column":3}},"line":50},"2":{"name":"(anonymous_2)","decl":{"start":{"line":65,"column":2},"end":{"line":65,"column":3}},"loc":{"start":{"line":65,"column":12},"end":{"line":67,"column":3}},"line":65},"3":{"name":"(anonymous_3)","decl":{"start":{"line":69,"column":2},"end":{"line":69,"column":3}},"loc":{"start":{"line":69,"column":22},"end":{"line":189,"column":3}},"line":69},"4":{"name":"(anonymous_4)","decl":{"start":{"line":78,"column":6},"end":{"line":78,"column":7}},"loc":{"start":{"line":78,"column":16},"end":{"line":82,"column":7}},"line":78},"5":{"name":"(anonymous_5)","decl":{"start":{"line":109,"column":55},"end":{"line":109,"column":56}},"loc":{"start":{"line":110,"column":10},"end":{"line":110,"column":55}},"line":110},"6":{"name":"(anonymous_6)","decl":{"start":{"line":141,"column":63},"end":{"line":141,"column":64}},"loc":{"start":{"line":141,"column":73},"end":{"line":145,"column":5}},"line":141},"7":{"name":"(anonymous_7)","decl":{"start":{"line":191,"column":2},"end":{"line":191,"column":3}},"loc":{"start":{"line":191,"column":26},"end":{"line":212,"column":3}},"line":191},"8":{"name":"(anonymous_8)","decl":{"start":{"line":214,"column":2},"end":{"line":214,"column":3}},"loc":{"start":{"line":214,"column":39},"end":{"line":216,"column":3}},"line":214},"9":{"name":"(anonymous_9)","decl":{"start":{"line":218,"column":2},"end":{"line":218,"column":3}},"loc":{"start":{"line":218,"column":32},"end":{"line":221,"column":3}},"line":218},"10":{"name":"(anonymous_10)","decl":{"start":{"line":223,"column":2},"end":{"line":223,"column":3}},"loc":{"start":{"line":223,"column":28},"end":{"line":226,"column":3}},"line":223},"11":{"name":"(anonymous_11)","decl":{"start":{"line":228,"column":2},"end":{"line":228,"column":3}},"loc":{"start":{"line":228,"column":26},"end":{"line":231,"column":3}},"line":228},"12":{"name":"(anonymous_12)","decl":{"start":{"line":233,"column":2},"end":{"line":233,"column":3}},"loc":{"start":{"line":233,"column":31},"end":{"line":236,"column":3}},"line":233},"13":{"name":"(anonymous_13)","decl":{"start":{"line":237,"column":2},"end":{"line":237,"column":3}},"loc":{"start":{"line":237,"column":31},"end":{"line":240,"column":3}},"line":237},"14":{"name":"(anonymous_14)","decl":{"start":{"line":242,"column":2},"end":{"line":242,"column":3}},"loc":{"start":{"line":242,"column":28},"end":{"line":245,"column":3}},"line":242},"15":{"name":"(anonymous_15)","decl":{"start":{"line":247,"column":2},"end":{"line":247,"column":3}},"loc":{"start":{"line":247,"column":69},"end":{"line":254,"column":3}},"line":247},"16":{"name":"(anonymous_16)","decl":{"start":{"line":256,"column":2},"end":{"line":256,"column":3}},"loc":{"start":{"line":256,"column":38},"end":{"line":280,"column":3}},"line":256},"17":{"name":"(anonymous_17)","decl":{"start":{"line":281,"column":2},"end":{"line":281,"column":3}},"loc":{"start":{"line":281,"column":32},"end":{"line":287,"column":3}},"line":281},"18":{"name":"(anonymous_18)","decl":{"start":{"line":289,"column":2},"end":{"line":289,"column":3}},"loc":{"start":{"line":289,"column":32},"end":{"line":308,"column":3}},"line":289},"19":{"name":"(anonymous_19)","decl":{"start":{"line":310,"column":2},"end":{"line":310,"column":3}},"loc":{"start":{"line":310,"column":25},"end":{"line":335,"column":3}},"line":310},"20":{"name":"(anonymous_20)","decl":{"start":{"line":337,"column":2},"end":{"line":337,"column":3}},"loc":{"start":{"line":337,"column":39},"end":{"line":351,"column":3}},"line":337},"21":{"name":"(anonymous_21)","decl":{"start":{"line":353,"column":2},"end":{"line":353,"column":3}},"loc":{"start":{"line":353,"column":40},"end":{"line":517,"column":3}},"line":353},"22":{"name":"(anonymous_22)","decl":{"start":{"line":358,"column":6},"end":{"line":358,"column":7}},"loc":{"start":{"line":358,"column":13},"end":{"line":358,"column":42}},"line":358},"23":{"name":"(anonymous_23)","decl":{"start":{"line":361,"column":6},"end":{"line":361,"column":7}},"loc":{"start":{"line":361,"column":13},"end":{"line":361,"column":42}},"line":361},"24":{"name":"(anonymous_24)","decl":{"start":{"line":365,"column":6},"end":{"line":365,"column":7}},"loc":{"start":{"line":365,"column":13},"end":{"line":365,"column":38}},"line":365},"25":{"name":"(anonymous_25)","decl":{"start":{"line":368,"column":6},"end":{"line":368,"column":7}},"loc":{"start":{"line":368,"column":13},"end":{"line":368,"column":38}},"line":368},"26":{"name":"(anonymous_26)","decl":{"start":{"line":472,"column":75},"end":{"line":472,"column":76}},"loc":{"start":{"line":472,"column":85},"end":{"line":472,"column":88}},"line":472},"27":{"name":"(anonymous_27)","decl":{"start":{"line":519,"column":2},"end":{"line":519,"column":3}},"loc":{"start":{"line":519,"column":50},"end":{"line":537,"column":4}},"line":519}},"branchMap":{"0":{"loc":{"start":{"line":12,"column":26},"end":{"line":12,"column":76}},"type":"binary-expr","locations":[{"start":{"line":12,"column":26},"end":{"line":12,"column":53}},{"start":{"line":12,"column":57},"end":{"line":12,"column":76}}],"line":12},"1":{"loc":{"start":{"line":13,"column":20},"end":{"line":13,"column":47}},"type":"binary-expr","locations":[{"start":{"line":13,"column":20},"end":{"line":13,"column":41}},{"start":{"line":13,"column":45},"end":{"line":13,"column":47}}],"line":13},"2":{"loc":{"start":{"line":14,"column":26},"end":{"line":14,"column":70}},"type":"binary-expr","locations":[{"start":{"line":14,"column":26},"end":{"line":14,"column":47}},{"start":{"line":14,"column":51},"end":{"line":14,"column":70}}],"line":14},"3":{"loc":{"start":{"line":17,"column":18},"end":{"line":17,"column":56}},"type":"binary-expr","locations":[{"start":{"line":17,"column":18},"end":{"line":17,"column":48}},{"start":{"line":17,"column":52},"end":{"line":17,"column":56}}],"line":17},"4":{"loc":{"start":{"line":22,"column":4},"end":{"line":27,"column":5}},"type":"if","locations":[{"start":{"line":22,"column":4},"end":{"line":27,"column":5}},{"start":{},"end":{}}],"line":22},"5":{"loc":{"start":{"line":22,"column":8},"end":{"line":22,"column":44}},"type":"binary-expr","locations":[{"start":{"line":22,"column":8},"end":{"line":22,"column":21}},{"start":{"line":22,"column":25},"end":{"line":22,"column":44}}],"line":22},"6":{"loc":{"start":{"line":24,"column":6},"end":{"line":26,"column":7}},"type":"if","locations":[{"start":{"line":24,"column":6},"end":{"line":26,"column":7}},{"start":{},"end":{}}],"line":24},"7":{"loc":{"start":{"line":24,"column":10},"end":{"line":24,"column":38}},"type":"binary-expr","locations":[{"start":{"line":24,"column":10},"end":{"line":24,"column":14}},{"start":{"line":24,"column":18},"end":{"line":24,"column":38}}],"line":24},"8":{"loc":{"start":{"line":71,"column":4},"end":{"line":73,"column":5}},"type":"if","locations":[{"start":{"line":71,"column":4},"end":{"line":73,"column":5}},{"start":{},"end":{}}],"line":71},"9":{"loc":{"start":{"line":71,"column":8},"end":{"line":71,"column":36}},"type":"binary-expr","locations":[{"start":{"line":71,"column":8},"end":{"line":71,"column":21}},{"start":{"line":71,"column":25},"end":{"line":71,"column":36}}],"line":71},"10":{"loc":{"start":{"line":98,"column":4},"end":{"line":139,"column":5}},"type":"if","locations":[{"start":{"line":98,"column":4},"end":{"line":139,"column":5}},{"start":{},"end":{}}],"line":98},"11":{"loc":{"start":{"line":98,"column":8},"end":{"line":98,"column":36}},"type":"binary-expr","locations":[{"start":{"line":98,"column":8},"end":{"line":98,"column":21}},{"start":{"line":98,"column":25},"end":{"line":98,"column":36}}],"line":98},"12":{"loc":{"start":{"line":101,"column":6},"end":{"line":138,"column":7}},"type":"if","locations":[{"start":{"line":101,"column":6},"end":{"line":138,"column":7}},{"start":{},"end":{}}],"line":101},"13":{"loc":{"start":{"line":103,"column":35},"end":{"line":103,"column":76}},"type":"binary-expr","locations":[{"start":{"line":103,"column":35},"end":{"line":103,"column":71}},{"start":{"line":103,"column":75},"end":{"line":103,"column":76}}],"line":103},"14":{"loc":{"start":{"line":110,"column":10},"end":{"line":110,"column":55}},"type":"binary-expr","locations":[{"start":{"line":110,"column":10},"end":{"line":110,"column":31}},{"start":{"line":110,"column":35},"end":{"line":110,"column":55}}],"line":110},"15":{"loc":{"start":{"line":112,"column":8},"end":{"line":116,"column":9}},"type":"if","locations":[{"start":{"line":112,"column":8},"end":{"line":116,"column":9}},{"start":{},"end":{}}],"line":112},"16":{"loc":{"start":{"line":127,"column":8},"end":{"line":131,"column":9}},"type":"if","locations":[{"start":{"line":127,"column":8},"end":{"line":131,"column":9}},{"start":{"line":129,"column":15},"end":{"line":131,"column":9}}],"line":127},"17":{"loc":{"start":{"line":129,"column":15},"end":{"line":131,"column":9}},"type":"if","locations":[{"start":{"line":129,"column":15},"end":{"line":131,"column":9}},{"start":{},"end":{}}],"line":129},"18":{"loc":{"start":{"line":143,"column":13},"end":{"line":143,"column":55}},"type":"binary-expr","locations":[{"start":{"line":143,"column":13},"end":{"line":143,"column":35}},{"start":{"line":143,"column":39},"end":{"line":143,"column":55}}],"line":143},"19":{"loc":{"start":{"line":160,"column":7},"end":{"line":160,"column":33}},"type":"cond-expr","locations":[{"start":{"line":160,"column":28},"end":{"line":160,"column":29}},{"start":{"line":160,"column":32},"end":{"line":160,"column":33}}],"line":160},"20":{"loc":{"start":{"line":184,"column":18},"end":{"line":184,"column":41}},"type":"binary-expr","locations":[{"start":{"line":184,"column":18},"end":{"line":184,"column":35}},{"start":{"line":184,"column":39},"end":{"line":184,"column":41}}],"line":184},"21":{"loc":{"start":{"line":248,"column":4},"end":{"line":249,"column":68}},"type":"if","locations":[{"start":{"line":248,"column":4},"end":{"line":249,"column":68}},{"start":{},"end":{}}],"line":248},"22":{"loc":{"start":{"line":250,"column":4},"end":{"line":250,"column":74}},"type":"if","locations":[{"start":{"line":250,"column":4},"end":{"line":250,"column":74}},{"start":{},"end":{}}],"line":250},"23":{"loc":{"start":{"line":251,"column":4},"end":{"line":251,"column":75}},"type":"if","locations":[{"start":{"line":251,"column":4},"end":{"line":251,"column":75}},{"start":{},"end":{}}],"line":251},"24":{"loc":{"start":{"line":252,"column":4},"end":{"line":252,"column":80}},"type":"if","locations":[{"start":{"line":252,"column":4},"end":{"line":252,"column":80}},{"start":{},"end":{}}],"line":252},"25":{"loc":{"start":{"line":311,"column":4},"end":{"line":313,"column":5}},"type":"if","locations":[{"start":{"line":311,"column":4},"end":{"line":313,"column":5}},{"start":{},"end":{}}],"line":311},"26":{"loc":{"start":{"line":314,"column":4},"end":{"line":316,"column":5}},"type":"if","locations":[{"start":{"line":314,"column":4},"end":{"line":316,"column":5}},{"start":{},"end":{}}],"line":314},"27":{"loc":{"start":{"line":317,"column":4},"end":{"line":319,"column":5}},"type":"if","locations":[{"start":{"line":317,"column":4},"end":{"line":319,"column":5}},{"start":{},"end":{}}],"line":317},"28":{"loc":{"start":{"line":317,"column":8},"end":{"line":317,"column":39}},"type":"binary-expr","locations":[{"start":{"line":317,"column":8},"end":{"line":317,"column":21}},{"start":{"line":317,"column":25},"end":{"line":317,"column":39}}],"line":317},"29":{"loc":{"start":{"line":320,"column":4},"end":{"line":322,"column":5}},"type":"if","locations":[{"start":{"line":320,"column":4},"end":{"line":322,"column":5}},{"start":{},"end":{}}],"line":320},"30":{"loc":{"start":{"line":320,"column":8},"end":{"line":320,"column":39}},"type":"binary-expr","locations":[{"start":{"line":320,"column":8},"end":{"line":320,"column":21}},{"start":{"line":320,"column":25},"end":{"line":320,"column":39}}],"line":320},"31":{"loc":{"start":{"line":324,"column":4},"end":{"line":326,"column":5}},"type":"if","locations":[{"start":{"line":324,"column":4},"end":{"line":326,"column":5}},{"start":{},"end":{}}],"line":324},"32":{"loc":{"start":{"line":324,"column":8},"end":{"line":324,"column":38}},"type":"binary-expr","locations":[{"start":{"line":324,"column":8},"end":{"line":324,"column":21}},{"start":{"line":324,"column":25},"end":{"line":324,"column":38}}],"line":324},"33":{"loc":{"start":{"line":325,"column":13},"end":{"line":325,"column":56}},"type":"cond-expr","locations":[{"start":{"line":325,"column":43},"end":{"line":325,"column":48}},{"start":{"line":325,"column":51},"end":{"line":325,"column":56}}],"line":325},"34":{"loc":{"start":{"line":328,"column":4},"end":{"line":330,"column":5}},"type":"if","locations":[{"start":{"line":328,"column":4},"end":{"line":330,"column":5}},{"start":{},"end":{}}],"line":328},"35":{"loc":{"start":{"line":328,"column":8},"end":{"line":328,"column":49}},"type":"binary-expr","locations":[{"start":{"line":328,"column":8},"end":{"line":328,"column":26}},{"start":{"line":328,"column":30},"end":{"line":328,"column":49}}],"line":328},"36":{"loc":{"start":{"line":331,"column":4},"end":{"line":333,"column":5}},"type":"if","locations":[{"start":{"line":331,"column":4},"end":{"line":333,"column":5}},{"start":{},"end":{}}],"line":331},"37":{"loc":{"start":{"line":331,"column":8},"end":{"line":331,"column":49}},"type":"binary-expr","locations":[{"start":{"line":331,"column":8},"end":{"line":331,"column":26}},{"start":{"line":331,"column":30},"end":{"line":331,"column":49}}],"line":331},"38":{"loc":{"start":{"line":334,"column":11},"end":{"line":334,"column":54}},"type":"cond-expr","locations":[{"start":{"line":334,"column":41},"end":{"line":334,"column":46}},{"start":{"line":334,"column":49},"end":{"line":334,"column":54}}],"line":334},"39":{"loc":{"start":{"line":338,"column":4},"end":{"line":340,"column":5}},"type":"if","locations":[{"start":{"line":338,"column":4},"end":{"line":340,"column":5}},{"start":{},"end":{}}],"line":338},"40":{"loc":{"start":{"line":346,"column":4},"end":{"line":348,"column":5}},"type":"if","locations":[{"start":{"line":346,"column":4},"end":{"line":348,"column":5}},{"start":{},"end":{}}],"line":346},"41":{"loc":{"start":{"line":350,"column":11},"end":{"line":350,"column":41}},"type":"cond-expr","locations":[{"start":{"line":350,"column":28},"end":{"line":350,"column":33}},{"start":{"line":350,"column":36},"end":{"line":350,"column":41}}],"line":350},"42":{"loc":{"start":{"line":371,"column":23},"end":{"line":371,"column":49}},"type":"cond-expr","locations":[{"start":{"line":371,"column":44},"end":{"line":371,"column":45}},{"start":{"line":371,"column":48},"end":{"line":371,"column":49}}],"line":371},"43":{"loc":{"start":{"line":381,"column":4},"end":{"line":383,"column":5}},"type":"if","locations":[{"start":{"line":381,"column":4},"end":{"line":383,"column":5}},{"start":{},"end":{}}],"line":381},"44":{"loc":{"start":{"line":385,"column":4},"end":{"line":387,"column":5}},"type":"if","locations":[{"start":{"line":385,"column":4},"end":{"line":387,"column":5}},{"start":{},"end":{}}],"line":385},"45":{"loc":{"start":{"line":389,"column":4},"end":{"line":391,"column":5}},"type":"if","locations":[{"start":{"line":389,"column":4},"end":{"line":391,"column":5}},{"start":{},"end":{}}],"line":389},"46":{"loc":{"start":{"line":399,"column":4},"end":{"line":402,"column":5}},"type":"if","locations":[{"start":{"line":399,"column":4},"end":{"line":402,"column":5}},{"start":{},"end":{}}],"line":399},"47":{"loc":{"start":{"line":404,"column":4},"end":{"line":407,"column":5}},"type":"if","locations":[{"start":{"line":404,"column":4},"end":{"line":407,"column":5}},{"start":{},"end":{}}],"line":404},"48":{"loc":{"start":{"line":409,"column":4},"end":{"line":412,"column":5}},"type":"if","locations":[{"start":{"line":409,"column":4},"end":{"line":412,"column":5}},{"start":{},"end":{}}],"line":409},"49":{"loc":{"start":{"line":414,"column":4},"end":{"line":416,"column":5}},"type":"if","locations":[{"start":{"line":414,"column":4},"end":{"line":416,"column":5}},{"start":{},"end":{}}],"line":414},"50":{"loc":{"start":{"line":425,"column":4},"end":{"line":433,"column":5}},"type":"if","locations":[{"start":{"line":425,"column":4},"end":{"line":433,"column":5}},{"start":{},"end":{}}],"line":425},"51":{"loc":{"start":{"line":425,"column":8},"end":{"line":425,"column":32}},"type":"binary-expr","locations":[{"start":{"line":425,"column":8},"end":{"line":425,"column":15}},{"start":{"line":425,"column":19},"end":{"line":425,"column":32}}],"line":425},"52":{"loc":{"start":{"line":430,"column":6},"end":{"line":432,"column":7}},"type":"if","locations":[{"start":{"line":430,"column":6},"end":{"line":432,"column":7}},{"start":{},"end":{}}],"line":430},"53":{"loc":{"start":{"line":430,"column":10},"end":{"line":430,"column":92}},"type":"binary-expr","locations":[{"start":{"line":430,"column":10},"end":{"line":430,"column":31}},{"start":{"line":430,"column":35},"end":{"line":430,"column":92}}],"line":430},"54":{"loc":{"start":{"line":435,"column":4},"end":{"line":465,"column":5}},"type":"if","locations":[{"start":{"line":435,"column":4},"end":{"line":465,"column":5}},{"start":{},"end":{}}],"line":435},"55":{"loc":{"start":{"line":435,"column":8},"end":{"line":435,"column":32}},"type":"binary-expr","locations":[{"start":{"line":435,"column":8},"end":{"line":435,"column":21}},{"start":{"line":435,"column":25},"end":{"line":435,"column":32}}],"line":435},"56":{"loc":{"start":{"line":442,"column":6},"end":{"line":464,"column":7}},"type":"if","locations":[{"start":{"line":442,"column":6},"end":{"line":464,"column":7}},{"start":{},"end":{}}],"line":442},"57":{"loc":{"start":{"line":442,"column":10},"end":{"line":442,"column":58}},"type":"binary-expr","locations":[{"start":{"line":442,"column":10},"end":{"line":442,"column":23}},{"start":{"line":442,"column":27},"end":{"line":442,"column":58}}],"line":442},"58":{"loc":{"start":{"line":444,"column":8},"end":{"line":463,"column":9}},"type":"if","locations":[{"start":{"line":444,"column":8},"end":{"line":463,"column":9}},{"start":{"line":450,"column":15},"end":{"line":463,"column":9}}],"line":444},"59":{"loc":{"start":{"line":450,"column":15},"end":{"line":463,"column":9}},"type":"if","locations":[{"start":{"line":450,"column":15},"end":{"line":463,"column":9}},{"start":{"line":456,"column":15},"end":{"line":463,"column":9}}],"line":450},"60":{"loc":{"start":{"line":467,"column":4},"end":{"line":476,"column":5}},"type":"if","locations":[{"start":{"line":467,"column":4},"end":{"line":476,"column":5}},{"start":{},"end":{}}],"line":467},"61":{"loc":{"start":{"line":467,"column":7},"end":{"line":467,"column":26}},"type":"binary-expr","locations":[{"start":{"line":467,"column":7},"end":{"line":467,"column":14}},{"start":{"line":467,"column":18},"end":{"line":467,"column":26}}],"line":467},"62":{"loc":{"start":{"line":468,"column":31},"end":{"line":468,"column":100}},"type":"cond-expr","locations":[{"start":{"line":468,"column":65},"end":{"line":468,"column":96}},{"start":{"line":468,"column":99},"end":{"line":468,"column":100}}],"line":468},"63":{"loc":{"start":{"line":471,"column":6},"end":{"line":473,"column":7}},"type":"if","locations":[{"start":{"line":471,"column":6},"end":{"line":473,"column":7}},{"start":{},"end":{}}],"line":471},"64":{"loc":{"start":{"line":474,"column":32},"end":{"line":474,"column":60}},"type":"cond-expr","locations":[{"start":{"line":474,"column":46},"end":{"line":474,"column":53}},{"start":{"line":474,"column":56},"end":{"line":474,"column":60}}],"line":474},"65":{"loc":{"start":{"line":511,"column":4},"end":{"line":515,"column":5}},"type":"if","locations":[{"start":{"line":511,"column":4},"end":{"line":515,"column":5}},{"start":{},"end":{}}],"line":511},"66":{"loc":{"start":{"line":511,"column":7},"end":{"line":511,"column":43}},"type":"binary-expr","locations":[{"start":{"line":511,"column":8},"end":{"line":511,"column":15}},{"start":{"line":511,"column":19},"end":{"line":511,"column":27}},{"start":{"line":511,"column":32},"end":{"line":511,"column":43}}],"line":511}},"s":{"0":31,"1":31,"2":31,"3":31,"4":31,"5":31,"6":31,"7":31,"8":31,"9":31,"10":31,"11":31,"12":11,"13":11,"14":10,"15":31,"16":31,"17":31,"18":31,"19":31,"20":31,"21":31,"22":31,"23":31,"24":31,"25":0,"26":0,"27":17,"28":14,"29":17,"30":17,"31":153,"32":17,"33":17,"34":14,"35":14,"36":14,"37":14,"38":14,"39":0,"40":14,"41":3,"42":14,"43":14,"44":14,"45":5,"46":9,"47":4,"48":14,"49":14,"50":17,"51":153,"52":17,"53":17,"54":17,"55":17,"56":17,"57":17,"58":1,"59":1,"60":1,"61":1,"62":1,"63":1,"64":1,"65":1,"66":0,"67":0,"68":0,"69":0,"70":0,"71":3,"72":3,"73":0,"74":0,"75":0,"76":0,"77":0,"78":0,"79":2,"80":0,"81":2,"82":0,"83":2,"84":0,"85":2,"86":0,"87":2,"88":0,"89":0,"90":0,"91":0,"92":0,"93":0,"94":0,"95":0,"96":0,"97":0,"98":0,"99":0,"100":0,"101":0,"102":0,"103":0,"104":0,"105":0,"106":0,"107":0,"108":0,"109":0,"110":0,"111":0,"112":0,"113":0,"114":0,"115":0,"116":0,"117":0,"118":0,"119":0,"120":0,"121":0,"122":0,"123":0,"124":0,"125":2,"126":2,"127":2,"128":2,"129":2,"130":2,"131":10,"132":2,"133":10,"134":2,"135":2,"136":2,"137":0,"138":2,"139":1,"140":2,"141":0,"142":2,"143":2,"144":2,"145":2,"146":1,"147":1,"148":2,"149":0,"150":0,"151":2,"152":0,"153":0,"154":2,"155":0,"156":2,"157":2,"158":2,"159":2,"160":2,"161":2,"162":0,"163":0,"164":0,"165":2,"166":2,"167":2,"168":2,"169":2,"170":0,"171":2,"172":0,"173":2,"174":2,"175":2,"176":2,"177":2,"178":2,"179":0,"180":0,"181":2,"182":2,"183":2,"184":2,"185":2,"186":2,"187":2,"188":2,"189":0,"190":0,"191":2,"192":0,"193":0,"194":0,"195":0,"196":1},"f":{"0":31,"1":0,"2":0,"3":17,"4":153,"5":0,"6":153,"7":1,"8":0,"9":0,"10":0,"11":3,"12":0,"13":0,"14":0,"15":2,"16":0,"17":0,"18":0,"19":0,"20":0,"21":2,"22":2,"23":2,"24":10,"25":10,"26":0,"27":0},"b":{"0":[31,0],"1":[31,31],"2":[31,31],"3":[31,11],"4":[11,20],"5":[31,13],"6":[10,1],"7":[11,10],"8":[14,3],"9":[17,14],"10":[14,3],"11":[17,14],"12":[14,0],"13":[14,0],"14":[0,0],"15":[3,11],"16":[5,9],"17":[4,5],"18":[153,27],"19":[1,16],"20":[17,2],"21":[0,2],"22":[0,2],"23":[0,2],"24":[0,2],"25":[0,0],"26":[0,0],"27":[0,0],"28":[0,0],"29":[0,0],"30":[0,0],"31":[0,0],"32":[0,0],"33":[0,0],"34":[0,0],"35":[0,0],"36":[0,0],"37":[0,0],"38":[0,0],"39":[0,0],"40":[0,0],"41":[0,0],"42":[0,2],"43":[0,2],"44":[1,1],"45":[0,2],"46":[1,1],"47":[0,2],"48":[0,2],"49":[0,2],"50":[0,2],"51":[2,0],"52":[0,0],"53":[0,0],"54":[2,0],"55":[2,2],"56":[2,0],"57":[2,2],"58":[0,2],"59":[0,2],"60":[2,0],"61":[2,0],"62":[2,0],"63":[0,2],"64":[2,0],"65":[0,2],"66":[2,0,2]},"_coverageSchema":"1a1c01bbd47fc00a2c39e90264f33305004495a9","hash":"3c3d31ff192fb55bb0a33c35b01ee08d8f479311"}
,"/home/foundryvtt/OneDrive/Rol/FoundryVTT/Data/systems/fading-suns/module/documents/actor.mjs": {"path":"/home/foundryvtt/OneDrive/Rol/FoundryVTT/Data/systems/fading-suns/module/documents/actor.mjs","statementMap":{"0":{"start":{"line":12,"column":4},"end":{"line":12,"column":24}},"1":{"start":{"line":31,"column":22},"end":{"line":31,"column":26}},"2":{"start":{"line":32,"column":23},"end":{"line":32,"column":39}},"3":{"start":{"line":33,"column":18},"end":{"line":33,"column":50}},"4":{"start":{"line":37,"column":4},"end":{"line":37,"column":42}},"5":{"start":{"line":38,"column":4},"end":{"line":38,"column":36}},"6":{"start":{"line":41,"column":4},"end":{"line":41,"column":42}},"7":{"start":{"line":50,"column":4},"end":{"line":50,"column":47}},"8":{"start":{"line":50,"column":40},"end":{"line":50,"column":47}},"9":{"start":{"line":53,"column":23},"end":{"line":53,"column":39}},"10":{"start":{"line":56,"column":4},"end":{"line":59,"column":5}},"11":{"start":{"line":58,"column":6},"end":{"line":58,"column":57}},"12":{"start":{"line":68,"column":4},"end":{"line":68,"column":41}},"13":{"start":{"line":68,"column":34},"end":{"line":68,"column":41}},"14":{"start":{"line":71,"column":23},"end":{"line":71,"column":39}},"15":{"start":{"line":72,"column":4},"end":{"line":72,"column":56}},"16":{"start":{"line":81,"column":4},"end":{"line":81,"column":42}},"17":{"start":{"line":81,"column":35},"end":{"line":81,"column":42}},"18":{"start":{"line":85,"column":4},"end":{"line":91,"column":5}},"19":{"start":{"line":86,"column":6},"end":{"line":86,"column":84}},"20":{"start":{"line":86,"column":43},"end":{"line":86,"column":82}},"21":{"start":{"line":87,"column":11},"end":{"line":91,"column":5}},"22":{"start":{"line":89,"column":25},"end":{"line":89,"column":88}},"23":{"start":{"line":89,"column":48},"end":{"line":89,"column":87}},"24":{"start":{"line":90,"column":6},"end":{"line":90,"column":67}},"25":{"start":{"line":94,"column":4},"end":{"line":104,"column":5}},"26":{"start":{"line":96,"column":6},"end":{"line":103,"column":7}},"27":{"start":{"line":98,"column":8},"end":{"line":102,"column":9}},"28":{"start":{"line":99,"column":10},"end":{"line":99,"column":42}},"29":{"start":{"line":100,"column":10},"end":{"line":100,"column":86}},"30":{"start":{"line":101,"column":10},"end":{"line":101,"column":43}},"31":{"start":{"line":113,"column":17},"end":{"line":113,"column":35}},"32":{"start":{"line":116,"column":4},"end":{"line":116,"column":37}},"33":{"start":{"line":117,"column":4},"end":{"line":117,"column":31}},"34":{"start":{"line":119,"column":4},"end":{"line":119,"column":16}},"35":{"start":{"line":128,"column":4},"end":{"line":128,"column":42}},"36":{"start":{"line":128,"column":35},"end":{"line":128,"column":42}},"37":{"start":{"line":132,"column":4},"end":{"line":136,"column":5}},"38":{"start":{"line":133,"column":6},"end":{"line":135,"column":7}},"39":{"start":{"line":134,"column":8},"end":{"line":134,"column":45}},"40":{"start":{"line":139,"column":4},"end":{"line":141,"column":5}},"41":{"start":{"line":140,"column":6},"end":{"line":140,"column":50}},"42":{"start":{"line":150,"column":4},"end":{"line":150,"column":36}},"43":{"start":{"line":150,"column":29},"end":{"line":150,"column":36}},"44":{"start":{"line":160,"column":4},"end":{"line":160,"column":60}}},"fnMap":{"0":{"name":"(anonymous_0)","decl":{"start":{"line":7,"column":2},"end":{"line":7,"column":3}},"loc":{"start":{"line":7,"column":16},"end":{"line":13,"column":3}},"line":7},"1":{"name":"(anonymous_1)","decl":{"start":{"line":16,"column":2},"end":{"line":16,"column":3}},"loc":{"start":{"line":16,"column":20},"end":{"line":19,"column":3}},"line":16},"2":{"name":"(anonymous_2)","decl":{"start":{"line":30,"column":2},"end":{"line":30,"column":3}},"loc":{"start":{"line":30,"column":23},"end":{"line":42,"column":3}},"line":30},"3":{"name":"(anonymous_3)","decl":{"start":{"line":49,"column":2},"end":{"line":49,"column":3}},"loc":{"start":{"line":49,"column":35},"end":{"line":60,"column":3}},"line":49},"4":{"name":"(anonymous_4)","decl":{"start":{"line":67,"column":2},"end":{"line":67,"column":3}},"loc":{"start":{"line":67,"column":29},"end":{"line":73,"column":3}},"line":67},"5":{"name":"(anonymous_5)","decl":{"start":{"line":79,"column":2},"end":{"line":79,"column":3}},"loc":{"start":{"line":79,"column":35},"end":{"line":105,"column":3}},"line":79},"6":{"name":"(anonymous_6)","decl":{"start":{"line":86,"column":38},"end":{"line":86,"column":39}},"loc":{"start":{"line":86,"column":43},"end":{"line":86,"column":82}},"line":86},"7":{"name":"(anonymous_7)","decl":{"start":{"line":89,"column":43},"end":{"line":89,"column":44}},"loc":{"start":{"line":89,"column":48},"end":{"line":89,"column":87}},"line":89},"8":{"name":"(anonymous_8)","decl":{"start":{"line":111,"column":2},"end":{"line":111,"column":3}},"loc":{"start":{"line":111,"column":16},"end":{"line":120,"column":3}},"line":111},"9":{"name":"(anonymous_9)","decl":{"start":{"line":127,"column":2},"end":{"line":127,"column":3}},"loc":{"start":{"line":127,"column":30},"end":{"line":142,"column":3}},"line":127},"10":{"name":"(anonymous_10)","decl":{"start":{"line":149,"column":2},"end":{"line":149,"column":3}},"loc":{"start":{"line":149,"column":24},"end":{"line":153,"column":3}},"line":149},"11":{"name":"(anonymous_11)","decl":{"start":{"line":159,"column":2},"end":{"line":159,"column":3}},"loc":{"start":{"line":159,"column":28},"end":{"line":161,"column":3}},"line":159}},"branchMap":{"0":{"loc":{"start":{"line":33,"column":18},"end":{"line":33,"column":50}},"type":"binary-expr","locations":[{"start":{"line":33,"column":18},"end":{"line":33,"column":44}},{"start":{"line":33,"column":48},"end":{"line":33,"column":50}}],"line":33},"1":{"loc":{"start":{"line":50,"column":4},"end":{"line":50,"column":47}},"type":"if","locations":[{"start":{"line":50,"column":4},"end":{"line":50,"column":47}},{"start":{},"end":{}}],"line":50},"2":{"loc":{"start":{"line":56,"column":46},"end":{"line":56,"column":72}},"type":"binary-expr","locations":[{"start":{"line":56,"column":46},"end":{"line":56,"column":66}},{"start":{"line":56,"column":70},"end":{"line":56,"column":72}}],"line":56},"3":{"loc":{"start":{"line":68,"column":4},"end":{"line":68,"column":41}},"type":"if","locations":[{"start":{"line":68,"column":4},"end":{"line":68,"column":41}},{"start":{},"end":{}}],"line":68},"4":{"loc":{"start":{"line":81,"column":4},"end":{"line":81,"column":42}},"type":"if","locations":[{"start":{"line":81,"column":4},"end":{"line":81,"column":42}},{"start":{},"end":{}}],"line":81},"5":{"loc":{"start":{"line":85,"column":4},"end":{"line":91,"column":5}},"type":"if","locations":[{"start":{"line":85,"column":4},"end":{"line":91,"column":5}},{"start":{"line":87,"column":11},"end":{"line":91,"column":5}}],"line":85},"6":{"loc":{"start":{"line":86,"column":43},"end":{"line":86,"column":82}},"type":"binary-expr","locations":[{"start":{"line":86,"column":43},"end":{"line":86,"column":61}},{"start":{"line":86,"column":65},"end":{"line":86,"column":82}}],"line":86},"7":{"loc":{"start":{"line":87,"column":11},"end":{"line":91,"column":5}},"type":"if","locations":[{"start":{"line":87,"column":11},"end":{"line":91,"column":5}},{"start":{},"end":{}}],"line":87},"8":{"loc":{"start":{"line":87,"column":15},"end":{"line":87,"column":68}},"type":"binary-expr","locations":[{"start":{"line":87,"column":15},"end":{"line":87,"column":25}},{"start":{"line":87,"column":29},"end":{"line":87,"column":68}}],"line":87},"9":{"loc":{"start":{"line":89,"column":48},"end":{"line":89,"column":87}},"type":"binary-expr","locations":[{"start":{"line":89,"column":48},"end":{"line":89,"column":66}},{"start":{"line":89,"column":70},"end":{"line":89,"column":87}}],"line":89},"10":{"loc":{"start":{"line":90,"column":22},"end":{"line":90,"column":66}},"type":"cond-expr","locations":[{"start":{"line":90,"column":46},"end":{"line":90,"column":59}},{"start":{"line":90,"column":62},"end":{"line":90,"column":66}}],"line":90},"11":{"loc":{"start":{"line":94,"column":4},"end":{"line":104,"column":5}},"type":"if","locations":[{"start":{"line":94,"column":4},"end":{"line":104,"column":5}},{"start":{},"end":{}}],"line":94},"12":{"loc":{"start":{"line":96,"column":6},"end":{"line":103,"column":7}},"type":"if","locations":[{"start":{"line":96,"column":6},"end":{"line":103,"column":7}},{"start":{},"end":{}}],"line":96},"13":{"loc":{"start":{"line":98,"column":8},"end":{"line":102,"column":9}},"type":"if","locations":[{"start":{"line":98,"column":8},"end":{"line":102,"column":9}},{"start":{},"end":{}}],"line":98},"14":{"loc":{"start":{"line":128,"column":4},"end":{"line":128,"column":42}},"type":"if","locations":[{"start":{"line":128,"column":4},"end":{"line":128,"column":42}},{"start":{},"end":{}}],"line":128},"15":{"loc":{"start":{"line":132,"column":4},"end":{"line":136,"column":5}},"type":"if","locations":[{"start":{"line":132,"column":4},"end":{"line":136,"column":5}},{"start":{},"end":{}}],"line":132},"16":{"loc":{"start":{"line":139,"column":4},"end":{"line":141,"column":5}},"type":"if","locations":[{"start":{"line":139,"column":4},"end":{"line":141,"column":5}},{"start":{},"end":{}}],"line":139},"17":{"loc":{"start":{"line":140,"column":17},"end":{"line":140,"column":49}},"type":"binary-expr","locations":[{"start":{"line":140,"column":17},"end":{"line":140,"column":44}},{"start":{"line":140,"column":48},"end":{"line":140,"column":49}}],"line":140},"18":{"loc":{"start":{"line":150,"column":4},"end":{"line":150,"column":36}},"type":"if","locations":[{"start":{"line":150,"column":4},"end":{"line":150,"column":36}},{"start":{},"end":{}}],"line":150}},"s":{"0":0,"1":1,"2":1,"3":1,"4":1,"5":1,"6":1,"7":3,"8":1,"9":2,"10":2,"11":6,"12":3,"13":2,"14":1,"15":1,"16":1,"17":0,"18":1,"19":0,"20":0,"21":1,"22":0,"23":0,"24":0,"25":1,"26":0,"27":0,"28":0,"29":0,"30":0,"31":1,"32":1,"33":1,"34":1,"35":3,"36":1,"37":2,"38":2,"39":6,"40":2,"41":2,"42":3,"43":2,"44":0},"f":{"0":0,"1":0,"2":1,"3":3,"4":3,"5":1,"6":0,"7":0,"8":1,"9":3,"10":3,"11":0},"b":{"0":[1,0],"1":[1,2],"2":[2,0],"3":[2,1],"4":[0,1],"5":[0,1],"6":[0,0],"7":[0,1],"8":[1,1],"9":[0,0],"10":[0,0],"11":[0,1],"12":[0,0],"13":[0,0],"14":[1,2],"15":[2,0],"16":[2,0],"17":[2,0],"18":[2,1]},"_coverageSchema":"1a1c01bbd47fc00a2c39e90264f33305004495a9","hash":"61ce8e2a67506d1bb8741f79f72b796d725aad98"}
,"/home/foundryvtt/OneDrive/Rol/FoundryVTT/Data/systems/fading-suns/module/documents/item.mjs": {"path":"/home/foundryvtt/OneDrive/Rol/FoundryVTT/Data/systems/fading-suns/module/documents/item.mjs","statementMap":{"0":{"start":{"line":14,"column":4},"end":{"line":14,"column":24}},"1":{"start":{"line":23,"column":4},"end":{"line":25,"column":5}},"2":{"start":{"line":24,"column":6},"end":{"line":24,"column":35}},"3":{"start":{"line":35,"column":21},"end":{"line":35,"column":39}},"4":{"start":{"line":38,"column":4},"end":{"line":38,"column":37}},"5":{"start":{"line":38,"column":21},"end":{"line":38,"column":37}},"6":{"start":{"line":41,"column":4},"end":{"line":41,"column":46}},"7":{"start":{"line":43,"column":4},"end":{"line":43,"column":20}},"8":{"start":{"line":53,"column":21},"end":{"line":53,"column":40}},"9":{"start":{"line":56,"column":4},"end":{"line":58,"column":5}},"10":{"start":{"line":57,"column":6},"end":{"line":57,"column":54}},"11":{"start":{"line":61,"column":4},"end":{"line":61,"column":45}},"12":{"start":{"line":70,"column":20},"end":{"line":70,"column":65}},"13":{"start":{"line":71,"column":21},"end":{"line":71,"column":58}},"14":{"start":{"line":72,"column":18},"end":{"line":72,"column":47}},"15":{"start":{"line":74,"column":4},"end":{"line":74,"column":40}},"16":{"start":{"line":84,"column":4},"end":{"line":89,"column":7}},"17":{"start":{"line":100,"column":21},"end":{"line":100,"column":39}},"18":{"start":{"line":103,"column":17},"end":{"line":103,"column":53}},"19":{"start":{"line":109,"column":4},"end":{"line":113,"column":7}},"20":{"start":{"line":115,"column":4},"end":{"line":115,"column":16}}},"fnMap":{"0":{"name":"(anonymous_0)","decl":{"start":{"line":9,"column":2},"end":{"line":9,"column":3}},"loc":{"start":{"line":9,"column":16},"end":{"line":15,"column":3}},"line":9},"1":{"name":"(anonymous_1)","decl":{"start":{"line":18,"column":2},"end":{"line":18,"column":3}},"loc":{"start":{"line":18,"column":20},"end":{"line":26,"column":3}},"line":18},"2":{"name":"(anonymous_2)","decl":{"start":{"line":33,"column":2},"end":{"line":33,"column":3}},"loc":{"start":{"line":33,"column":16},"end":{"line":44,"column":3}},"line":33},"3":{"name":"(anonymous_3)","decl":{"start":{"line":51,"column":2},"end":{"line":51,"column":3}},"loc":{"start":{"line":51,"column":20},"end":{"line":62,"column":3}},"line":51},"4":{"name":"(anonymous_4)","decl":{"start":{"line":69,"column":2},"end":{"line":69,"column":3}},"loc":{"start":{"line":69,"column":17},"end":{"line":75,"column":3}},"line":69},"5":{"name":"(anonymous_5)","decl":{"start":{"line":83,"column":2},"end":{"line":83,"column":3}},"loc":{"start":{"line":83,"column":44},"end":{"line":90,"column":3}},"line":83},"6":{"name":"(anonymous_6)","decl":{"start":{"line":98,"column":2},"end":{"line":98,"column":3}},"loc":{"start":{"line":98,"column":37},"end":{"line":116,"column":3}},"line":98}},"branchMap":{"0":{"loc":{"start":{"line":23,"column":4},"end":{"line":25,"column":5}},"type":"if","locations":[{"start":{"line":23,"column":4},"end":{"line":25,"column":5}},{"start":{},"end":{}}],"line":23},"1":{"loc":{"start":{"line":23,"column":8},"end":{"line":23,"column":67}},"type":"binary-expr","locations":[{"start":{"line":23,"column":8},"end":{"line":23,"column":29}},{"start":{"line":23,"column":33},"end":{"line":23,"column":67}}],"line":23},"2":{"loc":{"start":{"line":38,"column":4},"end":{"line":38,"column":37}},"type":"if","locations":[{"start":{"line":38,"column":4},"end":{"line":38,"column":37}},{"start":{},"end":{}}],"line":38},"3":{"loc":{"start":{"line":56,"column":4},"end":{"line":58,"column":5}},"type":"if","locations":[{"start":{"line":56,"column":4},"end":{"line":58,"column":5}},{"start":{},"end":{}}],"line":56},"4":{"loc":{"start":{"line":88,"column":15},"end":{"line":88,"column":44}},"type":"binary-expr","locations":[{"start":{"line":88,"column":15},"end":{"line":88,"column":38}},{"start":{"line":88,"column":42},"end":{"line":88,"column":44}}],"line":88}},"s":{"0":0,"1":0,"2":0,"3":5,"4":5,"5":1,"6":4,"7":4,"8":3,"9":3,"10":1,"11":2,"12":3,"13":3,"14":3,"15":3,"16":1,"17":2,"18":2,"19":2,"20":2},"f":{"0":0,"1":0,"2":5,"3":3,"4":3,"5":1,"6":2},"b":{"0":[0,0],"1":[0,0],"2":[1,4],"3":[1,2],"4":[1,0]},"_coverageSchema":"1a1c01bbd47fc00a2c39e90264f33305004495a9","hash":"38131ed629f47bc3c531249e189e1b2923ed32f2"}
,"/home/foundryvtt/OneDrive/Rol/FoundryVTT/Data/systems/fading-suns/module/helpers/combat.mjs": {"path":"/home/foundryvtt/OneDrive/Rol/FoundryVTT/Data/systems/fading-suns/module/helpers/combat.mjs","statementMap":{"0":{"start":{"line":9,"column":33},"end":{"line":18,"column":1}},"1":{"start":{"line":24,"column":35},"end":{"line":47,"column":1}},"2":{"start":{"line":53,"column":36},"end":{"line":62,"column":1}},"3":{"start":{"line":70,"column":2},"end":{"line":70,"column":31}},"4":{"start":{"line":70,"column":21},"end":{"line":70,"column":31}},"5":{"start":{"line":72,"column":21},"end":{"line":72,"column":23}},"6":{"start":{"line":73,"column":28},"end":{"line":73,"column":54}},"7":{"start":{"line":76,"column":2},"end":{"line":83,"column":5}},"8":{"start":{"line":77,"column":4},"end":{"line":82,"column":5}},"9":{"start":{"line":78,"column":27},"end":{"line":78,"column":60}},"10":{"start":{"line":79,"column":6},"end":{"line":81,"column":7}},"11":{"start":{"line":80,"column":8},"end":{"line":80,"column":38}},"12":{"start":{"line":85,"column":2},"end":{"line":85,"column":20}},"13":{"start":{"line":96,"column":2},"end":{"line":99,"column":3}},"14":{"start":{"line":98,"column":4},"end":{"line":98,"column":26}},"15":{"start":{"line":102,"column":28},"end":{"line":102,"column":42}},"16":{"start":{"line":103,"column":22},"end":{"line":103,"column":27}},"17":{"start":{"line":106,"column":2},"end":{"line":120,"column":3}},"18":{"start":{"line":107,"column":31},"end":{"line":107,"column":61}},"19":{"start":{"line":109,"column":4},"end":{"line":119,"column":5}},"20":{"start":{"line":111,"column":33},"end":{"line":111,"column":82}},"21":{"start":{"line":114,"column":6},"end":{"line":116,"column":7}},"22":{"start":{"line":115,"column":8},"end":{"line":115,"column":49}},"23":{"start":{"line":118,"column":6},"end":{"line":118,"column":27}},"24":{"start":{"line":123,"column":2},"end":{"line":125,"column":3}},"25":{"start":{"line":124,"column":4},"end":{"line":124,"column":62}},"26":{"start":{"line":128,"column":2},"end":{"line":131,"column":3}},"27":{"start":{"line":130,"column":4},"end":{"line":130,"column":28}},"28":{"start":{"line":133,"column":2},"end":{"line":133,"column":29}},"29":{"start":{"line":142,"column":2},"end":{"line":142,"column":48}},"30":{"start":{"line":142,"column":28},"end":{"line":142,"column":48}},"31":{"start":{"line":143,"column":2},"end":{"line":143,"column":42}},"32":{"start":{"line":143,"column":28},"end":{"line":143,"column":42}},"33":{"start":{"line":144,"column":2},"end":{"line":144,"column":42}},"34":{"start":{"line":144,"column":28},"end":{"line":144,"column":42}},"35":{"start":{"line":145,"column":2},"end":{"line":145,"column":47}},"36":{"start":{"line":145,"column":28},"end":{"line":145,"column":47}},"37":{"start":{"line":146,"column":2},"end":{"line":146,"column":43}},"38":{"start":{"line":146,"column":28},"end":{"line":146,"column":43}},"39":{"start":{"line":147,"column":2},"end":{"line":147,"column":45}},"40":{"start":{"line":147,"column":29},"end":{"line":147,"column":45}},"41":{"start":{"line":148,"column":2},"end":{"line":148,"column":48}},"42":{"start":{"line":148,"column":29},"end":{"line":148,"column":48}},"43":{"start":{"line":149,"column":2},"end":{"line":149,"column":22}}},"fnMap":{"0":{"name":"parseAttackProperties","decl":{"start":{"line":69,"column":16},"end":{"line":69,"column":37}},"loc":{"start":{"line":69,"column":52},"end":{"line":86,"column":1}},"line":69},"1":{"name":"(anonymous_1)","decl":{"start":{"line":76,"column":43},"end":{"line":76,"column":44}},"loc":{"start":{"line":76,"column":59},"end":{"line":83,"column":3}},"line":76},"2":{"name":"calculateEffectiveResistance","decl":{"start":{"line":95,"column":16},"end":{"line":95,"column":44}},"loc":{"start":{"line":95,"column":97},"end":{"line":134,"column":1}},"line":95},"3":{"name":"getResistanceLevel","decl":{"start":{"line":141,"column":16},"end":{"line":141,"column":34}},"loc":{"start":{"line":141,"column":52},"end":{"line":150,"column":1}},"line":141}},"branchMap":{"0":{"loc":{"start":{"line":70,"column":2},"end":{"line":70,"column":31}},"type":"if","locations":[{"start":{"line":70,"column":2},"end":{"line":70,"column":31}},{"start":{},"end":{}}],"line":70},"1":{"loc":{"start":{"line":77,"column":4},"end":{"line":82,"column":5}},"type":"if","locations":[{"start":{"line":77,"column":4},"end":{"line":82,"column":5}},{"start":{},"end":{}}],"line":77},"2":{"loc":{"start":{"line":79,"column":6},"end":{"line":81,"column":7}},"type":"if","locations":[{"start":{"line":79,"column":6},"end":{"line":81,"column":7}},{"start":{},"end":{}}],"line":79},"3":{"loc":{"start":{"line":96,"column":2},"end":{"line":99,"column":3}},"type":"if","locations":[{"start":{"line":96,"column":2},"end":{"line":99,"column":3}},{"start":{},"end":{}}],"line":96},"4":{"loc":{"start":{"line":96,"column":6},"end":{"line":96,"column":56}},"type":"binary-expr","locations":[{"start":{"line":96,"column":6},"end":{"line":96,"column":23}},{"start":{"line":96,"column":27},"end":{"line":96,"column":56}}],"line":96},"5":{"loc":{"start":{"line":109,"column":4},"end":{"line":119,"column":5}},"type":"if","locations":[{"start":{"line":109,"column":4},"end":{"line":119,"column":5}},{"start":{},"end":{}}],"line":109},"6":{"loc":{"start":{"line":109,"column":8},"end":{"line":109,"column":86}},"type":"binary-expr","locations":[{"start":{"line":109,"column":8},"end":{"line":109,"column":26}},{"start":{"line":109,"column":30},"end":{"line":109,"column":46}},{"start":{"line":109,"column":50},"end":{"line":109,"column":86}}],"line":109},"7":{"loc":{"start":{"line":111,"column":33},"end":{"line":111,"column":82}},"type":"binary-expr","locations":[{"start":{"line":111,"column":33},"end":{"line":111,"column":77}},{"start":{"line":111,"column":81},"end":{"line":111,"column":82}}],"line":111},"8":{"loc":{"start":{"line":114,"column":6},"end":{"line":116,"column":7}},"type":"if","locations":[{"start":{"line":114,"column":6},"end":{"line":116,"column":7}},{"start":{},"end":{}}],"line":114},"9":{"loc":{"start":{"line":123,"column":2},"end":{"line":125,"column":3}},"type":"if","locations":[{"start":{"line":123,"column":2},"end":{"line":125,"column":3}},{"start":{},"end":{}}],"line":123},"10":{"loc":{"start":{"line":123,"column":6},"end":{"line":123,"column":51}},"type":"binary-expr","locations":[{"start":{"line":123,"column":6},"end":{"line":123,"column":20}},{"start":{"line":123,"column":24},"end":{"line":123,"column":51}}],"line":123},"11":{"loc":{"start":{"line":128,"column":2},"end":{"line":131,"column":3}},"type":"if","locations":[{"start":{"line":128,"column":2},"end":{"line":131,"column":3}},{"start":{},"end":{}}],"line":128},"12":{"loc":{"start":{"line":128,"column":6},"end":{"line":129,"column":62}},"type":"binary-expr","locations":[{"start":{"line":128,"column":6},"end":{"line":128,"column":56}},{"start":{"line":129,"column":7},"end":{"line":129,"column":24}},{"start":{"line":129,"column":28},"end":{"line":129,"column":61}}],"line":128},"13":{"loc":{"start":{"line":142,"column":2},"end":{"line":142,"column":48}},"type":"if","locations":[{"start":{"line":142,"column":2},"end":{"line":142,"column":48}},{"start":{},"end":{}}],"line":142},"14":{"loc":{"start":{"line":143,"column":2},"end":{"line":143,"column":42}},"type":"if","locations":[{"start":{"line":143,"column":2},"end":{"line":143,"column":42}},{"start":{},"end":{}}],"line":143},"15":{"loc":{"start":{"line":144,"column":2},"end":{"line":144,"column":42}},"type":"if","locations":[{"start":{"line":144,"column":2},"end":{"line":144,"column":42}},{"start":{},"end":{}}],"line":144},"16":{"loc":{"start":{"line":145,"column":2},"end":{"line":145,"column":47}},"type":"if","locations":[{"start":{"line":145,"column":2},"end":{"line":145,"column":47}},{"start":{},"end":{}}],"line":145},"17":{"loc":{"start":{"line":146,"column":2},"end":{"line":146,"column":43}},"type":"if","locations":[{"start":{"line":146,"column":2},"end":{"line":146,"column":43}},{"start":{},"end":{}}],"line":146},"18":{"loc":{"start":{"line":147,"column":2},"end":{"line":147,"column":45}},"type":"if","locations":[{"start":{"line":147,"column":2},"end":{"line":147,"column":45}},{"start":{},"end":{}}],"line":147},"19":{"loc":{"start":{"line":148,"column":2},"end":{"line":148,"column":48}},"type":"if","locations":[{"start":{"line":148,"column":2},"end":{"line":148,"column":48}},{"start":{},"end":{}}],"line":148}},"s":{"0":1,"1":1,"2":1,"3":22,"4":3,"5":19,"6":19,"7":19,"8":323,"9":21,"10":21,"11":21,"12":19,"13":11,"14":2,"15":9,"16":9,"17":9,"18":13,"19":13,"20":7,"21":7,"22":4,"23":7,"24":9,"25":3,"26":9,"27":2,"28":9,"29":16,"30":2,"31":14,"32":2,"33":12,"34":2,"35":10,"36":2,"37":8,"38":2,"39":6,"40":2,"41":4,"42":2,"43":2},"f":{"0":22,"1":323,"2":11,"3":16},"b":{"0":[3,19],"1":[21,302],"2":[21,0],"3":[2,9],"4":[11,10],"5":[7,6],"6":[13,13,13],"7":[7,0],"8":[4,3],"9":[3,6],"10":[9,3],"11":[2,7],"12":[9,3,3],"13":[2,14],"14":[2,12],"15":[2,10],"16":[2,8],"17":[2,6],"18":[2,4],"19":[2,2]},"_coverageSchema":"1a1c01bbd47fc00a2c39e90264f33305004495a9","hash":"c1d432d53946c0b17ef75c3cc6bca2f5cc2f046c"}
,"/home/foundryvtt/OneDrive/Rol/FoundryVTT/Data/systems/fading-suns/module/helpers/config.mjs": {"path":"/home/foundryvtt/OneDrive/Rol/FoundryVTT/Data/systems/fading-suns/module/helpers/config.mjs","statementMap":{"0":{"start":{"line":1,"column":27},"end":{"line":1,"column":29}},"1":{"start":{"line":7,"column":0},"end":{"line":14,"column":2}},"2":{"start":{"line":16,"column":0},"end":{"line":23,"column":2}},"3":{"start":{"line":25,"column":0},"end":{"line":53,"column":2}},"4":{"start":{"line":55,"column":0},"end":{"line":65,"column":1}},"5":{"start":{"line":67,"column":0},"end":{"line":71,"column":1}}},"fnMap":{},"branchMap":{},"s":{"0":0,"1":0,"2":0,"3":0,"4":0,"5":0},"f":{},"b":{}}
,"/home/foundryvtt/OneDrive/Rol/FoundryVTT/Data/systems/fading-suns/module/helpers/constants.mjs": {"path":"/home/foundryvtt/OneDrive/Rol/FoundryVTT/Data/systems/fading-suns/module/helpers/constants.mjs","statementMap":{"0":{"start":{"line":8,"column":31},"end":{"line":18,"column":1}},"1":{"start":{"line":23,"column":22},"end":{"line":50,"column":1}},"2":{"start":{"line":55,"column":26},"end":{"line":68,"column":1}},"3":{"start":{"line":73,"column":25},"end":{"line":91,"column":1}},"4":{"start":{"line":96,"column":20},"end":{"line":102,"column":1}},"5":{"start":{"line":107,"column":21},"end":{"line":125,"column":1}},"6":{"start":{"line":130,"column":30},"end":{"line":135,"column":1}},"7":{"start":{"line":140,"column":27},"end":{"line":143,"column":1}}},"fnMap":{},"branchMap":{},"s":{"0":0,"1":0,"2":0,"3":0,"4":0,"5":0,"6":0,"7":0},"f":{},"b":{}}
,"/home/foundryvtt/OneDrive/Rol/FoundryVTT/Data/systems/fading-suns/module/helpers/drag-drop.mjs": {"path":"/home/foundryvtt/OneDrive/Rol/FoundryVTT/Data/systems/fading-suns/module/helpers/drag-drop.mjs","statementMap":{"0":{"start":{"line":12,"column":2},"end":{"line":23,"column":5}},"1":{"start":{"line":13,"column":4},"end":{"line":16,"column":6}},"2":{"start":{"line":17,"column":4},"end":{"line":21,"column":6}},"3":{"start":{"line":22,"column":4},"end":{"line":22,"column":27}},"4":{"start":{"line":32,"column":2},"end":{"line":32,"column":25}},"5":{"start":{"line":41,"column":2},"end":{"line":41,"column":25}},"6":{"start":{"line":49,"column":13},"end":{"line":49,"column":32}},"7":{"start":{"line":50,"column":2},"end":{"line":50,"column":45}},"8":{"start":{"line":50,"column":38},"end":{"line":50,"column":45}},"9":{"start":{"line":52,"column":17},"end":{"line":52,"column":21}},"10":{"start":{"line":55,"column":2},"end":{"line":58,"column":3}},"11":{"start":{"line":56,"column":19},"end":{"line":56,"column":61}},"12":{"start":{"line":57,"column":4},"end":{"line":57,"column":35}},"13":{"start":{"line":60,"column":2},"end":{"line":60,"column":24}},"14":{"start":{"line":60,"column":17},"end":{"line":60,"column":24}},"15":{"start":{"line":63,"column":2},"end":{"line":63,"column":69}},"16":{"start":{"line":79,"column":15},"end":{"line":79,"column":49}},"17":{"start":{"line":80,"column":15},"end":{"line":80,"column":24}},"18":{"start":{"line":81,"column":18},"end":{"line":81,"column":67}},"19":{"start":{"line":82,"column":2},"end":{"line":82,"column":32}},"20":{"start":{"line":82,"column":25},"end":{"line":82,"column":32}},"21":{"start":{"line":85,"column":2},"end":{"line":94,"column":3}},"22":{"start":{"line":87,"column":6},"end":{"line":87,"column":56}},"23":{"start":{"line":89,"column":6},"end":{"line":89,"column":49}},"24":{"start":{"line":91,"column":6},"end":{"line":91,"column":48}},"25":{"start":{"line":93,"column":6},"end":{"line":93,"column":50}},"26":{"start":{"line":104,"column":16},"end":{"line":104,"column":48}},"27":{"start":{"line":105,"column":17},"end":{"line":105,"column":47}},"28":{"start":{"line":106,"column":2},"end":{"line":106,"column":50}},"29":{"start":{"line":106,"column":37},"end":{"line":106,"column":50}},"30":{"start":{"line":108,"column":2},"end":{"line":109,"column":50}},"31":{"start":{"line":109,"column":4},"end":{"line":109,"column":50}},"32":{"start":{"line":110,"column":2},"end":{"line":110,"column":53}},"33":{"start":{"line":119,"column":18},"end":{"line":119,"column":35}},"34":{"start":{"line":120,"column":21},"end":{"line":120,"column":61}},"35":{"start":{"line":121,"column":2},"end":{"line":121,"column":26}},"36":{"start":{"line":121,"column":19},"end":{"line":121,"column":26}},"37":{"start":{"line":122,"column":17},"end":{"line":122,"column":57}},"38":{"start":{"line":125,"column":2},"end":{"line":125,"column":38}},"39":{"start":{"line":125,"column":31},"end":{"line":125,"column":38}},"40":{"start":{"line":128,"column":19},"end":{"line":128,"column":21}},"41":{"start":{"line":129,"column":2},"end":{"line":133,"column":3}},"42":{"start":{"line":130,"column":22},"end":{"line":130,"column":41}},"43":{"start":{"line":131,"column":4},"end":{"line":132,"column":54}},"44":{"start":{"line":132,"column":6},"end":{"line":132,"column":54}},"45":{"start":{"line":136,"column":22},"end":{"line":139,"column":4}},"46":{"start":{"line":140,"column":21},"end":{"line":144,"column":4}},"47":{"start":{"line":141,"column":19},"end":{"line":141,"column":27}},"48":{"start":{"line":142,"column":4},"end":{"line":142,"column":30}},"49":{"start":{"line":143,"column":4},"end":{"line":143,"column":18}},"50":{"start":{"line":147,"column":2},"end":{"line":147,"column":71}},"51":{"start":{"line":157,"column":2},"end":{"line":157,"column":39}},"52":{"start":{"line":157,"column":26},"end":{"line":157,"column":39}},"53":{"start":{"line":168,"column":2},"end":{"line":168,"column":39}},"54":{"start":{"line":168,"column":26},"end":{"line":168,"column":39}},"55":{"start":{"line":179,"column":2},"end":{"line":179,"column":36}},"56":{"start":{"line":179,"column":26},"end":{"line":179,"column":36}},"57":{"start":{"line":189,"column":13},"end":{"line":189,"column":38}},"58":{"start":{"line":190,"column":2},"end":{"line":190,"column":54}}},"fnMap":{"0":{"name":"createDragDropHandlers","decl":{"start":{"line":11,"column":16},"end":{"line":11,"column":38}},"loc":{"start":{"line":11,"column":61},"end":{"line":24,"column":1}},"line":11},"1":{"name":"(anonymous_1)","decl":{"start":{"line":12,"column":29},"end":{"line":12,"column":30}},"loc":{"start":{"line":12,"column":36},"end":{"line":23,"column":3}},"line":12},"2":{"name":"canDragStart","decl":{"start":{"line":31,"column":9},"end":{"line":31,"column":21}},"loc":{"start":{"line":31,"column":32},"end":{"line":33,"column":1}},"line":31},"3":{"name":"canDragDrop","decl":{"start":{"line":40,"column":9},"end":{"line":40,"column":20}},"loc":{"start":{"line":40,"column":31},"end":{"line":42,"column":1}},"line":40},"4":{"name":"onDragStart","decl":{"start":{"line":48,"column":9},"end":{"line":48,"column":20}},"loc":{"start":{"line":48,"column":28},"end":{"line":64,"column":1}},"line":48},"5":{"name":"onDragOver","decl":{"start":{"line":70,"column":9},"end":{"line":70,"column":19}},"loc":{"start":{"line":70,"column":27},"end":{"line":72,"column":1}},"line":70},"6":{"name":"onDrop","decl":{"start":{"line":78,"column":15},"end":{"line":78,"column":21}},"loc":{"start":{"line":78,"column":29},"end":{"line":95,"column":1}},"line":78},"7":{"name":"onDropActiveEffect","decl":{"start":{"line":103,"column":15},"end":{"line":103,"column":33}},"loc":{"start":{"line":103,"column":47},"end":{"line":111,"column":1}},"line":103},"8":{"name":"onEffectSort","decl":{"start":{"line":118,"column":9},"end":{"line":118,"column":21}},"loc":{"start":{"line":118,"column":37},"end":{"line":148,"column":1}},"line":118},"9":{"name":"(anonymous_9)","decl":{"start":{"line":140,"column":37},"end":{"line":140,"column":38}},"loc":{"start":{"line":140,"column":44},"end":{"line":144,"column":3}},"line":140},"10":{"name":"onDropActor","decl":{"start":{"line":156,"column":15},"end":{"line":156,"column":26}},"loc":{"start":{"line":156,"column":40},"end":{"line":159,"column":1}},"line":156},"11":{"name":"onDropItem","decl":{"start":{"line":167,"column":15},"end":{"line":167,"column":25}},"loc":{"start":{"line":167,"column":39},"end":{"line":170,"column":1}},"line":167},"12":{"name":"onDropFolder","decl":{"start":{"line":178,"c
[...]
,"/home/foundryvtt/OneDrive/Rol/FoundryVTT/Data/systems/fading-suns/module/sheets/item-sheet.mjs": {"path":"/home/foundryvtt/OneDrive/Rol/FoundryVTT/Data/systems/fading-suns/module/sheets/item-sheet.mjs","statementMap":{"0":{"start":{"line":6,"column":24},"end":{"line":6,"column":44}},"1":{"start":{"line":16,"column":4},"end":{"line":16,"column":19}},"2":{"start":{"line":17,"column":4},"end":{"line":17,"column":73}},"3":{"start":{"line":20,"column":20},"end":{"line":30,"column":3}},"4":{"start":{"line":31,"column":11},"end":{"line":58,"column":3}},"5":{"start":{"line":59,"column":18},"end":{"line":64,"column":3}},"6":{"start":{"line":65,"column":15},"end":{"line":68,"column":3}},"7":{"start":{"line":71,"column":27},"end":{"line":89,"column":3}},"8":{"start":{"line":94,"column":17},"end":{"line":135,"column":3}},"9":{"start":{"line":139,"column":4},"end":{"line":139,"column":43}},"10":{"start":{"line":141,"column":4},"end":{"line":145,"column":5}},"11":{"start":{"line":142,"column":6},"end":{"line":142,"column":68}},"12":{"start":{"line":144,"column":6},"end":{"line":144,"column":25}},"13":{"start":{"line":148,"column":4},"end":{"line":148,"column":38}},"14":{"start":{"line":148,"column":31},"end":{"line":148,"column":38}},"15":{"start":{"line":150,"column":4},"end":{"line":187,"column":5}},"16":{"start":{"line":152,"column":8},"end":{"line":152,"column":68}},"17":{"start":{"line":153,"column":8},"end":{"line":153,"column":14}},"18":{"start":{"line":155,"column":8},"end":{"line":155,"column":52}},"19":{"start":{"line":156,"column":8},"end":{"line":156,"column":14}},"20":{"start":{"line":158,"column":8},"end":{"line":158,"column":51}},"21":{"start":{"line":159,"column":8},"end":{"line":159,"column":14}},"22":{"start":{"line":161,"column":8},"end":{"line":161,"column":52}},"23":{"start":{"line":162,"column":8},"end":{"line":162,"column":14}},"24":{"start":{"line":164,"column":8},"end":{"line":164,"column":50}},"25":{"start":{"line":165,"column":8},"end":{"line":165,"column":14}},"26":{"start":{"line":167,"column":8},"end":{"line":167,"column":53}},"27":{"start":{"line":168,"column":8},"end":{"line":168,"column":14}},"28":{"start":{"line":170,"column":8},"end":{"line":170,"column":51}},"29":{"start":{"line":171,"column":8},"end":{"line":171,"column":14}},"30":{"start":{"line":173,"column":8},"end":{"line":173,"column":60}},"31":{"start":{"line":174,"column":8},"end":{"line":174,"column":14}},"32":{"start":{"line":176,"column":8},"end":{"line":176,"column":52}},"33":{"start":{"line":177,"column":8},"end":{"line":177,"column":14}},"34":{"start":{"line":179,"column":8},"end":{"line":179,"column":58}},"35":{"start":{"line":180,"column":8},"end":{"line":180,"column":14}},"36":{"start":{"line":182,"column":8},"end":{"line":182,"column":43}},"37":{"start":{"line":183,"column":8},"end":{"line":183,"column":14}},"38":{"start":{"line":185,"column":8},"end":{"line":185,"column":40}},"39":{"start":{"line":186,"column":8},"end":{"line":186,"column":14}},"40":{"start":{"line":193,"column":4},"end":{"line":199,"column":5}},"41":{"start":{"line":194,"column":6},"end":{"line":198,"column":8}},"42":{"start":{"line":200,"column":4},"end":{"line":206,"column":5}},"43":{"start":{"line":201,"column":6},"end":{"line":205,"column":8}},"44":{"start":{"line":207,"column":4},"end":{"line":207,"column":14}},"45":{"start":{"line":213,"column":20},"end":{"line":228,"column":5}},"46":{"start":{"line":230,"column":4},"end":{"line":230,"column":19}},"47":{"start":{"line":235,"column":4},"end":{"line":330,"column":5}},"48":{"start":{"line":245,"column":8},"end":{"line":245,"column":43}},"49":{"start":{"line":246,"column":8},"end":{"line":246,"column":14}},"50":{"start":{"line":249,"column":8},"end":{"line":249,"column":43}},"51":{"start":{"line":252,"column":8},"end":{"line":262,"column":10}},"52":{"start":{"line":263,"column":8},"end":{"line":263,"column":14}},"53":{"start":{"line":265,"column":8},"end":{"line":265,"column":43}},"54":{"start":{"line":267,"column":8},"end":{"line":267,"column":68}},"55":{"start":{"line":268,"column":8},"end":{"line":268,"column":14}},"56":{"start":{"line":274,"column":8},"end":{"line":284,"column":10}},"57":{"start":{"line":285,"column":8},"end":{"line":295,"column":10}},"58":{"start":{"line":296,"column":8},"end":{"line":306,"column":10}},"59":{"start":{"line":307,"column":8},"end":{"line":317,"column":10}},"60":{"start":{"line":318,"column":8},"end":{"line":328,"column":10}},"61":{"start":{"line":329,"column":8},"end":{"line":329,"column":14}},"62":{"start":{"line":331,"column":4},"end":{"line":331,"column":19}},"63":{"start":{"line":342,"column":21},"end":{"line":342,"column":30}},"64":{"start":{"line":344,"column":4},"end":{"line":344,"column":80}},"65":{"start":{"line":344,"column":35},"end":{"line":344,"column":80}},"66":{"start":{"line":345,"column":4},"end":{"line":407,"column":11}},"67":{"start":{"line":346,"column":18},"end":{"line":355,"column":7}},"68":{"start":{"line":356,"column":6},"end":{"line":403,"column":7}},"69":{"start":{"line":359,"column":10},"end":{"line":359,"column":22}},"70":{"start":{"line":361,"column":10},"end":{"line":361,"column":36}},"71":{"start":{"line":362,"column":10},"end":{"line":362,"column":37}},"72":{"start":{"line":363,"column":10},"end":{"line":363,"column":16}},"73":{"start":{"line":365,"column":10},"end":{"line":365,"column":42}},"74":{"start":{"line":366,"column":10},"end":{"line":366,"column":36}},"75":{"start":{"line":367,"column":10},"end":{"line":367,"column":16}},"76":{"start":{"line":369,"column":10},"end":{"line":369,"column":44}},"77":{"start":{"line":370,"column":10},"end":{"line":370,"column":36}},"78":{"start":{"line":371,"column":10},"end":{"line":371,"column":16}},"79":{"start":{"line":373,"column":10},"end":{"line":373,"column":51}},"80":{"start":{"line":374,"column":10},"end":{"line":374,"column":36}},"81":{"start":{"line":375,"column":10},"end":{"line":375,"column":16}},"82":{"start":{"line":377,"column":10},"end":{"line":377,"column":43}},"83":{"start":{"line":378,"column":10},"end":{"line":378,"column":36}},"84":{"start":{"line":379,"column":10},"end":{"line":379,"column":16}},"85":{"start":{"line":381,"column":10},"end":{"line":381,"column":49}},"86":{"start":{"line":382,"column":10},"end":{"line":382,"column":36}},"87":{"start":{"line":383,"column":10},"end":{"line":383,"column":16}},"88":{"start":{"line":386,"column":10},"end":{"line":386,"column":35}},"89":{"start":{"line":387,"column":10},"end":{"line":387,"column":36}},"90":{"start":{"line":388,"column":10},"end":{"line":388,"column":16}},"91":{"start":{"line":390,"column":10},"end":{"line":390,"column":32}},"92":{"start":{"line":391,"column":10},"end":{"line":391,"column":33}},"93":{"start":{"line":392,"column":10},"end":{"line":392,"column":16}},"94":{"start":{"line":394,"column":10},"end":{"line":394,"column":33}},"95":{"start":{"line":395,"column":10},"end":{"line":395,"column":34}},"96":{"start":{"line":396,"column":10},"end":{"line":396,"column":51}},"97":{"start":{"line":397,"column":10},"end":{"line":397,"column":16}},"98":{"start":{"line":399,"column":10},"end":{"line":399,"column":30}},"99":{"start":{"line":400,"column":10},"end":{"line":400,"column":31}},"100":{"start":{"line":401,"column":10},"end":{"line":401,"column":48}},"101":{"start":{"line":402,"column":10},"end":{"line":402,"column":16}},"102":{"start":{"line":404,"column":6},"end":{"line":404,"column":71}},"103":{"start":{"line":404,"column":47},"end":{"line":404,"column":71}},"104":{"start":{"line":405,"column":6},"end":{"line":405,"column":25}},"105":{"start":{"line":406,"column":6},"end":{"line":406,"column":18}},"106":{"start":{"line":418,"column":4},"end":{"line":418,"column":56}},"107":{"start":{"line":418,"column":34},"end":{"line":418,"column":54}},"108":{"start":{"line":440,"column":17},"end":{"line":440,"column":36}},"109":{"start":{"line":441,"column":20},"end":{"line":441,"column":66}},"110":{"start":{"line":443,"column":6},"end":{"line":444,"column":8}},"111":{"start":{"line":445,"column":15},"end":{"line":455,"column":6}},"112":{"start":{"line":450,"column":8},"end":{"line":450,"column":26}},"113":{"start":{"line":451,"column":8},"end":{"line":451,"column":44}},"114":{"start":{"line":456,"column":4},"end":{"line":456,"column":23}},"115":{"start":{"line":468,"column":19},"end":{"line":468,"column":47}},"116":{"start":{"line":469,"column":4},"end":{"line":469,"column":30}},"117":{"start":{"line":481,"column":19},"end":{"line":481,"column":47}},"118":{"start":{"line":482,"column":4},"end":{"line":482,"column":26}},"119":{"start":{"line":495,"column":18},"end":{"line":495,"column":50}},"120":{"start":{"line":498,"column":23},"end":{"line":504,"column":5}},"121":{"start":{"line":506,"column":4},"end":{"line":513,"column":5}},"122":{"start":{"line":508,"column":6},"end":{"line":508,"column":66}},"123":{"start":{"line":508,"column":57},"end":{"line":508,"column":66}},"124":{"start":{"line":512,"column":6},"end":{"line":512,"column":60}},"125":{"start":{"line":516,"column":4},"end":{"line":516,"column":58}},"126":{"start":{"line":528,"column":19},"end":{"line":528,"column":47}},"127":{"start":{"line":529,"column":4},"end":{"line":529,"column":56}},"128":{"start":{"line":537,"column":4},"end":{"line":537,"column":26}}},"fnMap":{"0":{"name":"(anonymous_0)","decl":{"start":{"line":15,"column":2},"end":{"line":15,"column":3}},"loc":{"start":{"line":15,"column":28},"end":{"line":18,"column":3}},"line":15},"1":{"name":"(anonymous_1)","decl":{"start":{"line":138,"column":2},"end":{"line":138,"column":3}},"loc":{"start":{"line":138,"column":35},"end":{"line":188,"column":3}},"line":138},"2":{"name":"(anonymous_2)","decl":{"start":{"line":192,"column":2},"end":{"line":192,"column":3}},"loc":{"start":{"line":192,"column":48},"end":{"line":208,"column":3}},"line":192},"3":{"name":"(anonymous_3)","decl":{"start":{"line":211,"column":2},"end":{"line":211,"column":3}},"loc":{"start":{"line":211,"column":33},"end":{"line":231,"column":3}},"line":211},"4":{"name":"(anonymous_4)","decl":{"start":{"line":234,"column":2},"end":{"line":234,"column":3}},"loc":{"start":{"line":234,"column":45},"end":{"line":332,"column":3}},"line":234},"5":{"name":"(anonymous_5)","decl":{"start":{"line":340,"column":2},"end":{"line":340,"column":3}},"loc":{"start":{"line":340,"column":18},"end":{"line":408,"column":3}},"line":340},"6":{"name":"(anonymous_6)","decl":{"start":{"line":345,"column":24},"end":{"line":345,"column":25}},"loc":{"start":{"line":345,"column":42},"end":{"line":407,"column":5}},"line":345},"7":{"name":"(anonymous_7)","decl":{"start":{"line":417,"column":2},"end":{"line":417,"column":3}},"loc":{"start":{"line":417,"column":30},"end":{"line":422,"column":3}},"line":417},"8":{"name":"(anonymous_8)","decl":{"start":{"line":418,"column":27},"end":{"line":418,"column":28}},"loc":{"start":{"line":418,"column":34},"end":{"line":418,"column":54}},"line":418},"9":{"name":"(anonymous_9)","decl":{"start":{"line":439,"column":2},"end":{"line":439,"column":3}},"loc":{"start":{"line":439,"column":43},"end":{"line":457,"column":3}},"line":439},"10":{"name":"(anonymous_10)","decl":{"start":{"line":449,"column":16},"end":{"line":449,"column":17}},"loc":{"start":{"line":449,"column":26},"end":{"line":452,"column":7}},"line":449},"11":{"name":"(anonymous_11)","decl":{"start":{"line":467,"column":2},"end":{"line":467,"column":3}},"loc":{"start":{"line":467,"column":42},"end":{"line":470,"column":3}},"line":467},"12":{"name":"(anonymous_12)","decl":{"start":{"line":480,"column":2},"end":{"line":480,"column":3}},"loc":{"start":{"line":480,"column":44},"end":{"line":483,"column":3}},"line":480},"13":{"name":"(anonymous_13)","decl":{"start":{"line":493,"column":2},"end":{"line":493,"column":3}},"loc":{"start":{"line":493,"column":44},"end":{"line":517,"column":3}},"line":493},"14":{"name":"(anonymous_14)","decl":{"start":{"line":527,"column":2},"end":{"line":527,"column":3}},"loc":{"start":{"line":527,"column":44},"end":{"line":530,"column":3}},"line":527},"15":{"name":"(anonymous_15)","decl":{"start":{"line":536,"column":2},"end":{"line":536,"column":3}},"loc":{"start":{"line":536,"column":17},"end":{"line":538,"column":3}},"line":536}},"branchMap":{"0":{"loc":{"start":{"line":15,"column":14},"end":{"line":15,"column":26}},"type":"default-arg","locations":[{"start":{"line":15,"column":24},"end":{"line":15,"column":26}}],"line":15},"1":{"loc":{"start":{"line":141,"column":4},"end":{"line":145,"column":5}},"type":"if","locations":[{"start":{"line":141,"column":4},"end":{"line":145,"column":5}},{"start":{"line":143,"column":11},"end":{"line":145,"column":5}}],"line":141},"2":{"loc":{"start":{"line":148,"column":4},"end":{"line":148,"column":38}},"type":"if","locations":[{"start":{"line":148,"column":4},"end":{"line":148,"column":38}},{"start":{},"end":{}}],"line":148},"3":{"loc":{"start":{"line":150,"column":4},"end":{"line":187,"column":5}},"type":"switch","locations":[{"start":{"line":151,"column":6},"end":{"line":153,"column":14}},{"start":{"line":154,"column":6},"end":{"line":156,"column":14}},{"start":{"line":157,"column":6},"end":{"line":159,"column":14}},{"start":{"line":160,"column":6},"end":{"line":162,"column":14}},{"start":{"line":163,"column":6},"end":{"line":165,"column":14}},{"start":{"line":166,"column":6},"end":{"line":168,"column":14}},{"start":{"line":169,"column":6},"end":{"line":171,"column":14}},{"start":{"line":172,"column":6},"end":{"line":174,"column":14}},{"start":{"line":175,"column":6},"end":{"line":177,"column":14}},{"start":{"line":178,"column":6},"end":{"line":180,"column":14}},{"start":{"line":181,"column":6},"end":{"line":183,"column":14}},{"start":{"line":184,"column":6},"end":{"line":186,"column":14}}],"line":150},"4":{"loc":{"start":{"line":193,"column":4},"end":{"line":199,"column":5}},"type":"if","locations":[{"start":{"line":193,"column":4},"end":{"line":199,"column":5}},{"start":{},"end":{}}],"line":193},"5":{"loc":{"start":{"line":200,"column":4},"end":{"line":206,"column":5}},"type":"if","locations":[{"start":{"line":200,"column":4},"end":{"line":206,"column":5}},{"start":{},"end":{}}],"line":200},"6":{"loc":{"start":{"line":235,"column":4},"end":{"line":330,"column":5}},"type":"switch","locations":[{"start":{"line":236,"column":6},"end":{"line":236,"column":36}},{"start":{"line":237,"column":6},"end":{"line":237,"column":34}},{"start":{"line":238,"column":6},"end":{"line":238,"column":43}},{"start":{"line":239,"column":6},"end":{"line":239,"column":35}},{"start":{"line":240,"column":6},"end":{"line":240,"column":41}},{"start":{"line":241,"column":6},"end":{"line":241,"column":36}},{"start":{"line":242,"column":6},"end":{"line":242,"column":35}},{"start":{"line":243,"column":6},"end":{"line":246,"column":14}},{"start":{"line":248,"column":6},"end":{"line":263,"column":14}},{"start":{"line":264,"column":6},"end":{"line":268,"column":14}},{"start":{"line":269,"column":6},"end":{"line":269,"column":23}},{"start":{"line":270,"column":6},"end":{"line":270,"column":26}},{"start":{"line":271,"column":6},"end":{"line":329,"column":14}}],"line":235},"7":{"loc":{"start":{"line":344,"column":4},"end":{"line":344,"column":80}},"type":"if","locations":[{"start":{"line":344,"column":4},"end":{"line":344,"column":80}},{"start":{},"end":{}}],"line":344},"8":{"loc":{"start":{"line":356,"column":6},"end":{"line":403,"column":7}},"type":"switch","locations":[{"start":{"line":357,"column":8},"end":{"line":357,"column":26}},{"start":{"line":358,"column":8},"end":{"line":359,"column":22}},{"start":{"line":360,"column":8},"end":{"line":363,"column":16}},{"start":{"line":364,"column":8},"end":{"line":367,"column":16}},{"start":{"line":368,"column":8},"end":{"line":371,"column":16}},{"start":{"line":372,"column":8},"end":{"line":375,"column":16}},{"start":{"line":376,"column":8},"end":{"line":379,"column":16}},{"start":{"line":380,"column":8},"end":{"line":383,"column":16}},{"start":{"line":384,"column":8},"end":{"line":384,"column":38}},{"start":{"line":385,"column":8},"end":{"line":388,"column":16}},{"start":{"line":389,"column":8},"end":{"line":392,"column":16}},{"start":{"line":393,"column":8},"end":{"line":397,"column":16}},{"start":{"line":398,"column":8},"end":{"line":402,"column":16}}],"line":356},"9":{"loc":{"start":{"line":404,"column":6},"end":{"line":404,"column":71}},"type":"if","locations":[{"start":{"line":404,"column":6},"end":{"line":404,"column":71}},{"start":{},"end":{}}],"line":404},"10":{"loc":{"start":{"line":443,"column":6},"end":{"line":444,"column":8}},"type":"binary-expr","locations":[{"start":{"line":443,"column":6},"end":{"line":443,"column":77}},{"start":{"line":444,"column":6},"end":{"line":444,"column":8}}],"line":443},"11":{"loc":{"start":{"line":448,"column":22},"end":{"line":448,"column":38}},"type":"cond-expr","locations":[{"start":{"line":448,"column":28},"end":{"line":448,"column":33}},{"start":{"line":448,"column":36},"end":{"line":448,"column":38}}],"line":448},"12":{"loc":{"start":{"line":508,"column":6},"end":{"line":508,"column":66}},"type":"if","locations":[{"start":{"line":508,"column":6},"end":{"line":508,"column":66}},{"start":{},"end":{}}],"line":508}},"s":{"0":0,"1":0,"2":0,"3":0,"4":0,"5":0,"6":0,"7":0,"8":0,"9":0,"10":0,"11":0,"12":0,"13":0,"14":0,"15":0,"16":0,"17":0,"18":0,"19":0,"20":0,"21":0,"22":0,"23":0,"24":0,"25":0,"26":0,"27":0,"28":0,"29":0,"30":0,"31":0,"32":0,"33":0,"34":0,"35":0,"36":0,"37":0,"38":0,"39":0,"40":0,"41":0,"42":0,"43":0,"44":0,"45":0,"46":0,"47":0,"48":0,"49":0,"50":0,"51":0,"52":0,"53":0,"54":0,"55":0,"56":0,"57":0,"58":0,"59":0,"60":0,"61":0,"62":0,"63":0,"64":0,"65":0,"66":0,"67":0,"68":0,"69":0,"70":0,"71":0,"72":0,"73":0,"74":0,"75":0,"76":0,"77":0,"78":0,"79":0,"80":0,"81":0,"82":0,"83":0,"84":0,"85":0,"86":0,"87":0,"88":0,"89":0,"90":0,"91":0,"92":0,"93":0,"94":0,"95":0,"96":0,"97":0,"98":0,"99":0,"100":0,"101":0,"102":0,"103":0,"104":0,"105":0,"106":0,"107":0,"108":0,"109":0,"110":0,"111":0,"112":0,"113":0,"114":0,"115":0,"116":0,"117":0,"118":0,"119":0,"120":0,"121":0,"122":0,"123":0,"124":0,"125":0,"126":0,"127":0,"128":0},"f":{"0":0,"1":0,"2":0,"3":0,"4":0,"5":0,"6":0,"7":0,"8":0,"9":0,"10":0,"11":0,"12":0,"13":0,"14":0,"15":0},"b":{"0":[0],"1":[0,0],"2":[0,0],"3":[0,0,0,0,0,0,0,0,0,0,0,0],"4":[0,0],"5":[0,0],"6":[0,0,0,0,0,0,0,0,0,0,0,0,0],"7":[0,0],"8":[0,0,0,0,0,0,0,0,0,0,0,0,0],"9":[0,0],"10":[0,0],"11":[0,0],"12":[0,0]}}
}
