{"C:\\FoundryVTT\\Data\\systems\\fading-suns\\module\\fading-suns.mjs": {"path":"C:\\FoundryVTT\\Data\\systems\\fading-suns\\module\\fading-suns.mjs","statementMap":{"0":{"start":{"line":22,"column":0},"end":{"line":34,"column":2}},"1":{"start":{"line":36,"column":0},"end":{"line":94,"column":3}},"2":{"start":{"line":38,"column":2},"end":{"line":38,"column":35}},"3":{"start":{"line":44,"column":2},"end":{"line":47,"column":4}},"4":{"start":{"line":50,"column":2},"end":{"line":50,"column":47}},"5":{"start":{"line":51,"column":2},"end":{"line":51,"column":45}},"6":{"start":{"line":56,"column":2},"end":{"line":56,"column":48}},"7":{"start":{"line":59,"column":2},"end":{"line":59,"column":45}},"8":{"start":{"line":60,"column":2},"end":{"line":63,"column":5}},"9":{"start":{"line":64,"column":2},"end":{"line":64,"column":43}},"10":{"start":{"line":65,"column":2},"end":{"line":68,"column":5}},"11":{"start":{"line":71,"column":2},"end":{"line":71,"column":30}},"12":{"start":{"line":74,"column":2},"end":{"line":74,"column":18}},"13":{"start":{"line":76,"column":2},"end":{"line":76,"column":6}},"14":{"start":{"line":78,"column":2},"end":{"line":92,"column":5}},"15":{"start":{"line":82,"column":8},"end":{"line":82,"column":35}},"16":{"start":{"line":84,"column":4},"end":{"line":84,"column":31}},"17":{"start":{"line":84,"column":24},"end":{"line":84,"column":31}},"18":{"start":{"line":85,"column":18},"end":{"line":85,"column":42}},"19":{"start":{"line":86,"column":4},"end":{"line":90,"column":5}},"20":{"start":{"line":87,"column":7},"end":{"line":87,"column":53}},"21":{"start":{"line":88,"column":7},"end":{"line":88,"column":40}},"22":{"start":{"line":89,"column":7},"end":{"line":89,"column":46}}},"fnMap":{"0":{"name":"(anonymous_0)","decl":{"start":{"line":36,"column":19},"end":{"line":36,"column":20}},"loc":{"start":{"line":36,"column":31},"end":{"line":94,"column":1}},"line":36},"1":{"name":"(anonymous_1)","decl":{"start":{"line":78,"column":57},"end":{"line":78,"column":58}},"loc":{"start":{"line":78,"column":80},"end":{"line":92,"column":3}},"line":78}},"branchMap":{"0":{"loc":{"start":{"line":84,"column":4},"end":{"line":84,"column":31}},"type":"if","locations":[{"start":{"line":84,"column":4},"end":{"line":84,"column":31}},{"start":{},"end":{}}],"line":84},"1":{"loc":{"start":{"line":84,"column":7},"end":{"line":84,"column":22}},"type":"binary-expr","locations":[{"start":{"line":84,"column":7},"end":{"line":84,"column":15}},{"start":{"line":84,"column":19},"end":{"line":84,"column":22}}],"line":84},"2":{"loc":{"start":{"line":86,"column":4},"end":{"line":90,"column":5}},"type":"if","locations":[{"start":{"line":86,"column":4},"end":{"line":90,"column":5}},{"start":{},"end":{}}],"line":86}},"s":{"0":16,"1":16,"2":16,"3":16,"4":16,"5":16,"6":16,"7":16,"8":16,"9":16,"10":16,"11":16,"12":16,"13":16,"14":16,"15":0,"16":0,"17":0,"18":0,"19":0,"20":0,"21":0,"22":0},"f":{"0":16,"1":0},"b":{"0":[0,0],"1":[0,0],"2":[0,0]},"_coverageSchema":"1a1c01bbd47fc00a2c39e90264f33305004495a9","hash":"a6d76998bc9eca930a6afabf253e8723e9ee6ee9"}
,"C:\\FoundryVTT\\Data\\systems\\fading-suns\\module\\activeeffects\\activeEffects.js": {"path":"C:\\FoundryVTT\\Data\\systems\\fading-suns\\module\\activeeffects\\activeEffects.js","statementMap":{"0":{"start":{"line":13,"column":28},"end":{"line":17,"column":1}},"1":{"start":{"line":23,"column":20},"end":{"line":324,"column":1}}},"fnMap":{},"branchMap":{},"s":{"0":7,"1":7},"f":{},"b":{},"_coverageSchema":"1a1c01bbd47fc00a2c39e90264f33305004495a9","hash":"6f03478dcae92260d642527ac938fd672fb473f2"}
,"C:\\FoundryVTT\\Data\\systems\\fading-suns\\module\\dialogs\\maneuver.mjs": {"path":"C:\\FoundryVTT\\Data\\systems\\fading-suns\\module\\dialogs\\maneuver.mjs","statementMap":{"0":{"start":{"line":8,"column":4},"end":{"line":8,"column":12}},"1":{"start":{"line":9,"column":4},"end":{"line":9,"column":23}},"2":{"start":{"line":10,"column":4},"end":{"line":10,"column":27}},"3":{"start":{"line":11,"column":4},"end":{"line":11,"column":29}},"4":{"start":{"line":15,"column":4},"end":{"line":25,"column":7}},"5":{"start":{"line":29,"column":4},"end":{"line":29,"column":76}},"6":{"start":{"line":29,"column":36},"end":{"line":29,"column":74}},"7":{"start":{"line":33,"column":19},"end":{"line":33,"column":46}},"8":{"start":{"line":35,"column":4},"end":{"line":39,"column":8}},"9":{"start":{"line":36,"column":6},"end":{"line":39,"column":8}},"10":{"start":{"line":43,"column":4},"end":{"line":45,"column":6}},"11":{"start":{"line":44,"column":13},"end":{"line":44,"column":69}},"12":{"start":{"line":49,"column":4},"end":{"line":49,"column":47}},"13":{"start":{"line":49,"column":34},"end":{"line":49,"column":45}},"14":{"start":{"line":55,"column":18},"end":{"line":55,"column":57}},"15":{"start":{"line":56,"column":4},"end":{"line":56,"column":23}},"16":{"start":{"line":57,"column":22},"end":{"line":57,"column":67}},"17":{"start":{"line":58,"column":4},"end":{"line":61,"column":6}},"18":{"start":{"line":65,"column":16},"end":{"line":65,"column":45}},"19":{"start":{"line":66,"column":4},"end":{"line":66,"column":27}},"20":{"start":{"line":70,"column":4},"end":{"line":76,"column":5}},"21":{"start":{"line":71,"column":22},"end":{"line":74,"column":7}},"22":{"start":{"line":75,"column":6},"end":{"line":75,"column":60}},"23":{"start":{"line":77,"column":16},"end":{"line":77,"column":51}},"24":{"start":{"line":79,"column":20},"end":{"line":85,"column":5}},"25":{"start":{"line":87,"column":17},"end":{"line":87,"column":63}},"26":{"start":{"line":92,"column":4},"end":{"line":95,"column":7}},"27":{"start":{"line":93,"column":6},"end":{"line":93,"column":60}},"28":{"start":{"line":94,"column":6},"end":{"line":94,"column":19}},"29":{"start":{"line":97,"column":4},"end":{"line":100,"column":7}},"30":{"start":{"line":98,"column":6},"end":{"line":98,"column":54}},"31":{"start":{"line":99,"column":6},"end":{"line":99,"column":19}},"32":{"start":{"line":104,"column":4},"end":{"line":104,"column":26}},"33":{"start":{"line":108,"column":0},"end":{"line":108,"column":27}}},"fnMap":{"0":{"name":"(anonymous_0)","decl":{"start":{"line":7,"column":2},"end":{"line":7,"column":3}},"loc":{"start":{"line":7,"column":48},"end":{"line":12,"column":3}},"line":7},"1":{"name":"(anonymous_1)","decl":{"start":{"line":14,"column":2},"end":{"line":14,"column":3}},"loc":{"start":{"line":14,"column":30},"end":{"line":26,"column":3}},"line":14},"2":{"name":"(anonymous_2)","decl":{"start":{"line":28,"column":2},"end":{"line":28,"column":3}},"loc":{"start":{"line":28,"column":25},"end":{"line":30,"column":3}},"line":28},"3":{"name":"(anonymous_3)","decl":{"start":{"line":29,"column":29},"end":{"line":29,"column":30}},"loc":{"start":{"line":29,"column":36},"end":{"line":29,"column":74}},"line":29},"4":{"name":"(anonymous_4)","decl":{"start":{"line":32,"column":2},"end":{"line":32,"column":3}},"loc":{"start":{"line":32,"column":19},"end":{"line":40,"column":3}},"line":32},"5":{"name":"(anonymous_5)","decl":{"start":{"line":42,"column":2},"end":{"line":42,"column":3}},"loc":{"start":{"line":42,"column":30},"end":{"line":46,"column":3}},"line":42},"6":{"name":"(anonymous_6)","decl":{"start":{"line":44,"column":6},"end":{"line":44,"column":7}},"loc":{"start":{"line":44,"column":13},"end":{"line":44,"column":69}},"line":44},"7":{"name":"(anonymous_7)","decl":{"start":{"line":48,"column":2},"end":{"line":48,"column":3}},"loc":{"start":{"line":48,"column":23},"end":{"line":50,"column":3}},"line":48},"8":{"name":"(anonymous_8)","decl":{"start":{"line":49,"column":27},"end":{"line":49,"column":28}},"loc":{"start":{"line":49,"column":34},"end":{"line":49,"column":45}},"line":49},"9":{"name":"(anonymous_9)","decl":{"start":{"line":52,"column":2},"end":{"line":52,"column":3}},"loc":{"start":{"line":52,"column":22},"end":{"line":52,"column":24}},"line":52},"10":{"name":"(anonymous_10)","decl":{"start":{"line":54,"column":2},"end":{"line":54,"column":3}},"loc":{"start":{"line":54,"column":12},"end":{"line":62,"column":3}},"line":54},"11":{"name":"(anonymous_11)","decl":{"start":{"line":64,"column":2},"end":{"line":64,"column":3}},"loc":{"start":{"line":64,"column":25},"end":{"line":67,"column":3}},"line":64},"12":{"name":"(anonymous_12)","decl":{"start":{"line":69,"column":2},"end":{"line":69,"column":3}},"loc":{"start":{"line":69,"column":30},"end":{"line":88,"column":3}},"line":69},"13":{"name":"(anonymous_13)","decl":{"start":{"line":90,"column":2},"end":{"line":90,"column":3}},"loc":{"start":{"line":90,"column":26},"end":{"line":101,"column":3}},"line":90},"14":{"name":"(anonymous_14)","decl":{"start":{"line":92,"column":46},"end":{"line":92,"column":47}},"loc":{"start":{"line":92,"column":57},"end":{"line":95,"column":5}},"line":92},"15":{"name":"(anonymous_15)","decl":{"start":{"line":97,"column":49},"end":{"line":97,"column":50}},"loc":{"start":{"line":97,"column":60},"end":{"line":100,"column":5}},"line":97},"16":{"name":"(anonymous_16)","decl":{"start":{"line":103,"column":2},"end":{"line":103,"column":3}},"loc":{"start":{"line":103,"column":39},"end":{"line":105,"column":3}},"line":103}},"branchMap":{"0":{"loc":{"start":{"line":7,"column":30},"end":{"line":7,"column":46}},"type":"default-arg","locations":[{"start":{"line":7,"column":41},"end":{"line":7,"column":46}}],"line":7},"1":{"loc":{"start":{"line":29,"column":36},"end":{"line":29,"column":74}},"type":"binary-expr","locations":[{"start":{"line":29,"column":36},"end":{"line":29,"column":54}},{"start":{"line":29,"column":58},"end":{"line":29,"column":74}}],"line":29},"2":{"loc":{"start":{"line":35,"column":4},"end":{"line":39,"column":8}},"type":"if","locations":[{"start":{"line":35,"column":4},"end":{"line":39,"column":8}},{"start":{},"end":{}}],"line":35},"3":{"loc":{"start":{"line":35,"column":8},"end":{"line":35,"column":27}},"type":"binary-expr","locations":[{"start":{"line":35,"column":8},"end":{"line":35,"column":14}},{"start":{"line":35,"column":18},"end":{"line":35,"column":27}}],"line":35},"4":{"loc":{"start":{"line":44,"column":13},"end":{"line":44,"column":69}},"type":"binary-expr","locations":[{"start":{"line":44,"column":13},"end":{"line":44,"column":34}},{"start":{"line":44,"column":38},"end":{"line":44,"column":69}}],"line":44},"5":{"loc":{"start":{"line":70,"column":4},"end":{"line":76,"column":5}},"type":"if","locations":[{"start":{"line":70,"column":4},"end":{"line":76,"column":5}},{"start":{},"end":{}}],"line":70}},"s":{"0":16,"1":16,"2":16,"3":16,"4":1,"5":5,"6":15,"7":3,"8":3,"9":2,"10":3,"11":9,"12":4,"13":9,"14":1,"15":1,"16":1,"17":1,"18":1,"19":1,"20":0,"21":0,"22":0,"23":0,"24":0,"25":0,"26":1,"27":0,"28":0,"29":1,"30":0,"31":0,"32":1,"33":1},"f":{"0":16,"1":1,"2":5,"3":15,"4":3,"5":3,"6":9,"7":4,"8":9,"9":0,"10":1,"11":1,"12":0,"13":1,"14":0,"15":0,"16":1},"b":{"0":[16],"1":[15,5],"2":[2,1],"3":[3,3],"4":[9,6],"5":[0,0]},"_coverageSchema":"1a1c01bbd47fc00a2c39e90264f33305004495a9","hash":"3cb0960e7ba79744286e8a51942472ff02e98a05"}
,"C:\\FoundryVTT\\Data\\systems\\fading-suns\\module\\dialogs\\predefined-effects-dialog.mjs": {"path":"C:\\FoundryVTT\\Data\\systems\\fading-suns\\module\\dialogs\\predefined-effects-dialog.mjs","statementMap":{"0":{"start":{"line":9,"column":4},"end":{"line":9,"column":23}},"1":{"start":{"line":10,"column":4},"end":{"line":10,"column":25}},"2":{"start":{"line":11,"column":4},"end":{"line":11,"column":46}},"3":{"start":{"line":12,"column":4},"end":{"line":12,"column":55}},"4":{"start":{"line":17,"column":4},"end":{"line":26,"column":7}},"5":{"start":{"line":31,"column":4},"end":{"line":33,"column":6}},"6":{"start":{"line":38,"column":4},"end":{"line":38,"column":34}},"7":{"start":{"line":41,"column":4},"end":{"line":41,"column":77}},"8":{"start":{"line":44,"column":4},"end":{"line":44,"column":69}},"9":{"start":{"line":53,"column":4},"end":{"line":53,"column":27}},"10":{"start":{"line":54,"column":17},"end":{"line":54,"column":49}},"11":{"start":{"line":57,"column":4},"end":{"line":57,"column":29}},"12":{"start":{"line":58,"column":4},"end":{"line":58,"column":42}},"13":{"start":{"line":61,"column":17},"end":{"line":61,"column":29}},"14":{"start":{"line":62,"column":4},"end":{"line":62,"column":56}},"15":{"start":{"line":63,"column":4},"end":{"line":63,"column":48}},"16":{"start":{"line":66,"column":4},"end":{"line":66,"column":22}},"17":{"start":{"line":75,"column":4},"end":{"line":75,"column":27}},"18":{"start":{"line":76,"column":24},"end":{"line":76,"column":63}},"19":{"start":{"line":77,"column":19},"end":{"line":77,"column":65}},"20":{"start":{"line":77,"column":41},"end":{"line":77,"column":64}},"21":{"start":{"line":79,"column":4},"end":{"line":85,"column":5}},"22":{"start":{"line":81,"column":6},"end":{"line":81,"column":66}},"23":{"start":{"line":84,"column":6},"end":{"line":84,"column":19}}},"fnMap":{"0":{"name":"(anonymous_0)","decl":{"start":{"line":8,"column":2},"end":{"line":8,"column":3}},"loc":{"start":{"line":8,"column":36},"end":{"line":13,"column":3}},"line":8},"1":{"name":"(anonymous_1)","decl":{"start":{"line":16,"column":2},"end":{"line":16,"column":3}},"loc":{"start":{"line":16,"column":30},"end":{"line":27,"column":3}},"line":16},"2":{"name":"(anonymous_2)","decl":{"start":{"line":30,"column":2},"end":{"line":30,"column":3}},"loc":{"start":{"line":30,"column":12},"end":{"line":34,"column":3}},"line":30},"3":{"name":"(anonymous_3)","decl":{"start":{"line":37,"column":2},"end":{"line":37,"column":3}},"loc":{"start":{"line":37,"column":26},"end":{"line":45,"column":3}},"line":37},"4":{"name":"(anonymous_4)","decl":{"start":{"line":52,"column":2},"end":{"line":52,"column":3}},"loc":{"start":{"line":52,"column":29},"end":{"line":67,"column":3}},"line":52},"5":{"name":"(anonymous_5)","decl":{"start":{"line":74,"column":2},"end":{"line":74,"column":3}},"loc":{"start":{"line":74,"column":31},"end":{"line":86,"column":3}},"line":74},"6":{"name":"(anonymous_6)","decl":{"start":{"line":77,"column":36},"end":{"line":77,"column":37}},"loc":{"start":{"line":77,"column":41},"end":{"line":77,"column":64}},"line":77}},"branchMap":{"0":{"loc":{"start":{"line":8,"column":22},"end":{"line":8,"column":34}},"type":"default-arg","locations":[{"start":{"line":8,"column":32},"end":{"line":8,"column":34}}],"line":8},"1":{"loc":{"start":{"line":79,"column":4},"end":{"line":85,"column":5}},"type":"if","locations":[{"start":{"line":79,"column":4},"end":{"line":85,"column":5}},{"start":{},"end":{}}],"line":79}},"s":{"0":0,"1":0,"2":0,"3":0,"4":0,"5":0,"6":0,"7":0,"8":0,"9":0,"10":0,"11":0,"12":0,"13":0,"14":0,"15":0,"16":0,"17":0,"18":0,"19":0,"20":0,"21":0,"22":0,"23":0},"f":{"0":0,"1":0,"2":0,"3":0,"4":0,"5":0,"6":0},"b":{"0":[0],"1":[0,0]}}
,"C:\\FoundryVTT\\Data\\systems\\fading-suns\\module\\dialogs\\rollDice.mjs": {"path":"C:\\FoundryVTT\\Data\\systems\\fading-suns\\module\\dialogs\\rollDice.mjs","statementMap":{"0":{"start":{"line":20,"column":4},"end":{"line":20,"column":12}},"1":{"start":{"line":21,"column":4},"end":{"line":21,"column":23}},"2":{"start":{"line":22,"column":4},"end":{"line":22,"column":27}},"3":{"start":{"line":23,"column":4},"end":{"line":23,"column":77}},"4":{"start":{"line":24,"column":4},"end":{"line":24,"column":48}},"5":{"start":{"line":25,"column":4},"end":{"line":25,"column":71}},"6":{"start":{"line":26,"column":4},"end":{"line":26,"column":38}},"7":{"start":{"line":27,"column":4},"end":{"line":27,"column":44}},"8":{"start":{"line":28,"column":4},"end":{"line":28,"column":57}},"9":{"start":{"line":29,"column":4},"end":{"line":29,"column":31}},"10":{"start":{"line":30,"column":4},"end":{"line":30,"column":27}},"11":{"start":{"line":31,"column":4},"end":{"line":31,"column":32}},"12":{"start":{"line":34,"column":4},"end":{"line":34,"column":46}},"13":{"start":{"line":35,"column":4},"end":{"line":35,"column":89}},"14":{"start":{"line":36,"column":4},"end":{"line":36,"column":46}},"15":{"start":{"line":37,"column":4},"end":{"line":37,"column":44}},"16":{"start":{"line":40,"column":4},"end":{"line":45,"column":5}},"17":{"start":{"line":41,"column":19},"end":{"line":41,"column":60}},"18":{"start":{"line":42,"column":6},"end":{"line":44,"column":7}},"19":{"start":{"line":43,"column":8},"end":{"line":43,"column":76}},"20":{"start":{"line":48,"column":4},"end":{"line":48,"column":34}},"21":{"start":{"line":51,"column":19},"end":{"line":51,"column":24}},"22":{"start":{"line":53,"column":15},"end":{"line":53,"column":24}},"23":{"start":{"line":55,"column":26},"end":{"line":55,"column":27}},"24":{"start":{"line":57,"column":18},"end":{"line":57,"column":23}},"25":{"start":{"line":59,"column":19},"end":{"line":59,"column":20}},"26":{"start":{"line":61,"column":13},"end":{"line":61,"column":15}},"27":{"start":{"line":63,"column":13},"end":{"line":63,"column":18}},"28":{"start":{"line":65,"column":11},"end":{"line":65,"column":15}},"29":{"start":{"line":67,"column":21},"end":{"line":67,"column":23}},"30":{"start":{"line":69,"column":13},"end":{"line":69,"column":19}},"31":{"start":{"line":71,"column":22},"end":{"line":71,"column":24}},"32":{"start":{"line":78,"column":21},"end":{"line":84,"column":5}},"33":{"start":{"line":86,"column":4},"end":{"line":86,"column":92}},"34":{"start":{"line":87,"column":4},"end":{"line":93,"column":7}},"35":{"start":{"line":89,"column":6},"end":{"line":92,"column":8}},"36":{"start":{"line":97,"column":4},"end":{"line":104,"column":7}},"37":{"start":{"line":112,"column":4},"end":{"line":112,"column":36}},"38":{"start":{"line":117,"column":4},"end":{"line":119,"column":5}},"39":{"start":{"line":118,"column":6},"end":{"line":118,"column":33}},"40":{"start":{"line":121,"column":28},"end":{"line":121,"column":61}},"41":{"start":{"line":123,"column":38},"end":{"line":129,"column":5}},"42":{"start":{"line":124,"column":16},"end":{"line":128,"column":7}},"43":{"start":{"line":131,"column":24},"end":{"line":141,"column":5}},"44":{"start":{"line":144,"column":4},"end":{"line":170,"column":5}},"45":{"start":{"line":145,"column":26},"end":{"line":145,"column":43}},"46":{"start":{"line":147,"column":6},"end":{"line":169,"column":7}},"47":{"start":{"line":149,"column":27},"end":{"line":152,"column":9}},"48":{"start":{"line":155,"column":30},"end":{"line":155,"column":92}},"49":{"start":{"line":158,"column":8},"end":{"line":162,"column":9}},"50":{"start":{"line":159,"column":10},"end":{"line":159,"column":31}},"51":{"start":{"line":160,"column":15},"end":{"line":162,"column":9}},"52":{"start":{"line":161,"column":10},"end":{"line":161,"column":31}},"53":{"start":{"line":165,"column":8},"end":{"line":165,"column":62}},"54":{"start":{"line":168,"column":8},"end":{"line":168,"column":49}},"55":{"start":{"line":172,"column":34},"end":{"line":176,"column":7}},"56":{"start":{"line":172,"column":73},"end":{"line":176,"column":5}},"57":{"start":{"line":178,"column":35},"end":{"line":180,"column":5}},"58":{"start":{"line":181,"column":40},"end":{"line":181,"column":76}},"59":{"start":{"line":182,"column":31},"end":{"line":184,"column":5}},"60":{"start":{"line":185,"column":36},"end":{"line":185,"column":64}},"61":{"start":{"line":188,"column":21},"end":{"line":197,"column":5}},"62":{"start":{"line":200,"column":29},"end":{"line":200,"column":87}},"63":{"start":{"line":203,"column":21},"end":{"line":203,"column":22}},"64":{"start":{"line":204,"column":4},"end":{"line":210,"column":5}},"65":{"start":{"line":206,"column":6},"end":{"line":206,"column":46}},"66":{"start":{"line":209,"column":6},"end":{"line":209,"column":84}},"67":{"start":{"line":214,"column":6},"end":{"line":219,"column":38}},"68":{"start":{"line":221,"column":4},"end":{"line":230,"column":7}},"69":{"start":{"line":233,"column":24},"end":{"line":233,"column":66}},"70":{"start":{"line":236,"column":27},"end":{"line":236,"column":78}},"71":{"start":{"line":237,"column":25},"end":{"line":237,"column":77}},"72":{"start":{"line":238,"column":25},"end":{"line":238,"column":76}},"73":{"start":{"line":239,"column":29},"end":{"line":239,"column":66}},"74":{"start":{"line":241,"column":4},"end":{"line":274,"column":6}},"75":{"start":{"line":278,"column":4},"end":{"line":278,"column":34}},"76":{"start":{"line":279,"column":4},"end":{"line":281,"column":53}},"77":{"start":{"line":282,"column":4},"end":{"line":284,"column":49}},"78":{"start":{"line":285,"column":4},"end":{"line":287,"column":47}},"79":{"start":{"line":288,"column":4},"end":{"line":290,"column":52}},"80":{"start":{"line":291,"column":4},"end":{"line":293,"column":52}},"81":{"start":{"line":294,"column":4},"end":{"line":294,"column":79}},"82":{"start":{"line":295,"column":4},"end":{"line":297,"column":50}},"83":{"start":{"line":300,"column":4},"end":{"line":302,"column":47}},"84":{"start":{"line":306,"column":4},"end":{"line":306,"column":26}},"85":{"start":{"line":310,"column":4},"end":{"line":310,"column":52}},"86":{"start":{"line":311,"column":4},"end":{"line":311,"column":18}},"87":{"start":{"line":315,"column":4},"end":{"line":315,"column":48}},"88":{"start":{"line":316,"column":4},"end":{"line":316,"column":18}},"89":{"start":{"line":320,"column":4},"end":{"line":320,"column":46}},"90":{"start":{"line":321,"column":4},"end":{"line":321,"column":18}},"91":{"start":{"line":326,"column":23},"end":{"line":326,"column":56}},"92":{"start":{"line":329,"column":24},"end":{"line":335,"column":18}},"93":{"start":{"line":338,"column":4},"end":{"line":338,"column":44}},"94":{"start":{"line":341,"column":4},"end":{"line":346,"column":5}},"95":{"start":{"line":342,"column":6},"end":{"line":342,"column":86}},"96":{"start":{"line":343,"column":6},"end":{"line":343,"column":37}},"97":{"start":{"line":344,"column":11},"end":{"line":346,"column":5}},"98":{"start":{"line":345,"column":6},"end":{"line":345,"column":101}},"99":{"start":{"line":348,"column":4},"end":{"line":348,"column":18}},"100":{"start":{"line":351,"column":4},"end":{"line":351,"column":53}},"101":{"start":{"line":352,"column":4},"end":{"line":352,"column":18}},"102":{"start":{"line":356,"column":4},"end":{"line":356,"column":52}},"103":{"start":{"line":357,"column":4},"end":{"line":357,"column":18}},"104":{"start":{"line":361,"column":21},"end":{"line":361,"column":57}},"105":{"start":{"line":362,"column":22},"end":{"line":362,"column":49}},"106":{"start":{"line":364,"column":4},"end":{"line":372,"column":5}},"107":{"start":{"line":366,"column":6},"end":{"line":368,"column":7}},"108":{"start":{"line":367,"column":8},"end":{"line":367,"column":46}},"109":{"start":{"line":371,"column":6},"end":{"line":371,"column":84}},"110":{"start":{"line":371,"column":67},"end":{"line":371,"column":82}},"111":{"start":{"line":375,"column":4},"end":{"line":375,"column":34}},"112":{"start":{"line":376,"column":4},"end":{"line":376,"column":18}},"113":{"start":{"line":380,"column":4},"end":{"line":381,"column":68}},"114":{"start":{"line":381,"column":6},"end":{"line":381,"column":68}},"115":{"start":{"line":382,"column":4},"end":{"line":382,"column":74}},"116":{"start":{"line":382,"column":18},"end":{"line":382,"column":74}},"117":{"start":{"line":383,"column":4},"end":{"line":383,"column":75}},"118":{"start":{"line":383,"column":18},"end":{"line":383,"column":75}},"119":{"start":{"line":384,"column":4},"end":{"line":384,"column":80}},"120":{"start":{"line":384,"column":24},"end":{"line":384,"column":80}},"121":{"start":{"line":385,"column":4},"end":{"line":385,"column":60}},"122":{"start":{"line":390,"column":29},"end":{"line":390,"column":87}},"123":{"start":{"line":393,"column":21},"end":{"line":393,"column":22}},"124":{"start":{"line":394,"column":4},"end":{"line":400,"column":5}},"125":{"start":{"line":396,"column":6},"end":{"line":396,"column":46}},"126":{"start":{"line":399,"column":6},"end":{"line":399,"column":84}},"127":{"start":{"line":403,"column":32},"end":{"line":403,"column":99}},"128":{"start":{"line":407,"column":6},"end":{"line":412,"column":38}},"129":{"start":{"line":414,"column":4},"end":{"line":423,"column":7}},"130":{"start":{"line":426,"column":19},"end":{"line":426,"column":53}},"131":{"start":{"line":428,"column":4},"end":{"line":438,"column":6}},"132":{"start":{"line":442,"column":17},"end":{"line":442,"column":23}},"133":{"start":{"line":444,"column":16},"end":{"line":444,"column":57}},"134":{"start":{"line":446,"column":4},"end":{"line":446,"column":79}},"135":{"start":{"line":450,"column":17},"end":{"line":450,"column":23}},"136":{"start":{"line":452,"column":18},"end":{"line":452,"column":59}},"137":{"start":{"line":453,"column":18},"end":{"line":457,"column":5}},"138":{"start":{"line":458,"column":18},"end":{"line":462,"column":5}},"139":{"start":{"line":464,"column":4},"end":{"line":467,"column":6}},"140":{"start":{"line":471,"column":4},"end":{"line":473,"column":5}},"141":{"start":{"line":472,"column":6},"end":{"line":472,"column":19}},"142":{"start":{"line":474,"column":4},"end":{"line":476,"column":5}},"143":{"start":{"line":475,"column":6},"end":{"line":475,"column":19}},"144":{"start":{"line":477,"column":4},"end":{"line":479,"column":5}},"145":{"start":{"line":478,"column":6},"end":{"line":478,"column":19}},"146":{"start":{"line":480,"column":4},"end":{"line":482,"column":5}},"147":{"start":{"line":481,"column":6},"end":{"line":481,"column":19}},"148":{"start":{"line":484,"column":4},"end":{"line":486,"column":5}},"149":{"start":{"line":485,"column":6},"end":{"line":485,"column":57}},"150":{"start":{"line":488,"column":4},"end":{"line":490,"column":5}},"151":{"start":{"line":489,"column":6},"end":{"line":489,"column":19}},"152":{"start":{"line":491,"column":4},"end":{"line":493,"column":5}},"153":{"start":{"line":492,"column":6},"end":{"line":492,"column":19}},"154":{"start":{"line":494,"column":4},"end":{"line":494,"column":55}},"155":{"start":{"line":505,"column":26},"end":{"line":505,"column":63}},"156":{"start":{"line":508,"column":4},"end":{"line":518,"column":5}},"157":{"start":{"line":509,"column":6},"end":{"line":509,"column":62}},"158":{"start":{"line":510,"column":11},"end":{"line":518,"column":5}},"159":{"start":{"line":511,"column":6},"end":{"line":511,"column":62}},"160":{"start":{"line":512,"column":11},"end":{"line":518,"column":5}},"161":{"start":{"line":513,"column":6},"end":{"line":513,"column":63}},"162":{"start":{"line":514,"column":11},"end":{"line":518,"column":5}},"163":{"start":{"line":515,"column":6},"end":{"line":515,"column":63}},"164":{"start":{"line":516,"column":11},"end":{"line":518,"column":5}},"165":{"start":{"line":517,"column":6},"end":{"line":517,"column":63}},"166":{"start":{"line":520,"column":4},"end":{"line":520,"column":27}},"167":{"start":{"line":525,"column":29},"end":{"line":533,"column":5}},"168":{"start":{"line":536,"column":4},"end":{"line":547,"column":5}},"169":{"start":{"line":537,"column":6},"end":{"line":546,"column":8}},"170":{"start":{"line":550,"column":4},"end":{"line":561,"column":5}},"171":{"start":{"line":551,"column":6},"end":{"line":560,"column":8}},"172":{"start":{"line":564,"column":4},"end":{"line":567,"column":5}},"173":{"start":{"line":566,"column":6},"end":{"line":566,"column":81}},"174":{"start":{"line":570,"column":27},"end":{"line":570,"column":74}},"175":{"start":{"line":573,"column":26},"end":{"line":573,"column":77}},"176":{"start":{"line":575,"column":4},"end":{"line":577,"column":5}},"177":{"start":{"line":576,"column":6},"end":{"line":576,"column":50}},"178":{"start":{"line":579,"column":29},"end":{"line":579,"column":71}},"179":{"start":{"line":581,"column":17},"end":{"line":581,"column":44}},"180":{"start":{"line":583,"column":4},"end":{"line":585,"column":5}},"181":{"start":{"line":584,"column":6},"end":{"line":584,"column":18}},"182":{"start":{"line":587,"column":4},"end":{"line":587,"column":42}},"183":{"start":{"line":592,"column":6},"end":{"line":592,"column":30}},"184":{"start":{"line":594,"column":35},"end":{"line":596,"column":16}},"185":{"start":{"line":595,"column":13},"end":{"line":595,"column":42}},"186":{"start":{"line":597,"column":40},"end":{"line":599,"column":11}},"187":{"start":{"line":598,"column":13},"end":{"line":598,"column":42}},"188":{"start":{"line":601,"column":31},"end":{"line":603,"column":16}},"189":{"start":{"line":602,"column":13},"end":{"line":602,"column":38}},"190":{"start":{"line":604,"column":36},"end":{"line":606,"column":11}},"191":{"start":{"line":605,"column":13},"end":{"line":605,"column":38}},"192":{"start":{"line":608,"column":23},"end":{"line":608,"column":49}},"193":{"start":{"line":611,"column":24},"end":{"line":618,"column":18}},"194":{"start":{"line":621,"column":4},"end":{"line":624,"column":5}},"195":{"start":{"line":622,"column":6},"end":{"line":622,"column":85}},"196":{"start":{"line":623,"column":6},"end":{"line":623,"column":13}},"197":{"start":{"line":627,"column":24},"end":{"line":627,"column":64}},"198":{"start":{"line":630,"column":4},"end":{"line":633,"column":5}},"199":{"start":{"line":631,"column":6},"end":{"line":631,"column":104}},"200":{"start":{"line":632,"column":6},"end":{"line":632,"column":13}},"201":{"start":{"line":635,"column":19},"end":{"line":644,"column":5}},"202":{"start":{"line":646,"column":4},"end":{"line":648,"column":5}},"203":{"start":{"line":647,"column":6},"end":{"line":647,"column":60}},"204":{"start":{"line":650,"column":17},"end":{"line":650,"column":42}},"205":{"start":{"line":653,"column":6},"end":{"line":653,"column":47}},"206":{"start":{"line":655,"column":22},"end":{"line":655,"column":130}},"207":{"start":{"line":656,"column":4},"end":{"line":665,"column":5}},"208":{"start":{"line":657,"column":6},"end":{"line":657,"column":105}},"209":{"start":{"line":659,"column":6},"end":{"line":659,"column":58}},"210":{"start":{"line":662,"column":6},"end":{"line":664,"column":7}},"211":{"start":{"line":663,"column":8},"end":{"line":663,"column":102}},"212":{"start":{"line":667,"column":4},"end":{"line":670,"column":5}},"213":{"start":{"line":668,"column":6},"end":{"line":668,"column":92}},"214":{"start":{"line":669,"column":6},"end":{"line":669,"column":45}},"215":{"start":{"line":672,"column":4},"end":{"line":674,"column":5}},"216":{"start":{"line":673,"column":6},"end":{"line":673,"column":113}},"217":{"start":{"line":677,"column":4},"end":{"line":679,"column":5}},"218":{"start":{"line":678,"column":6},"end":{"line":678,"column":124}},"219":{"start":{"line":681,"column":4},"end":{"line":683,"column":5}},"220":{"start":{"line":682,"column":6},"end":{"line":682,"column":45}},"221":{"start":{"line":685,"column":25},"end":{"line":685,"column":78}},"222":{"start":{"line":686,"column":28},"end":{"line":686,"column":30}},"223":{"start":{"line":687,"column":28},"end":{"line":687,"column":29}},"224":{"start":{"line":688,"column":30},"end":{"line":688,"column":35}},"225":{"start":{"line":689,"column":28},"end":{"line":689,"column":29}},"226":{"start":{"line":692,"column":4},"end":{"line":700,"column":5}},"227":{"start":{"line":694,"column":6},"end":{"line":694,"column":39}},"228":{"start":{"line":697,"column":6},"end":{"line":699,"column":7}},"229":{"start":{"line":698,"column":8},"end":{"line":698,"column":35}},"230":{"start":{"line":702,"column":4},"end":{"line":732,"column":5}},"231":{"start":{"line":703,"column":6},"end":{"line":707,"column":10}},"232":{"start":{"line":709,"column":6},"end":{"line":731,"column":7}},"233":{"start":{"line":710,"column":8},"end":{"line":710,"column":28}},"234":{"start":{"line":711,"column":8},"end":{"line":730,"column":9}},"235":{"start":{"line":712,"column":10},"end":{"line":716,"column":14}},"236":{"start":{"line":717,"column":15},"end":{"line":730,"column":9}},"237":{"start":{"line":718,"column":10},"end":{"line":722,"column":70}},"238":{"start":{"line":724,"column":10},"end":{"line":728,"column":70}},"239":{"start":{"line":734,"column":4},"end":{"line":743,"column":5}},"240":{"start":{"line":735,"column":23},"end":{"line":735,"column":101}},"241":{"start":{"line":736,"column":29},"end":{"line":736,"column":142}},"242":{"start":{"line":737,"column":27},"end":{"line":737,"column":60}},"243":{"start":{"line":738,"column":6},"end":{"line":740,"column":7}},"244":{"start":{"line":739,"column":8},"end":{"line":739,"column":89}},"245":{"start":{"line":739,"column":85},"end":{"line":739,"column":88}},"246":{"start":{"line":741,"column":6},"end":{"line":741,"column":61}},"247":{"start":{"line":742,"column":6},"end":{"line":742,"column":61}},"248":{"start":{"line":746,"column":4},"end":{"line":822,"column":5}},"249":{"start":{"line":748,"column":23},"end":{"line":748,"column":24}},"250":{"start":{"line":749,"column":6},"end":{"line":753,"column":7}},"251":{"start":{"line":750,"column":8},"end":{"line":750,"column":48}},"252":{"start":{"line":752,"column":8},"end":{"line":752,"column":86}},"253":{"start":{"line":756,"column":34},"end":{"line":756,"column":101}},"254":{"start":{"line":757,"column":29},"end":{"line":757,"column":64}},"255":{"start":{"line":758,"column":22},"end":{"line":758,"column":61}},"256":{"start":{"line":759,"column":24},"end":{"line":759,"column":50}},"257":{"start":{"line":760,"column":28},"end":{"line":760,"column":60}},"258":{"start":{"line":762,"column":30},"end":{"line":762,"column":116}},"259":{"start":{"line":764,"column":6},"end":{"line":774,"column":9}},"260":{"start":{"line":776,"column":28},"end":{"line":776,"column":63}},"261":{"start":{"line":779,"column":6},"end":{"line":787,"column":7}},"262":{"start":{"line":780,"column":8},"end":{"line":780,"column":75}},"263":{"start":{"line":781,"column":8},"end":{"line":781,"column":66}},"264":{"start":{"line":782,"column":8},"end":{"line":782,"column":23}},"265":{"start":{"line":784,"column":8},"end":{"line":784,"column":75}},"266":{"start":{"line":785,"column":8},"end":{"line":785,"column":66}},"267":{"start":{"line":786,"column":8},"end":{"line":786,"column":24}},"268":{"start":{"line":790,"column":26},"end":{"line":790,"column":49}},"269":{"start":{"line":791,"column":6},"end":{"line":796,"column":9}},"270":{"start":{"line":799,"column":6},"end":{"line":821,"column":7}},"271":{"start":{"line":801,"column":32},"end":{"line":801,"column":65}},"272":{"start":{"line":802,"column":8},"end":{"line":820,"column":9}},"273":{"start":{"line":804,"column":36},"end":{"line":810,"column":11}},"274":{"start":{"line":813,"column":24},"end":{"line":813,"column":47}},"275":{"start":{"line":816,"column":10},"end":{"line":816,"column":106}},"276":{"start":{"line":819,"column":10},"end":{"line":819,"column":52}},"277":{"start":{"line":825,"column":19},"end":{"line":825,"column":24}},"278":{"start":{"line":826,"column":25},"end":{"line":826,"column":30}},"279":{"start":{"line":827,"column":24},"end":{"line":827,"column":29}},"280":{"start":{"line":828,"column":31},"end":{"line":828,"column":36}},"281":{"start":{"line":831,"column":4},"end":{"line":865,"column":5}},"282":{"start":{"line":832,"column":6},"end":{"line":832,"column":22}},"283":{"start":{"line":835,"column":6},"end":{"line":852,"column":7}},"284":{"start":{"line":836,"column":21},"end":{"line":836,"column":62}},"285":{"start":{"line":837,"column":8},"end":{"line":843,"column":9}},"286":{"start":{"line":838,"column":10},"end":{"line":842,"column":11}},"287":{"start":{"line":839,"column":12},"end":{"line":839,"column":34}},"288":{"start":{"line":840,"column":17},"end":{"line":842,"column":11}},"289":{"start":{"line":841,"column":12},"end":{"line":841,"column":33}},"290":{"start":{"line":844,"column":13},"end":{"line":852,"column":7}},"291":{"start":{"line":846,"column":26},"end":{"line":846,"column":58}},"292":{"start":{"line":847,"column":8},"end":{"line":851,"column":9}},"293":{"start":{"line":848,"column":10},"end":{"line":848,"column":32}},"294":{"start":{"line":849,"column":15},"end":{"line":851,"column":9}},"295":{"start":{"line":850,"column":10},"end":{"line":850,"column":31}},"296":{"start":{"line":853,"column":11},"end":{"line":865,"column":5}},"297":{"start":{"line":855,"column":26},"end":{"line":855,"column":48}},"298":{"start":{"line":856,"column":26},"end":{"line":856,"column":54}},"299":{"start":{"line":858,"column":6},"end":{"line":864,"column":7}},"300":{"start":{"line":860,"column":8},"end":{"line":863,"column":9}},"301":{"start":{"line":861,"column":10},"end":{"line":861,"column":26}},"302":{"start":{"line":862,"column":10},"end":{"line":862,"column":38}},"303":{"start":{"line":868,"column":23},"end":{"line":868,"column":28}},"304":{"start":{"line":869,"column":25},"end":{"line":869,"column":30}},"305":{"start":{"line":871,"column":4},"end":{"line":875,"column":5}},"306":{"start":{"line":873,"column":6},"end":{"line":873,"column":37}},"307":{"start":{"line":874,"column":6},"end":{"line":874,"column":37}},"308":{"start":{"line":878,"column":25},"end":{"line":907,"column":5}},"309":{"start":{"line":909,"column":20},"end":{"line":912,"column":5}},"310":{"start":{"line":914,"column":21},"end":{"line":918,"column":5}},"311":{"start":{"line":920,"column":4},"end":{"line":920,"column":33}},"312":{"start":{"line":922,"column":4},"end":{"line":922,"column":59}},"313":{"start":{"line":923,"column":4},"end":{"line":949,"column":5}},"314":{"start":{"line":924,"column":19},"end":{"line":924,"column":49}},"315":{"start":{"line":925,"column":17},"end":{"line":925,"column":53}},"316":{"start":{"line":928,"column":6},"end":{"line":948,"column":7}},"317":{"start":{"line":929,"column":23},"end":{"line":929,"column":64}},"318":{"start":{"line":930,"column":8},"end":{"line":945,"column":9}},"319":{"start":{"line":931,"column":29},"end":{"line":935,"column":11}},"320":{"start":{"line":937,"column":10},"end":{"line":942,"column":13}},"321":{"start":{"line":944,"column":10},"end":{"line":944,"column":69}},"322":{"start":{"line":947,"column":8},"end":{"line":947,"column":67}},"323":{"start":{"line":951,"column":4},"end":{"line":951,"column":17}},"324":{"start":{"line":956,"column":24},"end":{"line":956,"column":35}},"325":{"start":{"line":959,"column":25},"end":{"line":959,"column":103}},"326":{"start":{"line":962,"column":25},"end":{"line":966,"column":5}},"327":{"start":{"line":969,"column":4},"end":{"line":974,"column":5}},"328":{"start":{"line":970,"column":6},"end":{"line":970,"column":60}},"329":{"start":{"line":971,"column":6},"end":{"line":971,"column":58}},"330":{"start":{"line":972,"column":6},"end":{"line":972,"column":54}},"331":{"start":{"line":973,"column":6},"end":{"line":973,"column":56}},"332":{"start":{"line":976,"column":20},"end":{"line":979,"column":5}},"333":{"start":{"line":981,"column":21},"end":{"line":984,"column":5}},"334":{"start":{"line":986,"column":4},"end":{"line":986,"column":33}},"335":{"start":{"line":990,"column":0},"end":{"line":990,"column":27}}},"fnMap":{"0":{"name":"(anonymous_0)","decl":{"start":{"line":19,"column":2},"end":{"line":19,"column":3}},"loc":{"start":{"line":19,"column":30},"end":{"line":49,"column":3}},"line":19},"1":{"name":"(anonymous_1)","decl":{"start":{"line":77,"column":2},"end":{"line":77,"column":3}},"loc":{"start":{"line":77,"column":27},"end":{"line":94,"column":3}},"line":77},"2":{"name":"(anonymous_2)","decl":{"start":{"line":87,"column":71},"end":{"line":87,"column":72}},"loc":{"start":{"line":87,"column":81},"end":{"line":93,"column":5}},"line":87},"3":{"name":"(anonymous_3)","decl":{"start":{"line":96,"column":2},"end":{"line":96,"column":3}},"loc":{"start":{"line":96,"column":30},"end":{"line":105,"column":3}},"line":96},"4":{"name":"(anonymous_4)","decl":{"start":{"line":111,"column":2},"end":{"line":111,"column":3}},"loc":{"start":{"line":111,"column":12},"end":{"line":113,"column":3}},"line":111},"5":{"name":"(anonymous_5)","decl":{"start":{"line":115,"column":2},"end":{"line":115,"column":3}},"loc":{"start":{"line":115,"column":22},"end":{"line":275,"column":3}},"line":115},"6":{"name":"(anonymous_6)","decl":{"start":{"line":124,"column":6},"end":{"line":124,"column":7}},"loc":{"start":{"line":124,"column":16},"end":{"line":128,"column":7}},"line":124},"7":{"name":"(anonymous_7)","decl":{"start":{"line":172,"column":63},"end":{"line":172,"column":64}},"loc":{"start":{"line":172,"column":73},"end":{"line":176,"column":5}},"line":172},"8":{"name":"(anonymous_8)","decl":{"start":{"line":277,"column":2},"end":{"line":277,"column":3}},"loc":{"start":{"line":277,"column":26},"end":{"line":303,"column":3}},"line":277},"9":{"name":"(anonymous_9)","decl":{"start":{"line":305,"column":2},"end":{"line":305,"column":3}},"loc":{"start":{"line":305,"column":39},"end":{"line":307,"column":3}},"line":305},"10":{"name":"(anonymous_10)","decl":{"start":{"line":309,"column":2},"end":{"line":309,"column":3}},"loc":{"start":{"line":309,"column":32},"end":{"line":312,"column":3}},"line":309},"11":{"name":"(anonymous_11)","decl":{"start":{"line":314,"column":2},"end":{"line":314,"column":3}},"loc":{"start":{"line":314,"column":28},"end":{"line":317,"column":3}},"line":314},"12":{"name":"(anonymous_12)","decl":{"start":{"line":319,"column":2},"end":{"line":319,"column":3}},"loc":{"start":{"line":319,"column":26},"end":{"line":322,"column":3}},"line":319},"13":{"name":"(anonymous_13)","decl":{"start":{"line":324,"column":2},"end":{"line":324,"column":3}},"loc":{"start":{"line":324,"column":31},"end":{"line":349,"column":3}},"line":324},"14":{"name":"(anonymous_14)","decl":{"start":{"line":350,"column":2},"end":{"line":350,"column":3}},"loc":{"start":{"line":350,"column":31},"end":{"line":353,"column":3}},"line":350},"15":{"name":"(anonymous_15)","decl":{"start":{"line":355,"column":2},"end":{"line":355,"column":3}},"loc":{"start":{"line":355,"column":28},"end":{"line":358,"column":3}},"line":355},"16":{"name":"(anonymous_16)","decl":{"start":{"line":360,"column":2},"end":{"line":360,"column":3}},"loc":{"start":{"line":360,"column":25},"end":{"line":377,"column":3}},"line":360},"17":{"name":"(anonymous_17)","decl":{"start":{"line":371,"column":61},"end":{"line":371,"column":62}},"loc":{"start":{"line":371,"column":67},"end":{"line":371,"column":82}},"line":371},"18":{"name":"(anonymous_18)","decl":{"start":{"line":379,"column":2},"end":{"line":379,"column":3}},"loc":{"start":{"line":379,"column":69},"end":{"line":386,"column":3}},"line":379},"19":{"name":"(anonymous_19)","decl":{"start":{"line":388,"column":2},"end":{"line":388,"column":3}},"loc":{"start":{"line":388,"column":38},"end":{"line":439,"column":3}},"line":388},"20":{"name":"(anonymous_20)","decl":{"start":{"line":441,"column":2},"end":{"line":441,"column":3}},"loc":{"start":{"line":441,"column":32},"end":{"line":447,"column":3}},"line":441},"21":{"name":"(anonymous_21)","decl":{"start":{"line":449,"column":2},"end":{"line":449,"column":3}},"loc":{"start":{"line":449,"column":32},"end":{"line":468,"column":3}},"line":449},"22":{"name":"(anonymous_22)","decl":{"start":{"line":470,"column":2},"end":{"line":470,"column":3}},"loc":{"start":{"line":470,"column":25},"end":{"line":495,"column":3}},"line":470},"23":{"name":"(anonymous_23)","decl":{"start":{"line":503,"column":2},"end":{"line":503,"column":3}},"loc":{"start":{"line":503,"column":33},"end":{"line":521,"column":3}},"line":503},"24":{"name":"(anonymous_24)","decl":{"start":{"line":523,"column":2},"end":{"line":523,"column":3}},"loc":{"start":{"line":523,"column":39},"end":{"line":588,"column":3}},"line":523},"25":{"name":"(anonymous_25)","decl":{"start":{"line":590,"column":2},"end":{"line":590,"column":3}},"loc":{"start":{"line":590,"column":40},"end":{"line":952,"column":3}},"line":590},"26":{"name":"(anonymous_26)","decl":{"start":{"line":595,"column":6},"end":{"line":595,"column":7}},"loc":{"start":{"line":595,"column":13},"end":{"line":595,"column":42}},"line":595},"27":{"name":"(anonymous_27)","decl":{"start":{"line":598,"column":6},"end":{"line":598,"column":7}},"loc":{"start":{"line":598,"column":13},"end":{"line":598,"column":42}},"line":598},"28":{"name":"(anonymous_28)","decl":{"start":{"line":602,"column":6},"end":{"line":602,"column":7}},"loc":{"start":{"line":602,"column":13},"end":{"line":602,"column":38}},"line":602},"29":{"name":"(anonymous_29)","decl":{"start":{"line":605,"column":6},"end":{"line":605,"column":7}},"loc":{"start":{"line":605,"column":13},"end":{"line":605,"column":38}},"line":605},"30":{"name":"(anonymous_30)","decl":{"start":{"line":739,"column":75},"end":{"line":739,"column":76}},"loc":{"start":{"line":739,"column":85},"end":{"line":739,"column":88}},"line":739},"31":{"name":"(anonymous_31)","decl":{"start":{"line":954,"column":2},"end":{"line":954,"column":3}},"loc":{"start":{"line":954,"column":61},"end":{"line":987,"column":3}},"line":954}},"branchMap":{"0":{"loc":{"start":{"line":23,"column":26},"end":{"line":23,"column":76}},"type":"binary-expr","locations":[{"start":{"line":23,"column":26},"end":{"line":23,"column":53}},{"start":{"line":23,"column":57},"end":{"line":23,"column":76}}],"line":23},"1":{"loc":{"start":{"line":24,"column":20},"end":{"line":24,"column":47}},"type":"binary-expr","locations":[{"start":{"line":24,"column":20},"end":{"line":24,"column":41}},{"start":{"line":24,"column":45},"end":{"line":24,"column":47}}],"line":24},"2":{"loc":{"start":{"line":25,"column":26},"end":{"line":25,"column":70}},"type":"binary-expr","locations":[{"start":{"line":25,"column":26},"end":{"line":25,"column":47}},{"start":{"line":25,"column":51},"end":{"line":25,"column":70}}],"line":25},"3":{"loc":{"start":{"line":28,"column":18},"end":{"line":28,"column":56}},"type":"binary-expr","locations":[{"start":{"line":28,"column":18},"end":{"line":28,"column":48}},{"start":{"line":28,"column":52},"end":{"line":28,"column":56}}],"line":28},"4":{"loc":{"start":{"line":35,"column":23},"end":{"line":35,"column":88}},"type":"cond-expr","locations":[{"start":{"line":35,"column":50},"end":{"line":35,"column":84}},{"start":{"line":35,"column":87},"end":{"line":35,"column":88}}],"line":35},"5":{"loc":{"start":{"line":40,"column":4},"end":{"line":45,"column":5}},"type":"if","locations":[{"start":{"line":40,"column":4},"end":{"line":45,"column":5}},{"start":{},"end":{}}],"line":40},"6":{"loc":{"start":{"line":40,"column":8},"end":{"line":40,"column":44}},"type":"binary-expr","locations":[{"start":{"line":40,"column":8},"end":{"line":40,"column":21}},{"start":{"line":40,"column":25},"end":{"line":40,"column":44}}],"line":40},"7":{"loc":{"start":{"line":42,"column":6},"end":{"line":44,"column":7}},"type":"if","locations":[{"start":{"line":42,"column":6},"end":{"line":44,"column":7}},{"start":{},"end":{}}],"line":42},"8":{"loc":{"start":{"line":42,"column":10},"end":{"line":42,"column":38}},"type":"binary-expr","locations":[{"start":{"line":42,"column":10},"end":{"line":42,"column":14}},{"start":{"line":42,"column":18},"end":{"line":42,"column":38}}],"line":42},"9":{"loc":{"start":{"line":117,"column":4},"end":{"line":119,"column":5}},"type":"if","locations":[{"start":{"line":117,"column":4},"end":{"line":119,"column":5}},{"start":{},"end":{}}],"line":117},"10":{"loc":{"start":{"line":117,"column":8},"end":{"line":117,"column":36}},"type":"binary-expr","locations":[{"start":{"line":117,"column":8},"end":{"line":117,"column":21}},{"start":{"line":117,"column":25},"end":{"line":117,"column":36}}],"line":117},"11":{"loc":{"start":{"line":144,"column":4},"end":{"line":170,"column":5}},"type":"if","locations":[{"start":{"line":144,"column":4},"end":{"line":170,"column":5}},{"start":{},"end":{}}],"line":144},"12":{"loc":{"start":{"line":144,"column":8},"end":{"line":144,"column":36}},"type":"binary-expr","locations":[{"start":{"line":144,"column":8},"end":{"line":144,"column":21}},{"start":{"line":144,"column":25},"end":{"line":144,"column":36}}],"line":144},"13":{"loc":{"start":{"line":147,"column":6},"end":{"line":169,"column":7}},"type":"if","locations":[{"start":{"line":147,"column":6},"end":{"line":169,"column":7}},{"start":{},"end":{}}],"line":147},"14":{"loc":{"start":{"line":158,"column":8},"end":{"line":162,"column":9}},"type":"if","locations":[{"start":{"line":158,"column":8},"end":{"line":162,"column":9}},{"start":{"line":160,"column":15},"end":{"line":162,"column":9}}],"line":158},"15":{"loc":{"start":{"line":160,"column":15},"end":{"line":162,"column":9}},"type":"if","locations":[{"start":{"line":160,"column":15},"end":{"line":162,"column":9}},{"start":{},"end":{}}],"line":160},"16":{"loc":{"start":{"line":174,"column":13},"end":{"line":174,"column":55}},"type":"binary-expr","locations":[{"start":{"line":174,"column":13},"end":{"line":174,"column":35}},{"start":{"line":174,"column":39},"end":{"line":174,"column":55}}],"line":174},"17":{"loc":{"start":{"line":204,"column":4},"end":{"line":210,"column":5}},"type":"if","locations":[{"start":{"line":204,"column":4},"end":{"line":210,"column":5}},{"start":{"line":207,"column":11},"end":{"line":210,"column":5}}],"line":204},"18":{"loc":{"start":{"line":204,"column":8},"end":{"line":204,"column":84}},"type":"binary-expr","locations":[{"start":{"line":204,"column":8},"end":{"line":204,"column":46}},{"start":{"line":204,"column":50},"end":{"line":204,"column":84}}],"line":204},"19":{"loc":{"start":{"line":209,"column":26},"end":{"line":209,"column":82}},"type":"binary-expr","locations":[{"start":{"line":209,"column":26},"end":{"line":209,"column":77}},{"start":{"line":209,"column":81},"end":{"line":209,"column":82}}],"line":209},"20":{"loc":{"start":{"line":217,"column":7},"end":{"line":217,"column":33}},"type":"cond-expr","locations":[{"start":{"line":217,"column":28},"end":{"line":217,"column":29}},{"start":{"line":217,"column":32},"end":{"line":217,"column":33}}],"line":217},"21":{"loc":{"start":{"line":219,"column":7},"end":{"line":219,"column":37}},"type":"binary-expr","locations":[{"start":{"line":219,"column":7},"end":{"line":219,"column":32}},{"start":{"line":219,"column":36},"end":{"line":219,"column":37}}],"line":219},"22":{"loc":{"start":{"line":226,"column":18},"end":{"line":226,"column":44}},"type":"cond-expr","locations":[{"start":{"line":226,"column":39},"end":{"line":226,"column":40}},{"start":{"line":226,"column":43},"end":{"line":226,"column":44}}],"line":226},"23":{"loc":{"start":{"line":228,"column":22},"end":{"line":228,"column":52}},"type":"binary-expr","locations":[{"start":{"line":228,"column":22},"end":{"line":228,"column":47}},{"start":{"line":228,"column":51},"end":{"line":228,"column":52}}],"line":228},"24":{"loc":{"start":{"line":262,"column":18},"end":{"line":262,"column":41}},"type":"binary-expr","locations":[{"start":{"line":262,"column":18},"end":{"line":262,"column":35}},{"start":{"line":262,"column":39},"end":{"line":262,"column":41}}],"line":262},"25":{"loc":{"start":{"line":341,"column":4},"end":{"line":346,"column":5}},"type":"if","locations":[{"start":{"line":341,"column":4},"end":{"line":346,"column":5}},{"start":{"line":344,"column":11},"end":{"line":346,"column":5}}],"line":341},"26":{"loc":{"start":{"line":344,"column":11},"end":{"line":346,"column":5}},"type":"if","locations":[{"start":{"line":344,"column":11},"end":{"line":346,"column":5}},{"start":{},"end":{}}],"line":344},"27":{"loc":{"start":{"line":364,"column":4},"end":{"line":372,"column":5}},"type":"if","locations":[{"start":{"line":364,"column":4},"end":{"line":372,"column":5}},{"start":{"line":369,"column":11},"end":{"line":372,"column":5}}],"line":364},"28":{"loc":{"start":{"line":366,"column":6},"end":{"line":368,"column":7}},"type":"if","locations":[{"start":{"line":366,"column":6},"end":{"line":368,"column":7}},{"start":{},"end":{}}],"line":366},"29":{"loc":{"start":{"line":380,"column":4},"end":{"line":381,"column":68}},"type":"if","locations":[{"start":{"line":380,"column":4},"end":{"line":381,"column":68}},{"start":{},"end":{}}],"line":380},"30":{"loc":{"start":{"line":382,"column":4},"end":{"line":382,"column":74}},"type":"if","locations":[{"start":{"line":382,"column":4},"end":{"line":382,"column":74}},{"start":{},"end":{}}],"line":382},"31":{"loc":{"start":{"line":383,"column":4},"end":{"line":383,"column":75}},"type":"if","locations":[{"start":{"line":383,"column":4},"end":{"line":383,"column":75}},{"start":{},"end":{}}],"line":383},"32":{"loc":{"start":{"line":384,"column":4},"end":{"line":384,"column":80}},"type":"if","locations":[{"start":{"line":384,"column":4},"end":{"line":384,"column":80}},{"start":{},"end":{}}],"line":384},"33":{"loc":{"start":{"line":394,"column":4},"end":{"line":400,"column":5}},"type":"if","locations":[{"start":{"line":394,"column":4},"end":{"line":400,"column":5}},{"start":{"line":397,"column":11},"end":{"line":400,"column":5}}],"line":394},"34":{"loc":{"start":{"line":394,"column":8},"end":{"line":394,"column":84}},"type":"binary-expr","locations":[{"start":{"line":394,"column":8},"end":{"line":394,"column":46}},{"start":{"line":394,"column":50},"end":{"line":394,"column":84}}],"line":394},"35":{"loc":{"start":{"line":399,"column":26},"end":{"line":399,"column":82}},"type":"binary-expr","locations":[{"start":{"line":399,"column":26},"end":{"line":399,"column":77}},{"start":{"line":399,"column":81},"end":{"line":399,"column":82}}],"line":399},"36":{"loc":{"start":{"line":403,"column":39},"end":{"line":403,"column":98}},"type":"binary-expr","locations":[{"start":{"line":403,"column":39},"end":{"line":403,"column":93}},{"start":{"line":403,"column":97},"end":{"line":403,"column":98}}],"line":403},"37":{"loc":{"start":{"line":409,"column":7},"end":{"line":409,"column":42}},"type":"binary-expr","locations":[{"start":{"line":409,"column":7},"end":{"line":409,"column":37}},{"start":{"line":409,"column":41},"end":{"line":409,"column":42}}],"line":409},"38":{"loc":{"start":{"line":410,"column":7},"end":{"line":410,"column":39}},"type":"binary-expr","locations":[{"start":{"line":410,"column":7},"end":{"line":410,"column":34}},{"start":{"line":410,"column":38},"end":{"line":410,"column":39}}],"line":410},"39":{"loc":{"start":{"line":411,"column":7},"end":{"line":411,"column":43}},"type":"binary-expr","locations":[{"start":{"line":411,"column":7},"end":{"line":411,"column":38}},{"start":{"line":411,"column":42},"end":{"line":411,"column":43}}],"line":411},"40":{"loc":{"start":{"line":412,"column":7},"end":{"line":412,"column":37}},"type":"binary-expr","locations":[{"start":{"line":412,"column":7},"end":{"line":412,"column":32}},{"start":{"line":412,"column":36},"end":{"line":412,"column":37}}],"line":412},"41":{"loc":{"start":{"line":418,"column":21},"end":{"line":418,"column":56}},"type":"binary-expr","locations":[{"start":{"line":418,"column":21},"end":{"line":418,"column":51}},{"start":{"line":418,"column":55},"end":{"line":418,"column":56}}],"line":418},"42":{"loc":{"start":{"line":419,"column":18},"end":{"line":419,"column":50}},"type":"binary-expr","locations":[{"start":{"line":419,"column":18},"end":{"line":419,"column":45}},{"start":{"line":419,"column":49},"end":{"line":419,"column":50}}],"line":419},"43":{"loc":{"start":{"line":420,"column":22},"end":{"line":420,"column":58}},"type":"binary-expr","locations":[{"start":{"line":420,"column":22},"end":{"line":420,"column":53}},{"start":{"line":420,"column":57},"end":{"line":420,"column":58}}],"line":420},"44":{"loc":{"start":{"line":421,"column":22},"end":{"line":421,"column":52}},"type":"binary-expr","locations":[{"start":{"line":421,"column":22},"end":{"line":421,"column":47}},{"start":{"line":421,"column":51},"end":{"line":421,"column":52}}],"line":421},"45":{"loc":{"start":{"line":471,"column":4},"end":{"line":473,"column":5}},"type":"if","locations":[{"start":{"line":471,"column":4},"end":{"line":473,"column":5}},{"start":{},"end":{}}],"line":471},"46":{"loc":{"start":{"line":474,"column":4},"end":{"line":476,"column":5}},"type":"if","locations":[{"start":{"line":474,"column":4},"end":{"line":476,"column":5}},{"start":{},"end":{}}],"line":474},"47":{"loc":{"start":{"line":477,"column":4},"end":{"line":479,"column":5}},"type":"if","locations":[{"start":{"line":477,"column":4},"end":{"line":479,"column":5}},{"start":{},"end":{}}],"line":477},"48":{"loc":{"start":{"line":477,"column":8},"end":{"line":477,"column":39}},"type":"binary-expr","locations":[{"start":{"line":477,"column":8},"end":{"line":477,"column":21}},{"start":{"line":477,"column":25},"end":{"line":477,"column":39}}],"line":477},"49":{"loc":{"start":{"line":480,"column":4},"end":{"line":482,"column":5}},"type":"if","locations":[{"start":{"line":480,"column":4},"end":{"line":482,"column":5}},{"start":{},"end":{}}],"line":480},"50":{"loc":{"start":{"line":480,"column":8},"end":{"line":480,"column":39}},"type":"binary-expr","locations":[{"start":{"line":480,"column":8},"end":{"line":480,"column":21}},{"start":{"line":480,"column":25},"end":{"line":480,"column":39}}],"line":480},"51":{"loc":{"start":{"line":484,"column":4},"end":{"line":486,"column":5}},"type":"if","locations":[{"start":{"line":484,"column":4},"end":{"line":486,"column":5}},{"start":{},"end":{}}],"line":484},"52":{"loc":{"start":{"line":484,"column":8},"end":{"line":484,"column":38}},"type":"binary-expr","locations":[{"start":{"line":484,"column":8},"end":{"line":484,"column":21}},{"start":{"line":484,"column":25},"end":{"line":484,"column":38}}],"line":484},"53":{"loc":{"start":{"line":485,"column":13},"end":{"line":485,"column":56}},"type":"cond-expr","locations":[{"start":{"line":485,"column":43},"end":{"line":485,"column":48}},{"start":{"line":485,"column":51},"end":{"line":485,"column":56}}],"line":485},"54":{"loc":{"start":{"line":488,"column":4},"end":{"line":490,"column":5}},"type":"if","locations":[{"start":{"line":488,"column":4},"end":{"line":490,"column":5}},{"start":{},"end":{}}],"line":488},"55":{"loc":{"start":{"line":488,"column":8},"end":{"line":488,"column":49}},"type":"binary-expr","locations":[{"start":{"line":488,"column":8},"end":{"line":488,"column":26}},{"start":{"line":488,"column":30},"end":{"line":488,"column":49}}],"line":488},"56":{"loc":{"start":{"line":491,"column":4},"end":{"line":493,"column":5}},"type":"if","locations":[{"start":{"line":491,"column":4},"end":{"line":493,"column":5}},{"start":{},"end":{}}],"line":491},"57":{"loc":{"start":{"line":491,"column":8},"end":{"line":491,"column":49}},"type":"binary-expr","locations":[{"start":{"line":491,"column":8},"end":{"line":491,"column":26}},{"start":{"line":491,"column":30},"end":{"line":491,"column":49}}],"line":491},"58":{"loc":{"start":{"line":494,"column":11},"end":{"line":494,"column":54}},"type":"cond-expr","locations":[{"start":{"line":494,"column":41},"end":{"line":494,"column":46}},{"start":{"line":494,"column":49},"end":{"line":494,"column":54}}],"line":494},"59":{"loc":{"start":{"line":508,"column":4},"end":{"line":518,"column":5}},"type":"if","locations":[{"start":{"line":508,"column":4},"end":{"line":518,"column":5}},{"start":{"line":510,"column":11},"end":{"line":518,"column":5}}],"line":508},"60":{"loc":{"start":{"line":508,"column":8},"end":{"line":508,"column":30}},"type":"binary-expr","locations":[{"start":{"line":508,"column":8},"end":{"line":508,"column":17}},{"start":{"line":508,"column":21},"end":{"line":508,"column":30}}],"line":508},"61":{"loc":{"start":{"line":510,"column":11},"end":{"line":518,"column":5}},"type":"if","locations":[{"start":{"line":510,"column":11},"end":{"line":518,"column":5}},{"start":{"line":512,"column":11},"end":{"line":518,"column":5}}],"line":510},"62":{"loc":{"start":{"line":510,"column":15},"end":{"line":510,"column":38}},"type":"binary-expr","locations":[{"start":{"line":510,"column":15},"end":{"line":510,"column":24}},{"start":{"line":510,"column":28},"end":{"line":510,"column":38}}],"line":510},"63":{"loc":{"start":{"line":512,"column":11},"end":{"line":518,"column":5}},"type":"if","locations":[{"start":{"line":512,"column":11},"end":{"line":518,"column":5}},{"start":{"line":514,"column":11},"end":{"line":518,"column":5}}],"line":512},"64":{"loc":{"start":{"line":512,"column":15},"end":{"line":512,"column":39}},"type":"binary-expr","locations":[{"start":{"line":512,"column":15},"end":{"line":512,"column":25}},{"start":{"line":512,"column":29},"end":{"line":512,"column":39}}],"line":512},"65":{"loc":{"start":{"line":514,"column":11},"end":{"line":518,"column":5}},"type":"if","locations":[{"start":{"line":514,"column":11},"end":{"line":518,"column":5}},{"start":{"line":516,"column":11},"end":{"line":518,"column":5}}],"line":514},"66":{"loc":{"start":{"line":514,"column":15},"end":{"line":514,"column":39}},"type":"binary-expr","locations":[{"start":{"line":514,"column":15},"end":{"line":514,"column":25}},{"start":{"line":514,"column":29},"end":{"line":514,"column":39}}],"line":514},"67":{"loc":{"start":{"line":516,"column":11},"end":{"line":518,"column":5}},"type":"if","locations":[{"start":{"line":516,"column":11},"end":{"line":518,"column":5}},{"start":{},"end":{}}],"line":516},"68":{"loc":{"start":{"line":536,"column":4},"end":{"line":547,"column":5}},"type":"if","locations":[{"start":{"line":536,"column":4},"end":{"line":547,"column":5}},{"start":{},"end":{}}],"line":536},"69":{"loc":{"start":{"line":550,"column":4},"end":{"line":561,"column":5}},"type":"if","locations":[{"start":{"line":550,"column":4},"end":{"line":561,"column":5}},{"start":{},"end":{}}],"line":550},"70":{"loc":{"start":{"line":564,"column":4},"end":{"line":567,"column":5}},"type":"if","locations":[{"start":{"line":564,"column":4},"end":{"line":567,"column":5}},{"start":{},"end":{}}],"line":564},"71":{"loc":{"start":{"line":573,"column":26},"end":{"line":573,"column":77}},"type":"cond-expr","locations":[{"start":{"line":573,"column":56},"end":{"line":573,"column":70}},{"start":{"line":573,"column":73},"end":{"line":573,"column":77}}],"line":573},"72":{"loc":{"start":{"line":575,"column":4},"end":{"line":577,"column":5}},"type":"if","locations":[{"start":{"line":575,"column":4},"end":{"line":577,"column":5}},{"start":{},"end":{}}],"line":575},"73":{"loc":{"start":{"line":583,"column":4},"end":{"line":585,"column":5}},"type":"if","locations":[{"start":{"line":583,"column":4},"end":{"line":585,"column":5}},{"start":{},"end":{}}],"line":583},"74":{"loc":{"start":{"line":587,"column":11},"end":{"line":587,"column":41}},"type":"cond-expr","locations":[{"start":{"line":587,"column":28},"end":{"line":587,"column":33}},{"start":{"line":587,"column":36},"end":{"line":587,"column":41}}],"line":587},"75":{"loc":{"start":{"line":608,"column":23},"end":{"line":608,"column":49}},"type":"cond-expr","locations":[{"start":{"line":608,"column":44},"end":{"line":608,"column":45}},{"start":{"line":608,"column":48},"end":{"line":608,"column":49}}],"line":608},"76":{"loc":{"start":{"line":621,"column":4},"end":{"line":624,"column":5}},"type":"if","locations":[{"start":{"line":621,"column":4},"end":{"line":624,"column":5}},{"start":{},"end":{}}],"line":621},"77":{"loc":{"start":{"line":621,"column":8},"end":{"line":621,"column":65}},"type":"binary-expr","locations":[{"start":{"line":621,"column":8},"end":{"line":621,"column":38}},{"start":{"line":621,"column":42},"end":{"line":621,"column":65}}],"line":621},"78":{"loc":{"start":{"line":630,"column":4},"end":{"line":633,"column":5}},"type":"if","locations":[{"start":{"line":630,"column":4},"end":{"line":633,"column":5}},{"start":{},"end":{}}],"line":630},"79":{"loc":{"start":{"line":646,"column":4},"end":{"line":648,"column":5}},"type":"if","locations":[{"start":{"line":646,"column":4},"end":{"line":648,"column":5}},{"start":{},"end":{}}],"line":646},"80":{"loc":{"start":{"line":656,"column":4},"end":{"line":665,"column":5}},"type":"if","locations":[{"start":{"line":656,"column":4},"end":{"line":665,"column":5}},{"start":{},"end":{}}],"line":656},"81":{"loc":{"start":{"line":662,"column":6},"end":{"line":664,"column":7}},"type":"if","locations":[{"start":{"line":662,"column":6},"end":{"line":664,"column":7}},{"start":{},"end":{}}],"line":662},"82":{"loc":{"start":{"line":667,"column":4},"end":{"line":670,"column":5}},"type":"if","locations":[{"start":{"line":667,"column":4},"end":{"line":670,"column":5}},{"start":{},"end":{}}],"line":667},"83":{"loc":{"start":{"line":672,"column":4},"end":{"line":674,"column":5}},"type":"if","locations":[{"start":{"line":672,"column":4},"end":{"line":674,"column":5}},{"start":{},"end":{}}],"line":672},"84":{"loc":{"start":{"line":677,"column":4},"end":{"line":679,"column":5}},"type":"if","locations":[{"start":{"line":677,"column":4},"end":{"line":679,"column":5}},{"start":{},"end":{}}],"line":677},"85":{"loc":{"start":{"line":681,"column":4},"end":{"line":683,"column":5}},"type":"if","locations":[{"start":{"line":681,"column":4},"end":{"line":683,"column":5}},{"start":{},"end":{}}],"line":681},"86":{"loc":{"start":{"line":692,"column":4},"end":{"line":700,"column":5}},"type":"if","locations":[{"start":{"line":692,"column":4},"end":{"line":700,"column":5}},{"start":{},"end":{}}],"line":692},"87":{"loc":{"start":{"line":692,"column":8},"end":{"line":692,"column":32}},"type":"binary-expr","locations":[{"start":{"line":692,"column":8},"end":{"line":692,"column":15}},{"start":{"line":692,"column":19},"end":{"line":692,"column":32}}],"line":692},"88":{"loc":{"start":{"line":697,"column":6},"end":{"line":699,"column":7}},"type":"if","locations":[{"start":{"line":697,"column":6},"end":{"line":699,"column":7}},{"start":{},"end":{}}],"line":697},"89":{"loc":{"start":{"line":697,"column":10},"end":{"line":697,"column":92}},"type":"binary-expr","locations":[{"start":{"line":697,"column":10},"end":{"line":697,"column":31}},{"start":{"line":697,"column":35},"end":{"line":697,"column":92}}],"line":697},"90":{"loc":{"start":{"line":702,"column":4},"end":{"line":732,"column":5}},"type":"if","locations":[{"start":{"line":702,"column":4},"end":{"line":732,"column":5}},{"start":{},"end":{}}],"line":702},"91":{"loc":{"start":{"line":702,"column":8},"end":{"line":702,"column":32}},"type":"binary-expr","locations":[{"start":{"line":702,"column":8},"end":{"line":702,"column":21}},{"start":{"line":702,"column":25},"end":{"line":702,"column":32}}],"line":702},"92":{"loc":{"start":{"line":709,"column":6},"end":{"line":731,"column":7}},"type":"if","locations":[{"start":{"line":709,"column":6},"end":{"line":731,"column":7}},{"start":{},"end":{}}],"line":709},"93":{"loc":{"start":{"line":709,"column":10},"end":{"line":709,"column":58}},"type":"binary-expr","locations":[{"start":{"line":709,"column":10},"end":{"line":709,"column":23}},{"start":{"line":709,"column":27},"end":{"line":709,"column":58}}],"line":709},"94":{"loc":{"start":{"line":711,"column":8},"end":{"line":730,"column":9}},"type":"if","locations":[{"start":{"line":711,"column":8},"end":{"line":730,"column":9}},{"start":{"line":717,"column":15},"end":{"line":730,"column":9}}],"line":711},"95":{"loc":{"start":{"line":717,"column":15},"end":{"line":730,"column":9}},"type":"if","locations":[{"start":{"line":717,"column":15},"end":{"line":730,"column":9}},{"start":{"line":723,"column":15},"end":{"line":730,"column":9}}],"line":717},"96":{"loc":{"start":{"line":734,"column":4},"end":{"line":743,"column":5}},"type":"if","locations":[{"start":{"line":734,"column":4},"end":{"line":743,"column":5}},{"start":{},"end":{}}],"line":734},"97":{"loc":{"start":{"line":734,"column":7},"end":{"line":734,"column":26}},"type":"binary-expr","locations":[{"start":{"line":734,"column":7},"end":{"line":734,"column":14}},{"start":{"line":734,"column":18},"end":{"line":734,"column":26}}],"line":734},"98":{"loc":{"start":{"line":735,"column":31},"end":{"line":735,"column":100}},"type":"cond-expr","locations":[{"start":{"line":735,"column":65},"end":{"line":735,"column":96}},{"start":{"line":735,"column":99},"end":{"line":735,"column":100}}],"line":735},"99":{"loc":{"start":{"line":738,"column":6},"end":{"line":740,"column":7}},"type":"if","locations":[{"start":{"line":738,"column":6},"end":{"line":740,"column":7}},{"start":{},"end":{}}],"line":738},"100":{"loc":{"start":{"line":741,"column":32},"end":{"line":741,"column":60}},"type":"cond-expr","locations":[{"start":{"line":741,"column":46},"end":{"line":741,"column":53}},{"start":{"line":741,"column":56},"end":{"line":741,"column":60}}],"line":741},"101":{"loc":{"start":{"line":746,"column":4},"end":{"line":822,"column":5}},"type":"if","locations":[{"start":{"line":746,"column":4},"end":{"line":822,"column":5}},{"start":{},"end":{}}],"line":746},"102":{"loc":{"start":{"line":746,"column":8},"end":{"line":746,"column":42}},"type":"binary-expr","locations":[{"start":{"line":746,"column":8},"end":{"line":746,"column":22}},{"start":{"line":746,"column":26},"end":{"line":746,"column":42}}],"line":746},"103":{"loc":{"start":{"line":749,"column":6},"end":{"line":753,"column":7}},"type":"if","locations":[{"start":{"line":749,"column":6},"end":{"line":753,"column":7}},{"start":{"line":751,"column":13},"end":{"line":753,"column":7}}],"line":749},"104":{"loc":{"start":{"line":749,"column":10},"end":{"line":749,"column":86}},"type":"binary-expr","locations":[{"start":{"line":749,"column":10},"end":{"line":749,"column":48}},{"start":{"line":749,"column":52},"end":{"line":749,"column":86}}],"line":749},"105":{"loc":{"start":{"line":752,"column":28},"end":{"line":752,"column":84}},"type":"binary-expr","locations":[{"start":{"line":752,"column":28},"end":{"line":752,"column":79}},{"start":{"line":752,"column":83},"end":{"line":752,"column":84}}],"line":752},"106":{"loc":{"start":{"line":756,"column":41},"end":{"line":756,"column":100}},"type":"binary-expr","locations":[{"start":{"line":756,"column":41},"end":{"line":756,"column":95}},{"start":{"line":756,"column":99},"end":{"line":756,"column":100}}],"line":756},"107":{"loc":{"start":{"line":757,"column":29},"end":{"line":757,"column":64}},"type":"binary-expr","locations":[{"start":{"line":757,"column":29},"end":{"line":757,"column":59}},{"start":{"line":757,"column":63},"end":{"line":757,"column":64}}],"line":757},"108":{"loc":{"start":{"line":758,"column":29},"end":{"line":758,"column":60}},"type":"binary-expr","locations":[{"start":{"line":758,"column":29},"end":{"line":758,"column":55}},{"start":{"line":758,"column":59},"end":{"line":758,"column":60}}],"line":758},"109":{"loc":{"start":{"line":759,"column":24},"end":{"line":759,"column":50}},"type":"cond-expr","locations":[{"start":{"line":759,"column":45},"end":{"line":759,"column":46}},{"start":{"line":759,"column":49},"end":{"line":759,"column":50}}],"line":759},"110":{"loc":{"start":{"line":760,"column":35},"end":{"line":760,"column":59}},"type":"binary-expr","locations":[{"start":{"line":760,"column":35},"end":{"line":760,"column":54}},{"start":{"line":760,"column":58},"end":{"line":760,"column":59}}],"line":760},"111":{"loc":{"start":{"line":779,"column":6},"end":{"line":787,"column":7}},"type":"if","locations":[{"start":{"line":779,"column":6},"end":{"line":787,"column":7}},{"start":{"line":783,"column":13},"end":{"line":787,"column":7}}],"line":779},"112":{"loc":{"start":{"line":795,"column":16},"end":{"line":795,"column":135}},"type":"cond-expr","locations":[{"start":{"line":795,"column":32},"end":{"line":795,"column":82}},{"start":{"line":795,"column":85},"end":{"line":795,"column":135}}],"line":795},"113":{"loc":{"start":{"line":799,"column":6},"end":{"line":821,"column":7}},"type":"if","locations":[{"start":{"line":799,"column":6},"end":{"line":821,"column":7}},{"start":{},"end":{}}],"line":799},"114":{"loc":{"start":{"line":802,"column":8},"end":{"line":820,"column":9}},"type":"if","locations":[{"start":{"line":802,"column":8},"end":{"line":820,"column":9}},{"start":{},"end":{}}],"line":802},"115":{"loc":{"start":{"line":805,"column":41},"end":{"line":805,"column":78}},"type":"cond-expr","locations":[{"start":{"line":805,"column":57},"end":{"line":805,"column":66}},{"start":{"line":805,"column":69},"end":{"line":805,"column":78}}],"line":805},"116":{"loc":{"start":{"line":806,"column":33},"end":{"line":806,"column":66}},"type":"cond-expr","locations":[{"start":{"line":806,"column":49},"end":{"line":806,"column":56}},{"start":{"line":806,"column":59},"end":{"line":806,"column":66}}],"line":806},"117":{"loc":{"start":{"line":807,"column":35},"end":{"line":807,"column":177}},"type":"cond-expr","locations":[{"start":{"line":807,"column":51},"end":{"line":807,"column":115}},{"start":{"line":807,"column":118},"end":{"line":807,"column":177}}],"line":807},"118":{"loc":{"start":{"line":831,"column":4},"end":{"line":865,"column":5}},"type":"if","locations":[{"start":{"line":831,"column":4},"end":{"line":865,"column":5}},{"start":{"line":853,"column":11},"end":{"line":865,"column":5}}],"line":831},"119":{"loc":{"start":{"line":835,"column":6},"end":{"line":852,"column":7}},"type":"if","locations":[{"start":{"line":835,"column":6},"end":{"line":852,"column":7}},{"start":{"line":844,"column":13},"end":{"line":852,"column":7}}],"line":835},"120":{"loc":{"start":{"line":837,"column":8},"end":{"line":843,"column":9}},"type":"if","locations":[{"start":{"line":837,"column":8},"end":{"line":843,"column":9}},{"start":{},"end":{}}],"line":837},"121":{"loc":{"start":{"line":838,"column":10},"end":{"line":842,"column":11}},"type":"if","locations":[{"start":{"line":838,"column":10},"end":{"line":842,"column":11}},{"start":{"line":840,"column":17},"end":{"line":842,"column":11}}],"line":838},"122":{"loc":{"start":{"line":840,"column":17},"end":{"line":842,"column":11}},"type":"if","locations":[{"start":{"line":840,"column":17},"end":{"line":842,"column":11}},{"start":{},"end":{}}],"line":840},"123":{"loc":{"start":{"line":844,"column":13},"end":{"line":852,"column":7}},"type":"if","locations":[{"start":{"line":844,"column":13},"end":{"line":852,"column":7}},{"start":{},"end":{}}],"line":844},"124":{"loc":{"start":{"line":847,"column":8},"end":{"line":851,"column":9}},"type":"if","locations":[{"start":{"line":847,"column":8},"end":{"line":851,"column":9}},{"start":{"line":849,"column":15},"end":{"line":851,"column":9}}],"line":847},"125":{"loc":{"start":{"line":849,"column":15},"end":{"line":851,"column":9}},"type":"if","locations":[{"start":{"line":849,"column":15},"end":{"line":851,"column":9}},{"start":{},"end":{}}],"line":849},"126":{"loc":{"start":{"line":849,"column":19},"end":{"line":849,"column":88}},"type":"binary-expr","locations":[{"start":{"line":849,"column":19},"end":{"line":849,"column":56}},{"start":{"line":849,"column":60},"end":{"line":849,"column":88}}],"line":849},"127":{"loc":{"start":{"line":853,"column":11},"end":{"line":865,"column":5}},"type":"if","locations":[{"start":{"line":853,"column":11},"end":{"line":865,"column":5}},{"start":{},"end":{}}],"line":853},"128":{"loc":{"start":{"line":858,"column":6},"end":{"line":864,"column":7}},"type":"if","locations":[{"start":{"line":858,"column":6},"end":{"line":864,"column":7}},{"start":{},"end":{}}],"line":858},"129":{"loc":{"start":{"line":858,"column":10},"end":{"line":858,"column":96}},"type":"binary-expr","locations":[{"start":{"line":858,"column":10},"end":{"line":858,"column":51}},{"start":{"line":858,"column":55},"end":{"line":858,"column":96}}],"line":858},"130":{"loc":{"start":{"line":860,"column":8},"end":{"line":863,"column":9}},"type":"if","locations":[{"start":{"line":860,"column":8},"end":{"line":863,"column":9}},{"start":{},"end":{}}],"line":860},"131":{"loc":{"start":{"line":871,"column":4},"end":{"line":875,"column":5}},"type":"if","locations":[{"start":{"line":871,"column":4},"end":{"line":875,"column":5}},{"start":{},"end":{}}],"line":871},"132":{"loc":{"start":{"line":871,"column":8},"end":{"line":871,"column":42}},"type":"binary-expr","locations":[{"start":{"line":871,"column":8},"end":{"line":871,"column":22}},{"start":{"line":871,"column":26},"end":{"line":871,"column":42}}],"line":871},"133":{"loc":{"start":{"line":882,"column":14},"end":{"line":887,"column":7}},"type":"binary-expr","locations":[{"start":{"line":882,"column":14},"end":{"line":882,"column":21}},{"start":{"line":882,"column":25},"end":{"line":887,"column":7}}],"line":882},"134":{"loc":{"start":{"line":923,"column":4},"end":{"line":949,"column":5}},"type":"if","locations":[{"start":{"line":923,"column":4},"end":{"line":949,"column":5}},{"start":{},"end":{}}],"line":923},"135":{"loc":{"start":{"line":923,"column":7},"end":{"line":923,"column":43}},"type":"binary-expr","locations":[{"start":{"line":923,"column":8},"end":{"line":923,"column":15}},{"start":{"line":923,"column":19},"end":{"line":923,"column":27}},{"start":{"line":923,"column":32},"end":{"line":923,"column":43}}],"line":923},"136":{"loc":{"start":{"line":928,"column":6},"end":{"line":948,"column":7}},"type":"if","locations":[{"start":{"line":928,"column":6},"end":{"line":948,"column":7}},{"start":{"line":946,"column":13},"end":{"line":948,"column":7}}],"line":928},"137":{"loc":{"start":{"line":930,"column":8},"end":{"line":945,"column":9}},"type":"if","locations":[{"start":{"line":930,"column":8},"end":{"line":945,"column":9}},{"start":{"line":943,"column":15},"end":{"line":945,"column":9}}],"line":930},"138":{"loc":{"start":{"line":934,"column":12},"end":{"line":934,"column":81}},"type":"cond-expr","locations":[{"start":{"line":934,"column":46},"end":{"line":934,"column":77}},{"start":{"line":934,"column":80},"end":{"line":934,"column":81}}],"line":934},"139":{"loc":{"start":{"line":956,"column":24},"end":{"line":956,"column":35}},"type":"binary-expr","locations":[{"start":{"line":956,"column":24},"end":{"line":956,"column":30}},{"start":{"line":956,"column":34},"end":{"line":956,"column":35}}],"line":956},"140":{"loc":{"start":{"line":969,"column":4},"end":{"line":974,"column":5}},"type":"if","locations":[{"start":{"line":969,"column":4},"end":{"line":974,"column":5}},{"start":{},"end":{}}],"line":969}},"s":{"0":37,"1":37,"2":37,"3":37,"4":37,"5":37,"6":37,"7":37,"8":37,"9":37,"10":37,"11":37,"12":37,"13":37,"14":37,"15":37,"16":37,"17":11,"18":11,"19":10,"20":37,"21":37,"22":37,"23":37,"24":37,"25":37,"26":37,"27":37,"28":37,"29":37,"30":37,"31":37,"32":37,"33":37,"34":37,"35":0,"36":0,"37":0,"38":16,"39":9,"40":16,"41":16,"42":176,"43":16,"44":16,"45":9,"46":9,"47":9,"48":9,"49":0,"50":0,"51":0,"52":0,"53":0,"54":0,"55":7,"56":63,"57":7,"58":7,"59":7,"60":7,"61":7,"62":7,"63":6,"64":6,"65":0,"66":6,"67":6,"68":6,"69":6,"70":6,"71":6,"72":6,"73":6,"74":6,"75":1,"76":1,"77":1,"78":1,"79":1,"80":1,"81":1,"82":1,"83":1,"84":0,"85":0,"86":0,"87":0,"88":0,"89":2,"90":2,"91":0,"92":0,"93":0,"94":0,"95":0,"96":0,"97":0,"98":0,"99":0,"100":0,"101":0,"102":0,"103":0,"104":0,"105":0,"106":0,"107":0,"108":0,"109":0,"110":0,"111":0,"112":0,"113":0,"114":0,"115":0,"116":0,"117":0,"118":0,"119":0,"120":0,"121":0,"122":0,"123":0,"124":0,"125":0,"126":0,"127":0,"128":0,"129":0,"130":0,"131":0,"132":0,"133":0,"134":0,"135":0,"136":0,"137":0,"138":0,"139":0,"140":0,"141":0,"142":0,"143":0,"144":0,"145":0,"146":0,"147":0,"148":0,"149":0,"150":0,"151":0,"152":0,"153":0,"154":0,"155":0,"156":0,"157":0,"158":0,"159":0,"160":0,"161":0,"162":0,"163":0,"164":0,"165":0,"166":0,"167":0,"168":0,"169":0,"170":0,"171":0,"172":0,"173":0,"174":0,"175":0,"176":0,"177":0,"178":0,"179":0,"180":0,"181":0,"182":0,"183":6,"184":5,"185":5,"186":5,"187":5,"188":5,"189":5,"190":5,"191":5,"192":5,"193":5,"194":5,"195":0,"196":0,"197":5,"198":5,"199":0,"200":0,"201":5,"202":5,"203":0,"204":5,"205":5,"206":5,"207":5,"208":0,"209":0,"210":0,"211":0,"212":5,"213":0,"214":0,"215":5,"216":0,"217":5,"218":0,"219":5,"220":0,"221":5,"222":5,"223":5,"224":5,"225":5,"226":5,"227":2,"228":2,"229":1,"230":5,"231":2,"232":2,"233":0,"234":0,"235":0,"236":0,"237":0,"238":0,"239":5,"240":2,"241":2,"242":2,"243":2,"244":2,"245":10,"246":2,"247":2,"248":5,"249":0,"250":0,"251":0,"252":0,"253":0,"254":0,"255":0,"256":0,"257":0,"258":0,"259":0,"260":0,"261":0,"262":0,"263":0,"264":0,"265":0,"266":0,"267":0,"268":0,"269":0,"270":0,"271":0,"272":0,"273":0,"274":0,"275":0,"276":0,"277":5,"278":5,"279":5,"280":5,"281":5,"282":0,"283":0,"284":0,"285":0,"286":0,"287":0,"288":0,"289":0,"290":0,"291":0,"292":0,"293":0,"294":0,"295":0,"296":5,"297":5,"298":5,"299":5,"300":0,"301":0,"302":0,"303":5,"304":5,"305":5,"306":0,"307":0,"308":5,"309":0,"310":0,"311":0,"312":0,"313":0,"314":0,"315":0,"316":0,"317":0,"318":0,"319":0,"320":0,"321":0,"322":0,"323":0,"324":0,"325":0,"326":0,"327":0,"328":0,"3
[...]
,"C:\\FoundryVTT\\Data\\systems\\fading-suns\\module\\sheets\\item-sheet.mjs": {"path":"C:\\FoundryVTT\\Data\\systems\\fading-suns\\module\\sheets\\item-sheet.mjs","statementMap":{"0":{"start":{"line":7,"column":24},"end":{"line":7,"column":44}},"1":{"start":{"line":17,"column":4},"end":{"line":17,"column":19}},"2":{"start":{"line":18,"column":4},"end":{"line":18,"column":73}},"3":{"start":{"line":21,"column":20},"end":{"line":31,"column":3}},"4":{"start":{"line":32,"column":11},"end":{"line":59,"column":3}},"5":{"start":{"line":60,"column":18},"end":{"line":65,"column":3}},"6":{"start":{"line":66,"column":15},"end":{"line":69,"column":3}},"7":{"start":{"line":72,"column":27},"end":{"line":91,"column":3}},"8":{"start":{"line":96,"column":17},"end":{"line":137,"column":3}},"9":{"start":{"line":141,"column":4},"end":{"line":141,"column":43}},"10":{"start":{"line":143,"column":4},"end":{"line":147,"column":5}},"11":{"start":{"line":144,"column":6},"end":{"line":144,"column":68}},"12":{"start":{"line":146,"column":6},"end":{"line":146,"column":25}},"13":{"start":{"line":150,"column":4},"end":{"line":150,"column":38}},"14":{"start":{"line":150,"column":31},"end":{"line":150,"column":38}},"15":{"start":{"line":152,"column":4},"end":{"line":189,"column":5}},"16":{"start":{"line":154,"column":8},"end":{"line":154,"column":68}},"17":{"start":{"line":155,"column":8},"end":{"line":155,"column":14}},"18":{"start":{"line":157,"column":8},"end":{"line":157,"column":52}},"19":{"start":{"line":158,"column":8},"end":{"line":158,"column":14}},"20":{"start":{"line":160,"column":8},"end":{"line":160,"column":51}},"21":{"start":{"line":161,"column":8},"end":{"line":161,"column":14}},"22":{"start":{"line":163,"column":8},"end":{"line":163,"column":52}},"23":{"start":{"line":164,"column":8},"end":{"line":164,"column":14}},"24":{"start":{"line":166,"column":8},"end":{"line":166,"column":50}},"25":{"start":{"line":167,"column":8},"end":{"line":167,"column":14}},"26":{"start":{"line":169,"column":8},"end":{"line":169,"column":53}},"27":{"start":{"line":170,"column":8},"end":{"line":170,"column":14}},"28":{"start":{"line":172,"column":8},"end":{"line":172,"column":51}},"29":{"start":{"line":173,"column":8},"end":{"line":173,"column":14}},"30":{"start":{"line":175,"column":8},"end":{"line":175,"column":60}},"31":{"start":{"line":176,"column":8},"end":{"line":176,"column":14}},"32":{"start":{"line":178,"column":8},"end":{"line":178,"column":52}},"33":{"start":{"line":179,"column":8},"end":{"line":179,"column":14}},"34":{"start":{"line":181,"column":8},"end":{"line":181,"column":58}},"35":{"start":{"line":182,"column":8},"end":{"line":182,"column":14}},"36":{"start":{"line":184,"column":8},"end":{"line":184,"column":43}},"37":{"start":{"line":185,"column":8},"end":{"line":185,"column":14}},"38":{"start":{"line":187,"column":8},"end":{"line":187,"column":40}},"39":{"start":{"line":188,"column":8},"end":{"line":188,"column":14}},"40":{"start":{"line":195,"column":4},"end":{"line":201,"column":5}},"41":{"start":{"line":196,"column":6},"end":{"line":200,"column":8}},"42":{"start":{"line":202,"column":4},"end":{"line":208,"column":5}},"43":{"start":{"line":203,"column":6},"end":{"line":207,"column":8}},"44":{"start":{"line":209,"column":4},"end":{"line":209,"column":14}},"45":{"start":{"line":215,"column":20},"end":{"line":230,"column":5}},"46":{"start":{"line":232,"column":4},"end":{"line":232,"column":19}},"47":{"start":{"line":237,"column":4},"end":{"line":332,"column":5}},"48":{"start":{"line":247,"column":8},"end":{"line":247,"column":43}},"49":{"start":{"line":248,"column":8},"end":{"line":248,"column":14}},"50":{"start":{"line":251,"column":8},"end":{"line":251,"column":43}},"51":{"start":{"line":254,"column":8},"end":{"line":264,"column":10}},"52":{"start":{"line":265,"column":8},"end":{"line":265,"column":14}},"53":{"start":{"line":267,"column":8},"end":{"line":267,"column":43}},"54":{"start":{"line":269,"column":8},"end":{"line":269,"column":68}},"55":{"start":{"line":270,"column":8},"end":{"line":270,"column":14}},"56":{"start":{"line":276,"column":8},"end":{"line":286,"column":10}},"57":{"start":{"line":287,"column":8},"end":{"line":297,"column":10}},"58":{"start":{"line":298,"column":8},"end":{"line":308,"column":10}},"59":{"start":{"line":309,"column":8},"end":{"line":319,"column":10}},"60":{"start":{"line":320,"column":8},"end":{"line":330,"column":10}},"61":{"start":{"line":331,"column":8},"end":{"line":331,"column":14}},"62":{"start":{"line":333,"column":4},"end":{"line":333,"column":19}},"63":{"start":{"line":344,"column":21},"end":{"line":344,"column":30}},"64":{"start":{"line":346,"column":4},"end":{"line":346,"column":80}},"65":{"start":{"line":346,"column":35},"end":{"line":346,"column":80}},"66":{"start":{"line":347,"column":4},"end":{"line":409,"column":11}},"67":{"start":{"line":348,"column":18},"end":{"line":357,"column":7}},"68":{"start":{"line":358,"column":6},"end":{"line":405,"column":7}},"69":{"start":{"line":361,"column":10},"end":{"line":361,"column":22}},"70":{"start":{"line":363,"column":10},"end":{"line":363,"column":36}},"71":{"start":{"line":364,"column":10},"end":{"line":364,"column":37}},"72":{"start":{"line":365,"column":10},"end":{"line":365,"column":16}},"73":{"start":{"line":367,"column":10},"end":{"line":367,"column":42}},"74":{"start":{"line":368,"column":10},"end":{"line":368,"column":36}},"75":{"start":{"line":369,"column":10},"end":{"line":369,"column":16}},"76":{"start":{"line":371,"column":10},"end":{"line":371,"column":44}},"77":{"start":{"line":372,"column":10},"end":{"line":372,"column":36}},"78":{"start":{"line":373,"column":10},"end":{"line":373,"column":16}},"79":{"start":{"line":375,"column":10},"end":{"line":375,"column":51}},"80":{"start":{"line":376,"column":10},"end":{"line":376,"column":36}},"81":{"start":{"line":377,"column":10},"end":{"line":377,"column":16}},"82":{"start":{"line":379,"column":10},"end":{"line":379,"column":43}},"83":{"start":{"line":380,"column":10},"end":{"line":380,"column":36}},"84":{"start":{"line":381,"column":10},"end":{"line":381,"column":16}},"85":{"start":{"line":383,"column":10},"end":{"line":383,"column":49}},"86":{"start":{"line":384,"column":10},"end":{"line":384,"column":36}},"87":{"start":{"line":385,"column":10},"end":{"line":385,"column":16}},"88":{"start":{"line":388,"column":10},"end":{"line":388,"column":35}},"89":{"start":{"line":389,"column":10},"end":{"line":389,"column":36}},"90":{"start":{"line":390,"column":10},"end":{"line":390,"column":16}},"91":{"start":{"line":392,"column":10},"end":{"line":392,"column":32}},"92":{"start":{"line":393,"column":10},"end":{"line":393,"column":33}},"93":{"start":{"line":394,"column":10},"end":{"line":394,"column":16}},"94":{"start":{"line":396,"column":10},"end":{"line":396,"column":33}},"95":{"start":{"line":397,"column":10},"end":{"line":397,"column":34}},"96":{"start":{"line":398,"column":10},"end":{"line":398,"column":51}},"97":{"start":{"line":399,"column":10},"end":{"line":399,"column":16}},"98":{"start":{"line":401,"column":10},"end":{"line":401,"column":30}},"99":{"start":{"line":402,"column":10},"end":{"line":402,"column":31}},"100":{"start":{"line":403,"column":10},"end":{"line":403,"column":48}},"101":{"start":{"line":404,"column":10},"end":{"line":404,"column":16}},"102":{"start":{"line":406,"column":6},"end":{"line":406,"column":71}},"103":{"start":{"line":406,"column":47},"end":{"line":406,"column":71}},"104":{"start":{"line":407,"column":6},"end":{"line":407,"column":25}},"105":{"start":{"line":408,"column":6},"end":{"line":408,"column":18}},"106":{"start":{"line":420,"column":4},"end":{"line":420,"column":56}},"107":{"start":{"line":420,"column":34},"end":{"line":420,"column":54}},"108":{"start":{"line":442,"column":17},"end":{"line":442,"column":36}},"109":{"start":{"line":443,"column":20},"end":{"line":443,"column":66}},"110":{"start":{"line":445,"column":6},"end":{"line":446,"column":8}},"111":{"start":{"line":447,"column":15},"end":{"line":457,"column":6}},"112":{"start":{"line":452,"column":8},"end":{"line":452,"column":26}},"113":{"start":{"line":453,"column":8},"end":{"line":453,"column":44}},"114":{"start":{"line":458,"column":4},"end":{"line":458,"column":23}},"115":{"start":{"line":470,"column":19},"end":{"line":470,"column":47}},"116":{"start":{"line":471,"column":4},"end":{"line":471,"column":30}},"117":{"start":{"line":483,"column":19},"end":{"line":483,"column":47}},"118":{"start":{"line":484,"column":4},"end":{"line":484,"column":26}},"119":{"start":{"line":497,"column":18},"end":{"line":497,"column":50}},"120":{"start":{"line":500,"column":23},"end":{"line":506,"column":5}},"121":{"start":{"line":508,"column":4},"end":{"line":515,"column":5}},"122":{"start":{"line":510,"column":6},"end":{"line":510,"column":66}},"123":{"start":{"line":510,"column":57},"end":{"line":510,"column":66}},"124":{"start":{"line":514,"column":6},"end":{"line":514,"column":60}},"125":{"start":{"line":518,"column":4},"end":{"line":518,"column":58}},"126":{"start":{"line":530,"column":19},"end":{"line":530,"column":47}},"127":{"start":{"line":531,"column":4},"end":{"line":531,"column":56}},"128":{"start":{"line":542,"column":4},"end":{"line":542,"column":27}},"129":{"start":{"line":543,"column":19},"end":{"line":543,"column":57}},"130":{"start":{"line":544,"column":4},"end":{"line":544,"column":24}},"131":{"start":{"line":552,"column":4},"end":{"line":552,"column":26}},"132":{"start":{"line":561,"column":4},"end":{"line":561,"column":34}},"133":{"start":{"line":564,"column":4},"end":{"line":564,"column":33}},"134":{"start":{"line":564,"column":26},"end":{"line":564,"column":33}}},"fnMap":{"0":{"name":"(anonymous_0)","decl":{"start":{"line":16,"column":2},"end":{"line":16,"column":3}},"loc":{"start":{"line":16,"column":28},"end":{"line":19,"column":3}},"line":16},"1":{"name":"(anonymous_1)","decl":{"start":{"line":140,"column":2},"end":{"line":140,"column":3}},"loc":{"start":{"line":140,"column":35},"end":{"line":190,"column":3}},"line":140},"2":{"name":"(anonymous_2)","decl":{"start":{"line":194,"column":2},"end":{"line":194,"column":3}},"loc":{"start":{"line":194,"column":48},"end":{"line":210,"column":3}},"line":194},"3":{"name":"(anonymous_3)","decl":{"start":{"line":213,"column":2},"end":{"line":213,"column":3}},"loc":{"start":{"line":213,"column":33},"end":{"line":233,"column":3}},"line":213},"4":{"name":"(anonymous_4)","decl":{"start":{"line":236,"column":2},"end":{"line":236,"column":3}},"loc":{"start":{"line":236,"column":45},"end":{"line":334,"column":3}},"line":236},"5":{"name":"(anonymous_5)","decl":{"start":{"line":342,"column":2},"end":{"line":342,"column":3}},"loc":{"start":{"line":342,"column":18},"end":{"line":410,"column":3}},"line":342},"6":{"name":"(anonymous_6)","decl":{"start":{"line":347,"column":24},"end":{"line":347,"column":25}},"loc":{"start":{"line":347,"column":42},"end":{"line":409,"column":5}},"line":347},"7":{"name":"(anonymous_7)","decl":{"start":{"line":419,"column":2},"end":{"line":419,"column":3}},"loc":{"start":{"line":419,"column":30},"end":{"line":424,"column":3}},"line":419},"8":{"name":"(anonymous_8)","decl":{"start":{"line":420,"column":27},"end":{"line":420,"column":28}},"loc":{"start":{"line":420,"column":34},"end":{"line":420,"column":54}},"line":420},"9":{"name":"(anonymous_9)","decl":{"start":{"line":441,"column":2},"end":{"line":441,"column":3}},"loc":{"start":{"line":441,"column":43},"end":{"line":459,"column":3}},"line":441},"10":{"name":"(anonymous_10)","decl":{"start":{"line":451,"column":16},"end":{"line":451,"column":17}},"loc":{"start":{"line":451,"column":26},"end":{"line":454,"column":7}},"line":451},"11":{"name":"(anonymous_11)","decl":{"start":{"line":469,"column":2},"end":{"line":469,"column":3}},"loc":{"start":{"line":469,"column":42},"end":{"line":472,"column":3}},"line":469},"12":{"name":"(anonymous_12)","decl":{"start":{"line":482,"column":2},"end":{"line":482,"column":3}},"loc":{"start":{"line":482,"column":44},"end":{"line":485,"column":3}},"line":482},"13":{"name":"(anonymous_13)","decl":{"start":{"line":495,"column":2},"end":{"line":495,"column":3}},"loc":{"start":{"line":495,"column":44},"end":{"line":519,"column":3}},"line":495},"14":{"name":"(anonymous_14)","decl":{"start":{"line":529,"column":2},"end":{"line":529,"column":3}},"loc":{"start":{"line":529,"column":44},"end":{"line":532,"column":3}},"line":529},"15":{"name":"(anonymous_15)","decl":{"start":{"line":541,"column":2},"end":{"line":541,"column":3}},"loc":{"start":{"line":541,"column":59},"end":{"line":545,"column":3}},"line":541},"16":{"name":"(anonymous_16)","decl":{"start":{"line":551,"column":2},"end":{"line":551,"column":3}},"loc":{"start":{"line":551,"column":17},"end":{"line":553,"column":3}},"line":551},"17":{"name":"(anonymous_17)","decl":{"start":{"line":560,"column":2},"end":{"line":560,"column":3}},"loc":{"start":{"line":560,"column":26},"end":{"line":567,"column":3}},"line":560}},"branchMap":{"0":{"loc":{"start":{"line":16,"column":14},"end":{"line":16,"column":26}},"type":"default-arg","locations":[{"start":{"line":16,"column":24},"end":{"line":16,"column":26}}],"line":16},"1":{"loc":{"start":{"line":143,"column":4},"end":{"line":147,"column":5}},"type":"if","locations":[{"start":{"line":143,"column":4},"end":{"line":147,"column":5}},{"start":{"line":145,"column":11},"end":{"line":147,"column":5}}],"line":143},"2":{"loc":{"start":{"line":150,"column":4},"end":{"line":150,"column":38}},"type":"if","locations":[{"start":{"line":150,"column":4},"end":{"line":150,"column":38}},{"start":{},"end":{}}],"line":150},"3":{"loc":{"start":{"line":152,"column":4},"end":{"line":189,"column":5}},"type":"switch","locations":[{"start":{"line":153,"column":6},"end":{"line":155,"column":14}},{"start":{"line":156,"column":6},"end":{"line":158,"column":14}},{"start":{"line":159,"column":6},"end":{"line":161,"column":14}},{"start":{"line":162,"column":6},"end":{"line":164,"column":14}},{"start":{"line":165,"column":6},"end":{"line":167,"column":14}},{"start":{"line":168,"column":6},"end":{"line":170,"column":14}},{"start":{"line":171,"column":6},"end":{"line":173,"column":14}},{"start":{"line":174,"column":6},"end":{"line":176,"column":14}},{"start":{"line":177,"column":6},"end":{"line":179,"column":14}},{"start":{"line":180,"column":6},"end":{"line":182,"column":14}},{"start":{"line":183,"column":6},"end":{"line":185,"column":14}},{"start":{"line":186,"column":6},"end":{"line":188,"column":14}}],"line":152},"4":{"loc":{"start":{"line":195,"column":4},"end":{"line":201,"column":5}},"type":"if","locations":[{"start":{"line":195,"column":4},"end":{"line":201,"column":5}},{"start":{},"end":{}}],"line":195},"5":{"loc":{"start":{"line":202,"column":4},"end":{"line":208,"column":5}},"type":"if","locations":[{"start":{"line":202,"column":4},"end":{"line":208,"column":5}},{"start":{},"end":{}}],"line":202},"6":{"loc":{"start":{"line":237,"column":4},"end":{"line":332,"column":5}},"type":"switch","locations":[{"start":{"line":238,"column":6},"end":{"line":238,"column":36}},{"start":{"line":239,"column":6},"end":{"line":239,"column":34}},{"start":{"line":240,"column":6},"end":{"line":240,"column":43}},{"start":{"line":241,"column":6},"end":{"line":241,"column":35}},{"start":{"line":242,"column":6},"end":{"line":242,"column":41}},{"start":{"line":243,"column":6},"end":{"line":243,"column":36}},{"start":{"line":244,"column":6},"end":{"line":244,"column":35}},{"start":{"line":245,"column":6},"end":{"line":248,"column":14}},{"start":{"line":250,"column":6},"end":{"line":265,"column":14}},{"start":{"line":266,"column":6},"end":{"line":270,"column":14}},{"start":{"line":271,"column":6},"end":{"line":271,"column":23}},{"start":{"line":272,"column":6},"end":{"line":272,"column":26}},{"start":{"line":273,"column":6},"end":{"line":331,"column":14}}],"line":237},"7":{"loc":{"start":{"line":346,"column":4},"end":{"line":346,"column":80}},"type":"if","locations":[{"start":{"line":346,"column":4},"end":{"line":346,"column":80}},{"start":{},"end":{}}],"line":346},"8":{"loc":{"start":{"line":358,"column":6},"end":{"line":405,"column":7}},"type":"switch","locations":[{"start":{"line":359,"column":8},"end":{"line":359,"column":26}},{"start":{"line":360,"column":8},"end":{"line":361,"column":22}},{"start":{"line":362,"column":8},"end":{"line":365,"column":16}},{"start":{"line":366,"column":8},"end":{"line":369,"column":16}},{"start":{"line":370,"column":8},"end":{"line":373,"column":16}},{"start":{"line":374,"column":8},"end":{"line":377,"column":16}},{"start":{"line":378,"column":8},"end":{"line":381,"column":16}},{"start":{"line":382,"column":8},"end":{"line":385,"column":16}},{"start":{"line":386,"column":8},"end":{"line":386,"column":38}},{"start":{"line":387,"column":8},"end":{"line":390,"column":16}},{"start":{"line":391,"column":8},"end":{"line":394,"column":16}},{"start":{"line":395,"column":8},"end":{"line":399,"column":16}},{"start":{"line":400,"column":8},"end":{"line":404,"column":16}}],"line":358},"9":{"loc":{"start":{"line":406,"column":6},"end":{"line":406,"column":71}},"type":"if","locations":[{"start":{"line":406,"column":6},"end":{"line":406,"column":71}},{"start":{},"end":{}}],"line":406},"10":{"loc":{"start":{"line":445,"column":6},"end":{"line":446,"column":8}},"type":"binary-expr","locations":[{"start":{"line":445,"column":6},"end":{"line":445,"column":77}},{"start":{"line":446,"column":6},"end":{"line":446,"column":8}}],"line":445},"11":{"loc":{"start":{"line":450,"column":22},"end":{"line":450,"column":38}},"type":"cond-expr","locations":[{"start":{"line":450,"column":28},"end":{"line":450,"column":33}},{"start":{"line":450,"column":36},"end":{"line":450,"column":38}}],"line":450},"12":{"loc":{"start":{"line":510,"column":6},"end":{"line":510,"column":66}},"type":"if","locations":[{"start":{"line":510,"column":6},"end":{"line":510,"column":66}},{"start":{},"end":{}}],"line":510},"13":{"loc":{"start":{"line":564,"column":4},"end":{"line":564,"column":33}},"type":"if","locations":[{"start":{"line":564,"column":4},"end":{"line":564,"column":33}},{"start":{},"end":{}}],"line":564}},"s":{"0":0,"1":0,"2":0,"3":0,"4":0,"5":0,"6":0,"7":0,"8":0,"9":0,"10":0,"11":0,"12":0,"13":0,"14":0,"15":0,"16":0,"17":0,"18":0,"19":0,"20":0,"21":0,"22":0,"23":0,"24":0,"25":0,"26":0,"27":0,"28":0,"29":0,"30":0,"31":0,"32":0,"33":0,"34":0,"35":0,"36":0,"37":0,"38":0,"39":0,"40":0,"41":0,"42":0,"43":0,"44":0,"45":0,"46":0,"47":0,"48":0,"49":0,"50":0,"51":0,"52":0,"53":0,"54":0,"55":0,"56":0,"57":0,"58":0,"59":0,"60":0,"61":0,"62":0,"63":0,"64":0,"65":0,"66":0,"67":0,"68":0,"69":0,"70":0,"71":0,"72":0,"73":0,"74":0,"75":0,"76":0,"77":0,"78":0,"79":0,"80":0,"81":0,"82":0,"83":0,"84":0,"85":0,"86":0,"87":0,"88":0,"89":0,"90":0,"91":0,"92":0,"93":0,"94":0,"95":0,"96":0,"97":0,"98":0,"99":0,"100":0,"101":0,"102":0,"103":0,"104":0,"105":0,"106":0,"107":0,"108":0,"109":0,"110":0,"111":0,"112":0,"113":0,"114":0,"115":0,"116":0,"117":0,"118":0,"119":0,"120":0,"121":0,"122":0,"123":0,"124":0,"125":0,"126":0,"127":0,"128":0,"129":0,"130":0,"131":0,"132":0,"133":0,"134":0},"f":{"0":0,"1":0,"2":0,"3":0,"4":0,"5":0,"6":0,"7":0,"8":0,"9":0,"10":0,"11":0,"12":0,"13":0,"14":0,"15":0,"16":0,"17":0},"b":{"0":[0],"1":[0,0],"2":[0,0],"3":[0,0,0,0,0,0,0,0,0,0,0,0],"4":[0,0],"5":[0,0],"6":[0,0,0,0,0,0,0,0,0,0,0,0,0],"7":[0,0],"8":[0,0,0,0,0,0,0,0,0,0,0,0,0],"9":[0,0],"10":[0,0],"11":[0,0],"12":[0,0],"13":[0,0]}}
}
