TN:
SF:module\fading-suns.mjs
FN:36,(anonymous_0)
FN:78,(anonymous_1)
FNF:2
FNH:1
FNDA:16,(anonymous_0)
FNDA:0,(anonymous_1)
DA:22,16
DA:36,16
DA:38,16
DA:44,16
DA:50,16
DA:51,16
DA:56,16
DA:59,16
DA:60,16
DA:64,16
DA:65,16
DA:71,16
DA:74,16
DA:76,16
DA:78,16
DA:82,0
DA:84,0
DA:85,0
DA:86,0
DA:87,0
DA:88,0
DA:89,0
LF:22
LH:15
BRDA:84,0,0,0
BRDA:84,0,1,0
BRDA:84,1,0,0
BRDA:84,1,1,0
BRDA:86,2,0,0
BRDA:86,2,1,0
BRF:6
BRH:0
end_of_record
TN:
SF:module\activeeffects\activeEffects.js
FNF:0
FNH:0
DA:13,7
DA:23,7
LF:2
LH:2
BRF:0
BRH:0
end_of_record
TN:
SF:module\dialogs\maneuver.mjs
FN:7,(anonymous_0)
FN:14,(anonymous_1)
FN:28,(anonymous_2)
FN:29,(anonymous_3)
FN:32,(anonymous_4)
FN:42,(anonymous_5)
FN:44,(anonymous_6)
FN:48,(anonymous_7)
FN:49,(anonymous_8)
FN:52,(anonymous_9)
FN:54,(anonymous_10)
FN:64,(anonymous_11)
FN:69,(anonymous_12)
FN:90,(anonymous_13)
FN:92,(anonymous_14)
FN:97,(anonymous_15)
FN:103,(anonymous_16)
FNF:17
FNH:13
FNDA:16,(anonymous_0)
FNDA:1,(anonymous_1)
FNDA:5,(anonymous_2)
FNDA:15,(anonymous_3)
FNDA:3,(anonymous_4)
FNDA:3,(anonymous_5)
FNDA:9,(anonymous_6)
FNDA:4,(anonymous_7)
FNDA:9,(anonymous_8)
FNDA:0,(anonymous_9)
FNDA:1,(anonymous_10)
FNDA:1,(anonymous_11)
FNDA:0,(anonymous_12)
FNDA:1,(anonymous_13)
FNDA:0,(anonymous_14)
FNDA:0,(anonymous_15)
FNDA:1,(anonymous_16)
DA:8,16
DA:9,16
DA:10,16
DA:11,16
DA:15,1
DA:29,15
DA:33,3
DA:35,3
DA:36,2
DA:43,3
DA:44,9
DA:49,9
DA:55,1
DA:56,1
DA:57,1
DA:58,1
DA:65,1
DA:66,1
DA:70,0
DA:71,0
DA:75,0
DA:77,0
DA:79,0
DA:87,0
DA:92,1
DA:93,0
DA:94,0
DA:97,1
DA:98,0
DA:99,0
DA:104,1
DA:108,1
LF:32
LH:22
BRDA:7,0,0,16
BRDA:29,1,0,15
BRDA:29,1,1,5
BRDA:35,2,0,2
BRDA:35,2,1,1
BRDA:35,3,0,3
BRDA:35,3,1,3
BRDA:44,4,0,9
BRDA:44,4,1,6
BRDA:70,5,0,0
BRDA:70,5,1,0
BRF:11
BRH:9
end_of_record
TN:
SF:module\dialogs\predefined-effects-dialog.mjs
FN:8,(anonymous_0)
FN:16,(anonymous_1)
FN:30,(anonymous_2)
FN:37,(anonymous_3)
FN:52,(anonymous_4)
FN:74,(anonymous_5)
FN:77,(anonymous_6)
FNF:7
FNH:0
FNDA:0,(anonymous_0)
FNDA:0,(anonymous_1)
FNDA:0,(anonymous_2)
FNDA:0,(anonymous_3)
FNDA:0,(anonymous_4)
FNDA:0,(anonymous_5)
FNDA:0,(anonymous_6)
DA:9,0
DA:10,0
DA:11,0
DA:12,0
DA:17,0
DA:31,0
DA:38,0
DA:41,0
DA:44,0
DA:53,0
DA:54,0
DA:57,0
DA:58,0
DA:61,0
DA:62,0
DA:63,0
DA:66,0
DA:75,0
DA:76,0
DA:77,0
DA:79,0
DA:81,0
DA:84,0
LF:23
LH:0
BRDA:8,0,0,0
BRDA:79,1,0,0
BRDA:79,1,1,0
BRF:3
BRH:0
end_of_record
TN:
SF:module\dialogs\rollDice.mjs
FN:19,(anonymous_0)
FN:77,(anonymous_1)
FN:87,(anonymous_2)
FN:96,(anonymous_3)
FN:111,(anonymous_4)
FN:115,(anonymous_5)
FN:124,(anonymous_6)
FN:172,(anonymous_7)
FN:277,(anonymous_8)
FN:305,(anonymous_9)
FN:309,(anonymous_10)
FN:314,(anonymous_11)
FN:319,(anonymous_12)
FN:324,(anonymous_13)
FN:350,(anonymous_14)
FN:355,(anonymous_15)
FN:360,(anonymous_16)
FN:371,(anonymous_17)
FN:379,(anonymous_18)
FN:388,(anonymous_19)
FN:441,(anonymous_20)
FN:449,(anonymous_21)
FN:470,(anonymous_22)
FN:503,(anonymous_23)
FN:523,(anonymous_24)
FN:590,(anonymous_25)
FN:595,(anonymous_26)
FN:598,(anonymous_27)
FN:602,(anonymous_28)
FN:605,(anonymous_29)
FN:739,(anonymous_30)
FN:954,(anonymous_31)
FNF:32
FNH:13
FNDA:37,(anonymous_0)
FNDA:37,(anonymous_1)
FNDA:0,(anonymous_2)
FNDA:0,(anonymous_3)
FNDA:0,(anonymous_4)
FNDA:16,(anonymous_5)
FNDA:176,(anonymous_6)
FNDA:63,(anonymous_7)
FNDA:1,(anonymous_8)
FNDA:0,(anonymous_9)
FNDA:0,(anonymous_10)
FNDA:0,(anonymous_11)
FNDA:2,(anonymous_12)
FNDA:0,(anonymous_13)
FNDA:0,(anonymous_14)
FNDA:0,(anonymous_15)
FNDA:0,(anonymous_16)
FNDA:0,(anonymous_17)
FNDA:0,(anonymous_18)
FNDA:0,(anonymous_19)
FNDA:0,(anonymous_20)
FNDA:0,(anonymous_21)
FNDA:0,(anonymous_22)
FNDA:0,(anonymous_23)
FNDA:0,(anonymous_24)
FNDA:6,(anonymous_25)
FNDA:5,(anonymous_26)
FNDA:5,(anonymous_27)
FNDA:5,(anonymous_28)
FNDA:5,(anonymous_29)
FNDA:10,(anonymous_30)
FNDA:0,(anonymous_31)
DA:20,37
DA:21,37
DA:22,37
DA:23,37
DA:24,37
DA:25,37
DA:26,37
DA:27,37
DA:28,37
DA:29,37
DA:30,37
DA:31,37
DA:34,37
DA:35,37
DA:36,37
DA:37,37
DA:40,37
DA:41,11
DA:42,11
DA:43,10
DA:48,37
DA:51,37
DA:53,37
DA:55,37
DA:57,37
DA:59,37
DA:61,37
DA:63,37
DA:65,37
DA:67,37
DA:69,37
DA:71,37
DA:78,37
DA:86,37
DA:87,37
DA:89,0
DA:97,0
DA:112,0
DA:117,16
DA:118,9
DA:121,16
DA:123,16
DA:124,176
DA:131,16
DA:144,16
DA:145,9
DA:147,9
DA:149,9
DA:155,9
DA:158,0
DA:159,0
DA:160,0
DA:161,0
DA:165,0
DA:168,0
DA:172,63
DA:178,7
DA:181,7
DA:182,7
DA:185,7
DA:188,7
DA:200,7
DA:203,6
DA:204,6
DA:206,0
DA:209,6
DA:214,6
DA:221,6
DA:233,6
DA:236,6
DA:237,6
DA:238,6
DA:239,6
DA:241,6
DA:278,1
DA:279,1
DA:282,1
DA:285,1
DA:288,1
DA:291,1
DA:294,1
DA:295,1
DA:300,1
DA:306,0
DA:310,0
DA:311,0
DA:315,0
DA:316,0
DA:320,2
DA:321,2
DA:326,0
DA:329,0
DA:338,0
DA:341,0
DA:342,0
DA:343,0
DA:344,0
DA:345,0
DA:348,0
DA:351,0
DA:352,0
DA:356,0
DA:357,0
DA:361,0
DA:362,0
DA:364,0
DA:366,0
DA:367,0
DA:371,0
DA:375,0
DA:376,0
DA:380,0
DA:381,0
DA:382,0
DA:383,0
DA:384,0
DA:385,0
DA:390,0
DA:393,0
DA:394,0
DA:396,0
DA:399,0
DA:403,0
DA:407,0
DA:414,0
DA:426,0
DA:428,0
DA:442,0
DA:444,0
DA:446,0
DA:450,0
DA:452,0
DA:453,0
DA:458,0
DA:464,0
DA:471,0
DA:472,0
DA:474,0
DA:475,0
DA:477,0
DA:478,0
DA:480,0
DA:481,0
DA:484,0
DA:485,0
DA:488,0
DA:489,0
DA:491,0
DA:492,0
DA:494,0
DA:505,0
DA:508,0
DA:509,0
DA:510,0
DA:511,0
DA:512,0
DA:513,0
DA:514,0
DA:515,0
DA:516,0
DA:517,0
DA:520,0
DA:525,0
DA:536,0
DA:537,0
DA:550,0
DA:551,0
DA:564,0
DA:566,0
DA:570,0
DA:573,0
DA:575,0
DA:576,0
DA:579,0
DA:581,0
DA:583,0
DA:584,0
DA:587,0
DA:592,6
DA:594,5
DA:595,5
DA:597,5
DA:598,5
DA:601,5
DA:602,5
DA:604,5
DA:605,5
DA:608,5
DA:611,5
DA:621,5
DA:622,0
DA:623,0
DA:627,5
DA:630,5
DA:631,0
DA:632,0
DA:635,5
DA:646,5
DA:647,0
DA:650,5
DA:653,5
DA:655,5
DA:656,5
DA:657,0
DA:659,0
DA:662,0
DA:663,0
DA:667,5
DA:668,0
DA:669,0
DA:672,5
DA:673,0
DA:677,5
DA:678,0
DA:681,5
DA:682,0
DA:685,5
DA:686,5
DA:687,5
DA:688,5
DA:689,5
DA:692,5
DA:694,2
DA:697,2
DA:698,1
DA:702,5
DA:703,2
DA:709,2
DA:710,0
DA:711,0
DA:712,0
DA:717,0
DA:718,0
DA:724,0
DA:734,5
DA:735,2
DA:736,2
DA:737,2
DA:738,2
DA:739,10
DA:741,2
DA:742,2
DA:746,5
DA:748,0
DA:749,0
DA:750,0
DA:752,0
DA:756,0
DA:757,0
DA:758,0
DA:759,0
DA:760,0
DA:762,0
DA:764,0
DA:776,0
DA:779,0
DA:780,0
DA:781,0
DA:782,0
DA:784,0
DA:785,0
DA:786,0
DA:790,0
DA:791,0
DA:799,0
DA:801,0
DA:802,0
DA:804,0
DA:813,0
DA:816,0
DA:819,0
DA:825,5
DA:826,5
DA:827,5
DA:828,5
DA:831,5
DA:832,0
DA:835,0
DA:836,0
DA:837,0
DA:838,0
DA:839,0
DA:840,0
DA:841,0
DA:844,0
DA:846,0
DA:847,0
DA:848,0
DA:849,0
DA:850,0
DA:853,5
DA:855,5
DA:856,5
DA:858,5
DA:860,0
DA:861,0
DA:862,0
DA:868,5
DA:869,5
DA:871,5
DA:873,0
DA:874,0
DA:878,5
DA:909,0
DA:914,0
DA:920,0
DA:922,0
DA:923,0
DA:924,0
DA:925,0
DA:928,0
DA:929,0
DA:930,0
DA:931,0
DA:937,0
DA:944,0
DA:947,0
DA:951,0
DA:956,0
DA:959,0
DA:962,0
DA:969,0
DA:970,0
DA:971,0
DA:972,0
DA:973,0
DA:976,0
DA:981,0
DA:986,0
DA:990,1
LF:330
LH:134
BRDA:23,0,0,37
BRDA:23,0,1,0
BRDA:24,1,0,37
BRDA:24,1,1,37
BRDA:25,2,0,37
BRDA:25,2,1,37
BRDA:28,3,0,37
BRDA:28,3,1,11
BRDA:35,4,0,0
BRDA:35,4,1,37
BRDA:40,5,0,11
BRDA:40,5,1,26
BRDA:40,6,0,37
BRDA:40,6,1,13
BRDA:42,7,0,10
BRDA:42,7,1,1
BRDA:42,8,0,11
BRDA:42,8,1,10
BRDA:117,9,0,9
BRDA:117,9,1,7
BRDA:117,10,0,16
BRDA:117,10,1,9
BRDA:144,11,0,9
BRDA:144,11,1,7
BRDA:144,12,0,16
BRDA:144,12,1,9
BRDA:147,13,0,9
BRDA:147,13,1,0
BRDA:158,14,0,0
BRDA:158,14,1,0
BRDA:160,15,0,0
BRDA:160,15,1,0
BRDA:174,16,0,63
BRDA:174,16,1,63
BRDA:204,17,0,0
BRDA:204,17,1,6
BRDA:204,18,0,6
BRDA:204,18,1,6
BRDA:209,19,0,6
BRDA:209,19,1,0
BRDA:217,20,0,1
BRDA:217,20,1,5
BRDA:219,21,0,6
BRDA:219,21,1,6
BRDA:226,22,0,1
BRDA:226,22,1,5
BRDA:228,23,0,6
BRDA:228,23,1,6
BRDA:262,24,0,6
BRDA:262,24,1,2
BRDA:341,25,0,0
BRDA:341,25,1,0
BRDA:344,26,0,0
BRDA:344,26,1,0
BRDA:364,27,0,0
BRDA:364,27,1,0
BRDA:366,28,0,0
BRDA:366,28,1,0
BRDA:380,29,0,0
BRDA:380,29,1,0
BRDA:382,30,0,0
BRDA:382,30,1,0
BRDA:383,31,0,0
BRDA:383,31,1,0
BRDA:384,32,0,0
BRDA:384,32,1,0
BRDA:394,33,0,0
BRDA:394,33,1,0
BRDA:394,34,0,0
BRDA:394,34,1,0
BRDA:399,35,0,0
BRDA:399,35,1,0
BRDA:403,36,0,0
BRDA:403,36,1,0
BRDA:409,37,0,0
BRDA:409,37,1,0
BRDA:410,38,0,0
BRDA:410,38,1,0
BRDA:411,39,0,0
BRDA:411,39,1,0
BRDA:412,40,0,0
BRDA:412,40,1,0
BRDA:418,41,0,0
BRDA:418,41,1,0
BRDA:419,42,0,0
BRDA:419,42,1,0
BRDA:420,43,0,0
BRDA:420,43,1,0
BRDA:421,44,0,0
BRDA:421,44,1,0
BRDA:471,45,0,0
BRDA:471,45,1,0
BRDA:474,46,0,0
BRDA:474,46,1,0
BRDA:477,47,0,0
BRDA:477,47,1,0
BRDA:477,48,0,0
BRDA:477,48,1,0
BRDA:480,49,0,0
BRDA:480,49,1,0
BRDA:480,50,0,0
BRDA:480,50,1,0
BRDA:484,51,0,0
BRDA:484,51,1,0
BRDA:484,52,0,0
BRDA:484,52,1,0
BRDA:485,53,0,0
BRDA:485,53,1,0
BRDA:488,54,0,0
BRDA:488,54,1,0
BRDA:488,55,0,0
BRDA:488,55,1,0
BRDA:491,56,0,0
BRDA:491,56,1,0
BRDA:491,57,0,0
BRDA:491,57,1,0
BRDA:494,58,0,0
BRDA:494,58,1,0
BRDA:508,59,0,0
BRDA:508,59,1,0
BRDA:508,60,0,0
BRDA:508,60,1,0
BRDA:510,61,0,0
BRDA:510,61,1,0
BRDA:510,62,0,0
BRDA:510,62,1,0
BRDA:512,63,0,0
BRDA:512,63,1,0
BRDA:512,64,0,0
BRDA:512,64,1,0
BRDA:514,65,0,0
BRDA:514,65,1,0
BRDA:514,66,0,0
BRDA:514,66,1,0
BRDA:516,67,0,0
BRDA:516,67,1,0
BRDA:536,68,0,0
BRDA:536,68,1,0
BRDA:550,69,0,0
BRDA:550,69,1,0
BRDA:564,70,0,0
BRDA:564,70,1,0
BRDA:573,71,0,0
BRDA:573,71,1,0
BRDA:575,72,0,0
BRDA:575,72,1,0
BRDA:583,73,0,0
BRDA:583,73,1,0
BRDA:587,74,0,0
BRDA:587,74,1,0
BRDA:608,75,0,0
BRDA:608,75,1,5
BRDA:621,76,0,0
BRDA:621,76,1,5
BRDA:621,77,0,5
BRDA:621,77,1,0
BRDA:630,78,0,0
BRDA:630,78,1,5
BRDA:646,79,0,0
BRDA:646,79,1,5
BRDA:656,80,0,0
BRDA:656,80,1,5
BRDA:662,81,0,0
BRDA:662,81,1,0
BRDA:667,82,0,0
BRDA:667,82,1,5
BRDA:672,83,0,0
BRDA:672,83,1,5
BRDA:677,84,0,0
BRDA:677,84,1,5
BRDA:681,85,0,0
BRDA:681,85,1,5
BRDA:692,86,0,2
BRDA:692,86,1,3
BRDA:692,87,0,5
BRDA:692,87,1,3
BRDA:697,88,0,1
BRDA:697,88,1,1
BRDA:697,89,0,2
BRDA:697,89,1,2
BRDA:702,90,0,2
BRDA:702,90,1,3
BRDA:702,91,0,5
BRDA:702,91,1,4
BRDA:709,92,0,0
BRDA:709,92,1,2
BRDA:709,93,0,2
BRDA:709,93,1,2
BRDA:711,94,0,0
BRDA:711,94,1,0
BRDA:717,95,0,0
BRDA:717,95,1,0
BRDA:734,96,0,2
BRDA:734,96,1,3
BRDA:734,97,0,5
BRDA:734,97,1,3
BRDA:735,98,0,0
BRDA:735,98,1,2
BRDA:738,99,0,2
BRDA:738,99,1,0
BRDA:741,100,0,2
BRDA:741,100,1,0
BRDA:746,101,0,0
BRDA:746,101,1,5
BRDA:746,102,0,5
BRDA:746,102,1,0
BRDA:749,103,0,0
BRDA:749,103,1,0
BRDA:749,104,0,0
BRDA:749,104,1,0
BRDA:752,105,0,0
BRDA:752,105,1,0
BRDA:756,106,0,0
BRDA:756,106,1,0
BRDA:757,107,0,0
BRDA:757,107,1,0
BRDA:758,108,0,0
BRDA:758,108,1,0
BRDA:759,109,0,0
BRDA:759,109,1,0
BRDA:760,110,0,0
BRDA:760,110,1,0
BRDA:779,111,0,0
BRDA:779,111,1,0
BRDA:795,112,0,0
BRDA:795,112,1,0
BRDA:799,113,0,0
BRDA:799,113,1,0
BRDA:802,114,0,0
BRDA:802,114,1,0
BRDA:805,115,0,0
BRDA:805,115,1,0
BRDA:806,116,0,0
BRDA:806,116,1,0
BRDA:807,117,0,0
BRDA:807,117,1,0
BRDA:831,118,0,0
BRDA:831,118,1,5
BRDA:835,119,0,0
BRDA:835,119,1,0
BRDA:837,120,0,0
BRDA:837,120,1,0
BRDA:838,121,0,0
BRDA:838,121,1,0
BRDA:840,122,0,0
BRDA:840,122,1,0
BRDA:844,123,0,0
BRDA:844,123,1,0
BRDA:847,124,0,0
BRDA:847,124,1,0
BRDA:849,125,0,0
BRDA:849,125,1,0
BRDA:849,126,0,0
BRDA:849,126,1,0
BRDA:853,127,0,5
BRDA:853,127,1,0
BRDA:858,128,0,0
BRDA:858,128,1,5
BRDA:858,129,0,5
BRDA:858,129,1,5
BRDA:860,130,0,0
BRDA:860,130,1,0
BRDA:871,131,0,0
BRDA:871,131,1,5
BRDA:871,132,0,5
BRDA:871,132,1,0
BRDA:882,133,0,5
BRDA:882,133,1,5
BRDA:923,134,0,0
BRDA:923,134,1,0
BRDA:923,135,0,0
BRDA:923,135,1,0
BRDA:923,135,2,0
BRDA:928,136,0,0
BRDA:928,136,1,0
BRDA:930,137,0,0
BRDA:930,137,1,0
BRDA:934,138,0,0
BRDA:934,138,1,0
BRDA:956,139,0,0
BRDA:956,139,1,0
BRDA:969,140,0,0
BRDA:969,140,1,0
BRF:283
BRH:84
end_of_record
TN:
SF:module\documents\actor.mjs
FN:9,(anonymous_0)
FN:18,(anonymous_1)
FN:32,(anonymous_2)
FN:73,(anonymous_3)
FN:91,(anonymous_4)
FN:103,(anonymous_5)
FN:110,(anonymous_6)
FN:113,(anonymous_7)
FN:135,(anonymous_8)
FN:151,(anonymous_9)
FN:173,(anonymous_10)
FN:183,(anonymous_11)
FNF:12
FNH:6
FNDA:0,(anonymous_0)
FNDA:0,(anonymous_1)
FNDA:1,(anonymous_2)
FNDA:2,(anonymous_3)
FNDA:2,(anonymous_4)
FNDA:0,(anonymous_5)
FNDA:0,(anonymous_6)
FNDA:0,(anonymous_7)
FNDA:1,(anonymous_8)
FNDA:3,(anonymous_9)
FNDA:3,(anonymous_10)
FNDA:0,(anonymous_11)
DA:14,0
DA:33,1
DA:35,1
DA:37,0
DA:38,0
DA:41,0
DA:43,0
DA:44,0
DA:47,0
DA:48,0
DA:51,0
DA:52,0
DA:55,0
DA:56,0
DA:57,0
DA:61,0
DA:62,0
DA:65,0
DA:74,2
DA:77,1
DA:80,1
DA:82,3
DA:92,2
DA:95,1
DA:96,1
DA:105,0
DA:109,0
DA:110,0
DA:111,0
DA:113,0
DA:114,0
DA:118,0
DA:120,0
DA:122,0
DA:123,0
DA:124,0
DA:125,0
DA:137,1
DA:140,1
DA:141,1
DA:143,1
DA:152,3
DA:156,2
DA:157,2
DA:158,6
DA:163,2
DA:164,2
DA:174,3
DA:184,0
LF:49
LH:20
BRDA:35,0,0,1
BRDA:35,0,1,0
BRDA:41,1,0,0
BRDA:41,1,1,0
BRDA:43,2,0,0
BRDA:43,2,1,0
BRDA:47,3,0,0
BRDA:47,3,1,0
BRDA:51,4,0,0
BRDA:51,4,1,0
BRDA:57,5,0,0
BRDA:57,5,1,0
BRDA:74,6,0,1
BRDA:74,6,1,1
BRDA:80,7,0,1
BRDA:80,7,1,0
BRDA:92,8,0,1
BRDA:92,8,1,1
BRDA:105,9,0,0
BRDA:105,9,1,0
BRDA:109,10,0,0
BRDA:109,10,1,0
BRDA:110,11,0,0
BRDA:110,11,1,0
BRDA:111,12,0,0
BRDA:111,12,1,0
BRDA:111,13,0,0
BRDA:111,13,1,0
BRDA:113,14,0,0
BRDA:113,14,1,0
BRDA:114,15,0,0
BRDA:114,15,1,0
BRDA:118,16,0,0
BRDA:118,16,1,0
BRDA:120,17,0,0
BRDA:120,17,1,0
BRDA:122,18,0,0
BRDA:122,18,1,0
BRDA:152,19,0,1
BRDA:152,19,1,2
BRDA:156,20,0,2
BRDA:156,20,1,0
BRDA:163,21,0,2
BRDA:163,21,1,0
BRDA:164,22,0,2
BRDA:164,22,1,0
BRDA:174,23,0,2
BRDA:174,23,1,1
BRF:48
BRH:13
end_of_record
TN:
SF:module\documents\item.mjs
FN:9,(anonymous_0)
FN:18,(anonymous_1)
FN:33,(anonymous_2)
FN:51,(anonymous_3)
FN:69,(anonymous_4)
FN:83,(anonymous_5)
FN:98,(anonymous_6)
FNF:7
FNH:5
FNDA:0,(anonymous_0)
FNDA:0,(anonymous_1)
FNDA:5,(anonymous_2)
FNDA:3,(anonymous_3)
FNDA:3,(anonymous_4)
FNDA:1,(anonymous_5)
FNDA:2,(anonymous_6)
DA:14,0
DA:23,0
DA:24,0
DA:35,5
DA:38,5
DA:41,4
DA:43,4
DA:53,3
DA:56,3
DA:57,1
DA:61,2
DA:70,3
DA:71,3
DA:72,3
DA:74,3
DA:84,1
DA:100,2
DA:103,2
DA:109,2
DA:115,2
LF:20
LH:17
BRDA:23,0,0,0
BRDA:23,0,1,0
BRDA:23,1,0,0
BRDA:23,1,1,0
BRDA:38,2,0,1
BRDA:38,2,1,4
BRDA:56,3,0,1
BRDA:56,3,1,2
BRDA:88,4,0,1
BRDA:88,4,1,0
BRF:10
BRH:5
end_of_record
TN:
SF:module\helpers\combat.mjs
FN:69,parseAttackProperties
FN:76,(anonymous_1)
FN:95,calculateEffectiveResistance
FN:141,getResistanceLevel
FNF:4
FNH:4
FNDA:22,parseAttackProperties
FNDA:323,(anonymous_1)
FNDA:11,calculateEffectiveResistance
FNDA:16,getResistanceLevel
DA:9,1
DA:24,1
DA:53,1
DA:70,22
DA:72,19
DA:73,19
DA:76,19
DA:77,323
DA:78,21
DA:79,21
DA:80,21
DA:85,19
DA:96,11
DA:98,2
DA:102,9
DA:103,9
DA:106,9
DA:107,13
DA:109,13
DA:111,7
DA:114,7
DA:115,4
DA:118,7
DA:123,9
DA:124,3
DA:128,9
DA:130,2
DA:133,9
DA:142,16
DA:143,14
DA:144,12
DA:145,10
DA:146,8
DA:147,6
DA:148,4
DA:149,2
LF:36
LH:36
BRDA:70,0,0,3
BRDA:70,0,1,19
BRDA:77,1,0,21
BRDA:77,1,1,302
BRDA:79,2,0,21
BRDA:79,2,1,0
BRDA:96,3,0,2
BRDA:96,3,1,9
BRDA:96,4,0,11
BRDA:96,4,1,10
BRDA:109,5,0,7
BRDA:109,5,1,6
BRDA:109,6,0,13
BRDA:109,6,1,13
BRDA:109,6,2,13
BRDA:111,7,0,7
BRDA:111,7,1,0
BRDA:114,8,0,4
BRDA:114,8,1,3
BRDA:123,9,0,3
BRDA:123,9,1,6
BRDA:123,10,0,9
BRDA:123,10,1,3
BRDA:128,11,0,2
BRDA:128,11,1,7
BRDA:128,12,0,9
BRDA:128,12,1,3
BRDA:128,12,2,3
BRDA:142,13,0,2
BRDA:142,13,1,14
BRDA:143,14,0,2
BRDA:143,14,1,12
BRDA:144,15,0,2
BRDA:144,15,1,10
BRDA:145,16,0,2
BRDA:145,16,1,8
BRDA:146,17,0,2
BRDA:146,17,1,6
BRDA:147,18,0,2
BRDA:147,18,1,4
BRDA:148,19,0,2
BRDA:148,19,1,2
BRF:42
BRH:40
end_of_record
TN:
SF:module\helpers\config.mjs
FNF:0
FNH:0
DA:1,0
DA:7,0
DA:16,0
DA:25,0
DA:55,0
DA:67,0
LF:6
LH:0
BRF:0
BRH:0
end_of_record
TN:
SF:module\helpers\constants.mjs
FNF:0
FNH:0
DA:8,0
DA:23,0
DA:55,0
DA:73,0
DA:96,0
DA:107,0
DA:130,0
DA:140,0
LF:8
LH:0
BRF:0
BRH:0
end_of_record
TN:
SF:module\helpers\drag-drop.mjs
FN:11,createDragDropHandlers
FN:12,(anonymous_1)
FN:31,canDragStart
FN:40,canDragDrop
FN:48,onDragStart
FN:70,onDragOver
FN:78,onDrop
FN:103,onDropActiveEffect
FN:118,onEffectSort
FN:140,(anonymous_9)
FN:156,onDropActor
FN:167,onDropItem
FN:178,onDropFolder
FN:188,getEffect
FNF:14
FNH:0
FNDA:0,createDragDropHandlers
FNDA:0,(anonymous_1)
FNDA:0,canDragStart
FNDA:0,canDragDrop
FNDA:0,onDragStart
FNDA:0,onDragOver
FNDA:0,onDrop
FNDA:0,onDropActiveEffect
FNDA:0,onEffectSort
FNDA:0,(anonymous_9)
FNDA:0,onDropActor
FNDA:0,onDropItem
FNDA:0,onDropFolder
FNDA:0,getEffect
DA:12,0
DA:13,0
DA:17,0
DA:22,0
DA:32,0
DA:41,0
DA:49,0
DA:50,0
DA:52,0
DA:55,0
DA:56,0
DA:57,0
DA:60,0
DA:63,0
DA:79,0
DA:80,0
DA:81,0
DA:82,0
DA:85,0
DA:87,0
DA:89,0
DA:91,0
DA:93,0
DA:104,0
DA:105,0
DA:106,0
DA:108,0
DA:109,0
DA:110,0
DA:119,0
DA:120,0
DA:121,0
DA:122,0
DA:125,0
DA:128,0
DA:129,0
DA:130,0
DA:131,0
DA:132,0
DA:136,0
DA:140,0
DA:141,0
DA:142,0
DA:143,0
DA:147,0
DA:157,0
DA:168,0
DA:179,0
DA:189,0
DA:190,0
LF:50
LH:0
BRDA:50,0,0,0
BRDA:50,0,1,0
BRDA:55,1,0,0
BRDA:55,1,1,0
BRDA:60,2,0,0
BRDA:60,2,1,0
BRDA:82,3,0,0
BRDA:82,3,1,0
BRDA:85,4,0,0
BRDA:85,4,1,0
BRDA:85,4,2,0
BRDA:85,4,3,0
BRDA:106,5,0,0
BRDA:106,5,1,0
BRDA:106,6,0,0
BRDA:106,6,1,0
BRDA:108,7,0,0
BRDA:108,7,1,0
BRDA:121,8,0,0
BRDA:121,8,1,0
BRDA:125,9,0,0
BRDA:125,9,1,0
BRDA:131,10,0,0
BRDA:131,10,1,0
BRDA:131,11,0,0
BRDA:131,11,1,0
BRDA:157,12,0,0
BRDA:157,12,1,0
BRDA:168,13,0,0
BRDA:168,13,1,0
BRDA:179,14,0,0
BRDA:179,14,1,0
BRF:32
BRH:0
end_of_record
TN:
SF:module\helpers\effects.mjs
FN:37,getEffectsByType
FN:38,(anonymous_1)
FN:46,getEffectByTitle
FN:47,(anonymous_3)
FN:54,getPhysicalEffects
FN:62,getMentalEffects
FN:70,getSocialEffects
FN:79,createEffectCategories
FN:123,sortEffectCategories
FN:125,(anonymous_9)
FN:135,getEffectCategory
FN:144,countTotalEffects
FN:145,(anonymous_12)
FN:154,prepareActiveEffectCategories
FN:164,createActiveEffectFromPredefined
FNF:15
FNH:11
FNDA:10,getEffectsByType
FNDA:500,(anonymous_1)
FNDA:1,getEffectByTitle
FNDA:1,(anonymous_3)
FNDA:2,getPhysicalEffects
FNDA:2,getMentalEffects
FNDA:2,getSocialEffects
FNDA:20,createEffectCategories
FNDA:20,sortEffectCategories
FNDA:12,(anonymous_9)
FNDA:0,getEffectCategory
FNDA:0,countTotalEffects
FNDA:0,(anonymous_12)
FNDA:1,prepareActiveEffectCategories
FNDA:0,createActiveEffectFromPredefined
DA:13,6
DA:23,6
DA:38,500
DA:47,1
DA:55,2
DA:63,2
DA:71,2
DA:81,20
DA:100,20
DA:101,33
DA:103,33
DA:104,8
DA:105,25
DA:106,21
DA:108,4
DA:113,20
DA:115,20
DA:124,20
DA:125,60
DA:136,0
DA:145,0
DA:146,0
DA:155,1
DA:165,0
DA:168,0
DA:171,0
DA:189,0
LF:27
LH:20
BRDA:101,0,0,0
BRDA:101,0,1,33
BRDA:103,1,0,8
BRDA:103,1,1,25
BRDA:105,2,0,21
BRDA:105,2,1,4
BRDA:125,3,0,12
BRDA:125,3,1,7
BRDA:125,4,0,12
BRDA:125,4,1,4
BRDA:136,5,0,0
BRDA:136,5,1,0
BRDA:165,6,0,0
BRDA:165,6,1,0
BRDA:165,7,0,0
BRDA:165,7,1,0
BRF:16
BRH:9
end_of_record
TN:
SF:module\helpers\handlebars.mjs
FN:4,(anonymous_0)
FN:13,(anonymous_1)
FN:23,(anonymous_2)
FN:25,(anonymous_3)
FN:35,(anonymous_4)
FN:44,(anonymous_5)
FN:52,(anonymous_6)
FN:63,(anonymous_7)
FN:74,(anonymous_8)
FNF:9
FNH:6
FNDA:16,(anonymous_0)
FNDA:1,(anonymous_1)
FNDA:2,(anonymous_2)
FNDA:5,(anonymous_3)
FNDA:1,(anonymous_4)
FNDA:1,(anonymous_5)
FNDA:0,(anonymous_6)
FNDA:0,(anonymous_7)
FNDA:0,(anonymous_8)
DA:4,16
DA:13,16
DA:14,1
DA:15,3
DA:16,1
DA:23,16
DA:24,2
DA:25,2
DA:26,5
DA:35,16
DA:36,1
DA:44,16
DA:45,1
DA:52,16
DA:53,0
DA:54,0
DA:63,16
DA:65,0
DA:66,0
DA:70,0
DA:74,16
DA:75,0
DA:76,0
DA:77,0
DA:79,0
LF:25
LH:16
BRDA:65,0,0,0
BRDA:65,0,1,0
BRF:2
BRH:0
end_of_record
TN:
SF:module\helpers\hooks.mjs
FN:6,(anonymous_0)
FN:23,registerInitHooks
FN:30,registerReadyHooks
FN:31,(anonymous_3)
FN:33,(anonymous_4)
FN:40,registerCombatHooks
FN:41,(anonymous_6)
FN:49,(anonymous_7)
FN:61,registerChatMessageHooks
FN:63,(anonymous_9)
FN:65,(anonymous_10)
FN:102,(anonymous_11)
FNF:12
FNH:8
FNDA:16,(anonymous_0)
FNDA:16,registerInitHooks
FNDA:16,registerReadyHooks
FNDA:16,(anonymous_3)
FNDA:0,(anonymous_4)
FNDA:16,registerCombatHooks
FNDA:1,(anonymous_6)
FNDA:1,(anonymous_7)
FNDA:16,registerChatMessageHooks
FNDA:0,(anonymous_9)
FNDA:0,(anonymous_10)
FNDA:0,(anonymous_11)
DA:6,17
DA:8,16
DA:11,16
DA:14,16
DA:17,16
DA:31,16
DA:33,16
DA:41,16
DA:42,1
DA:43,1
DA:44,1
DA:45,1
DA:49,16
DA:50,1
DA:51,1
DA:52,1
DA:53,1
DA:63,16
DA:65,0
DA:66,0
DA:69,0
DA:70,0
DA:71,0
DA:74,0
DA:75,0
DA:78,0
DA:79,0
DA:80,0
DA:84,0
DA:85,0
DA:88,0
DA:89,0
DA:92,0
DA:98,0
DA:102,0
DA:103,0
DA:106,0
DA:107,0
DA:108,0
DA:109,0
DA:110,0
DA:111,0
DA:114,0
DA:115,0
DA:116,0
DA:117,0
DA:121,0
DA:122,0
DA:127,0
DA:129,0
DA:130,0
DA:131,0
DA:132,0
DA:134,0
DA:135,0
DA:136,0
DA:137,0
DA:139,0
DA:140,0
DA:141,0
DA:142,0
DA:144,0
DA:145,0
DA:146,0
DA:147,0
DA:149,0
DA:153,0
DA:156,0
DA:168,0
DA:169,0
DA:172,0
DA:175,0
DA:176,0
DA:177,0
DA:178,0
LF:75
LH:18
BRDA:43,0,0,1
BRDA:43,0,1,0
BRDA:43,1,0,1
BRDA:43,1,1,1
BRDA:51,2,0,1
BRDA:51,2,1,0
BRDA:51,3,0,1
BRDA:51,3,1,1
BRDA:75,4,0,0
BRDA:75,4,1,0
BRDA:78,5,0,0
BRDA:78,5,1,0
BRDA:115,6,0,0
BRDA:115,6,1,0
BRDA:115,7,0,0
BRDA:115,7,1,0
BRDA:122,8,0,0
BRDA:122,8,1,0
BRDA:127,9,0,0
BRDA:127,9,1,0
BRDA:127,9,2,0
BRDA:127,9,3,0
BRDA:127,9,4,0
BRDA:158,10,0,0
BRDA:158,10,1,0
BRF:25
BRH:6
end_of_record
TN:
SF:module\helpers\macros.mjs
FN:8,createDocMacro
FN:22,(anonymous_1)
FN:42,rollItemMacro
FN:49,(anonymous_3)
FNF:4
FNH:0
FNDA:0,createDocMacro
FNDA:0,(anonymous_1)
FNDA:0,rollItemMacro
FNDA:0,(anonymous_3)
DA:10,0
DA:11,0
DA:12,0
DA:17,0
DA:20,0
DA:21,0
DA:22,0
DA:24,0
DA:25,0
DA:33,0
DA:34,0
DA:44,0
DA:49,0
DA:51,0
DA:52,0
DA:53,0
DA:59,0
LF:17
LH:0
BRDA:10,0,0,0
BRDA:10,0,1,0
BRDA:11,1,0,0
BRDA:11,1,1,0
BRDA:11,2,0,0
BRDA:11,2,1,0
BRDA:22,3,0,0
BRDA:22,3,1,0
BRDA:24,4,0,0
BRDA:24,4,1,0
BRDA:51,5,0,0
BRDA:51,5,1,0
BRDA:51,6,0,0
BRDA:51,6,1,0
BRDA:52,7,0,0
BRDA:52,7,1,0
BRF:16
BRH:0
end_of_record
TN:
SF:module\helpers\prepare-data.mjs
FN:11,prepareOrderedSkills
FN:13,(anonymous_1)
FN:18,(anonymous_2)
FN:29,prepareCharacteristics
FN:31,(anonymous_4)
FN:36,(anonymous_5)
FN:47,prepareOrderedTypesOfManeuver
FN:49,(anonymous_7)
FN:54,(anonymous_8)
FN:65,prepareOrderedTypesOfPower
FN:67,(anonymous_10)
FN:72,(anonymous_11)
FN:83,prepareOrderedSchoolOfPower
FN:85,(anonymous_13)
FN:89,(anonymous_14)
FNF:15
FNH:0
FNDA:0,prepareOrderedSkills
FNDA:0,(anonymous_1)
FNDA:0,(anonymous_2)
FNDA:0,prepareCharacteristics
FNDA:0,(anonymous_4)
FNDA:0,(anonymous_5)
FNDA:0,prepareOrderedTypesOfManeuver
FNDA:0,(anonymous_7)
FNDA:0,(anonymous_8)
FNDA:0,prepareOrderedTypesOfPower
FNDA:0,(anonymous_10)
FNDA:0,(anonymous_11)
FNDA:0,prepareOrderedSchoolOfPower
FNDA:0,(anonymous_13)
FNDA:0,(anonymous_14)
DA:12,0
DA:13,0
DA:19,0
DA:30,0
DA:31,0
DA:37,0
DA:48,0
DA:49,0
DA:55,0
DA:66,0
DA:67,0
DA:73,0
DA:84,0
DA:85,0
DA:90,0
LF:15
LH:0
BRDA:19,0,0,0
BRDA:19,0,1,0
BRDA:19,1,0,0
BRDA:19,1,1,0
BRDA:37,2,0,0
BRDA:37,2,1,0
BRDA:37,3,0,0
BRDA:37,3,1,0
BRDA:55,4,0,0
BRDA:55,4,1,0
BRDA:55,5,0,0
BRDA:55,5,1,0
BRDA:73,6,0,0
BRDA:73,6,1,0
BRDA:73,7,0,0
BRDA:73,7,1,0
BRDA:90,8,0,0
BRDA:90,8,1,0
BRDA:90,9,0,0
BRDA:90,9,1,0
BRF:20
BRH:0
end_of_record
TN:
SF:module\helpers\rollCalculation.mjs
FN:14,calculateRoll
FN:78,determineRollType
FN:103,calculateTargetResistance
FN:111,(anonymous_3)
FN:146,processRollResult
FN:187,calculateDamage
FN:226,hasRandomTarget
FN:237,calculateExtraVPCost
FN:247,canSpendVP
FNF:9
FNH:4
FNDA:4,calculateRoll
FNDA:0,determineRollType
FNDA:14,calculateTargetResistance
FNDA:0,(anonymous_3)
FNDA:0,processRollResult
FNDA:0,calculateDamage
FNDA:0,hasRandomTarget
FNDA:13,calculateExtraVPCost
FNDA:6,canSpendVP
DA:16,4
DA:19,4
DA:22,4
DA:23,1
DA:35,3
DA:36,1
DA:48,2
DA:49,2
DA:50,2
DA:51,2
DA:53,2
DA:56,2
DA:80,0
DA:83,0
DA:85,0
DA:86,0
DA:87,0
DA:88,0
DA:89,0
DA:93,0
DA:104,14
DA:107,12
DA:110,12
DA:111,12
DA:113,12
DA:114,2
DA:115,2
DA:120,12
DA:127,12
DA:133,2
DA:147,0
DA:150,0
DA:151,0
DA:152,0
DA:155,0
DA:156,0
DA:157,0
DA:159,0
DA:162,0
DA:163,0
DA:166,0
DA:167,0
DA:168,0
DA:170,0
DA:175,0
DA:177,0
DA:188,0
DA:189,0
DA:198,0
DA:201,0
DA:204,0
DA:205,0
DA:209,0
DA:211,0
DA:227,0
DA:228,0
DA:238,13
DA:239,13
DA:248,6
DA:249,6
LF:60
LH:26
BRDA:22,0,0,1
BRDA:22,0,1,3
BRDA:35,1,0,1
BRDA:35,1,1,2
BRDA:48,2,0,2
BRDA:48,2,1,0
BRDA:49,3,0,1
BRDA:49,3,1,1
BRDA:49,4,0,1
BRDA:49,4,1,0
BRDA:50,5,0,2
BRDA:50,5,1,0
BRDA:51,6,0,2
BRDA:51,6,1,0
BRDA:83,7,0,0
BRDA:83,7,1,0
BRDA:83,8,0,0
BRDA:83,8,1,0
BRDA:86,9,0,0
BRDA:86,9,1,0
BRDA:88,10,0,0
BRDA:88,10,1,0
BRDA:93,11,0,0
BRDA:93,11,1,0
BRDA:104,12,0,2
BRDA:104,12,1,12
BRDA:107,13,0,12
BRDA:107,13,1,3
BRDA:111,14,0,0
BRDA:111,14,1,0
BRDA:114,15,0,2
BRDA:114,15,1,1
BRDA:115,16,0,2
BRDA:115,16,1,2
BRDA:122,17,0,12
BRDA:122,17,1,0
BRDA:129,18,0,12
BRDA:129,18,1,0
BRDA:135,19,0,2
BRDA:135,19,1,0
BRDA:150,20,0,0
BRDA:150,20,1,0
BRDA:155,21,0,0
BRDA:155,21,1,0
BRDA:166,22,0,0
BRDA:166,22,1,0
BRDA:188,23,0,0
BRDA:188,23,1,0
BRDA:188,24,0,0
BRDA:188,24,1,0
BRDA:198,25,0,0
BRDA:198,25,1,0
BRDA:204,26,0,0
BRDA:204,26,1,0
BRDA:209,27,0,0
BRDA:209,27,1,0
BRDA:214,28,0,0
BRDA:214,28,1,0
BRDA:228,29,0,0
BRDA:228,29,1,0
BRDA:239,30,0,13
BRDA:239,30,1,12
BRF:62
BRH:23
end_of_record
TN:
SF:module\helpers\rollEffects.mjs
FN:201,getEffectModifiers
FN:223,(anonymous_1)
FN:241,(anonymous_2)
FN:253,(anonymous_3)
FN:269,(anonymous_4)
FN:327,rollMatchesType
FN:399,applyEffectModifiersToRoll
FN:474,rollIsPhysical
FN:481,(anonymous_8)
FN:491,rollIsMental
FN:498,(anonymous_10)
FN:507,rollIsSocial
FN:514,(anonymous_12)
FN:525,applyEffectModifiersToResistance
FN:555,formatActiveEffectsForDisplay
FN:559,(anonymous_15)
FN:562,(anonymous_16)
FN:624,(anonymous_17)
FNF:18
FNH:9
FNDA:64,getEffectModifiers
FNDA:0,(anonymous_1)
FNDA:0,(anonymous_2)
FNDA:0,(anonymous_3)
FNDA:0,(anonymous_4)
FNDA:0,rollMatchesType
FNDA:7,applyEffectModifiersToRoll
FNDA:7,rollIsPhysical
FNDA:43,(anonymous_8)
FNDA:6,rollIsMental
FNDA:48,(anonymous_10)
FNDA:6,rollIsSocial
FNDA:48,(anonymous_12)
FNDA:0,applyEffectModifiersToResistance
FNDA:37,formatActiveEffectsForDisplay
FNDA:0,(anonymous_15)
FNDA:0,(anonymous_16)
FNDA:0,(anonymous_17)
DA:11,1
DA:32,1
DA:202,64
DA:205,64
DA:223,64
DA:224,0
DA:228,54
DA:230,0
DA:233,0
DA:234,0
DA:237,0
DA:238,0
DA:240,0
DA:241,0
DA:242,0
DA:245,0
DA:249,0
DA:250,0
DA:252,0
DA:253,0
DA:254,0
DA:257,0
DA:261,0
DA:262,0
DA:265,0
DA:266,0
DA:268,0
DA:269,0
DA:270,0
DA:273,0
DA:277,0
DA:278,0
DA:281,0
DA:282,0
DA:285,0
DA:286,0
DA:289,0
DA:290,0
DA:293,0
DA:294,0
DA:297,0
DA:298,0
DA:301,0
DA:302,0
DA:305,0
DA:306,0
DA:309,0
DA:310,0
DA:313,0
DA:314,0
DA:318,54
DA:328,0
DA:331,0
DA:337,0
DA:342,0
DA:348,0
DA:353,0
DA:358,0
DA:364,0
DA:369,0
DA:373,0
DA:380,0
DA:389,0
DA:400,7
DA:402,7
DA:405,7
DA:408,7
DA:409,0
DA:413,7
DA:414,6
DA:418,6
DA:419,0
DA:423,6
DA:424,0
DA:428,6
DA:430,0
DA:431,6
DA:432,0
DA:433,6
DA:434,0
DA:438,6
DA:439,0
DA:443,6
DA:446,6
DA:447,0
DA:449,0
DA:450,0
DA:451,0
DA:452,0
DA:457,6
DA:458,0
DA:462,6
DA:463,0
DA:466,6
DA:475,7
DA:479,7
DA:481,43
DA:492,6
DA:496,6
DA:498,48
DA:508,6
DA:512,6
DA:514,48
DA:526,0
DA:527,0
DA:530,0
DA:533,0
DA:534,0
DA:535,0
DA:536,0
DA:539,0
DA:546,0
DA:556,37
DA:559,37
DA:562,37
DA:563,0
DA:564,0
DA:567,0
DA:570,0
DA:571,0
DA:572,0
DA:575,0
DA:576,0
DA:577,0
DA:578,0
DA:579,0
DA:580,0
DA:581,0
DA:582,0
DA:583,0
DA:584,0
DA:585,0
DA:586,0
DA:587,0
DA:588,0
DA:589,0
DA:590,0
DA:591,0
DA:592,0
DA:593,0
DA:594,0
DA:595,0
DA:596,0
DA:597,0
DA:598,0
DA:599,0
DA:600,0
DA:601,0
DA:602,0
DA:603,0
DA:604,0
DA:605,0
DA:606,0
DA:607,0
DA:608,0
DA:609,0
DA:610,0
DA:611,0
DA:612,0
DA:613,0
DA:616,0
DA:624,0
LF:162
LH:36
BRDA:201,0,0,27
BRDA:202,1,0,0
BRDA:202,1,1,64
BRDA:224,2,0,0
BRDA:224,2,1,0
BRDA:234,3,0,0
BRDA:234,3,1,0
BRDA:237,4,0,0
BRDA:237,4,1,0
BRDA:238,5,0,0
BRDA:238,5,1,0
BRDA:241,6,0,0
BRDA:241,6,1,0
BRDA:249,7,0,0
BRDA:249,7,1,0
BRDA:250,8,0,0
BRDA:250,8,1,0
BRDA:253,9,0,0
BRDA:253,9,1,0
BRDA:261,10,0,0
BRDA:261,10,1,0
BRDA:265,11,0,0
BRDA:265,11,1,0
BRDA:266,12,0,0
BRDA:266,12,1,0
BRDA:269,13,0,0
BRDA:269,13,1,0
BRDA:277,14,0,0
BRDA:277,14,1,0
BRDA:281,15,0,0
BRDA:281,15,1,0
BRDA:285,16,0,0
BRDA:285,16,1,0
BRDA:289,17,0,0
BRDA:289,17,1,0
BRDA:293,18,0,0
BRDA:293,18,1,0
BRDA:297,19,0,0
BRDA:297,19,1,0
BRDA:301,20,0,0
BRDA:301,20,1,0
BRDA:305,21,0,0
BRDA:305,21,1,0
BRDA:309,22,0,0
BRDA:309,22,1,0
BRDA:313,23,0,0
BRDA:313,23,1,0
BRDA:328,24,0,0
BRDA:328,24,1,0
BRDA:328,24,2,0
BRDA:328,24,3,0
BRDA:328,24,4,0
BRDA:328,24,5,0
BRDA:328,24,6,0
BRDA:328,24,7,0
BRDA:328,24,8,0
BRDA:328,24,9,0
BRDA:328,24,10,0
BRDA:331,25,0,0
BRDA:331,25,1,0
BRDA:331,25,2,0
BRDA:337,26,0,0
BRDA:337,26,1,0
BRDA:342,27,0,0
BRDA:342,27,1,0
BRDA:342,27,2,0
BRDA:348,28,0,0
BRDA:348,28,1,0
BRDA:353,29,0,0
BRDA:353,29,1,0
BRDA:358,30,0,0
BRDA:358,30,1,0
BRDA:358,30,2,0
BRDA:364,31,0,0
BRDA:364,31,1,0
BRDA:373,32,0,0
BRDA:373,32,1,0
BRDA:373,32,2,0
BRDA:373,32,3,0
BRDA:380,33,0,0
BRDA:380,33,1,0
BRDA:380,33,2,0
BRDA:380,33,3,0
BRDA:380,33,4,0
BRDA:380,33,5,0
BRDA:380,33,6,0
BRDA:400,34,0,0
BRDA:400,34,1,7
BRDA:405,35,0,7
BRDA:405,35,1,7
BRDA:408,36,0,0
BRDA:408,36,1,7
BRDA:413,37,0,6
BRDA:413,37,1,0
BRDA:418,38,0,0
BRDA:418,38,1,6
BRDA:423,39,0,0
BRDA:423,39,1,6
BRDA:428,40,0,0
BRDA:428,40,1,6
BRDA:428,41,0,6
BRDA:428,41,1,0
BRDA:431,42,0,0
BRDA:431,42,1,6
BRDA:433,43,0,0
BRDA:433,43,1,6
BRDA:438,44,0,0
BRDA:438,44,1,6
BRDA:443,45,0,6
BRDA:443,45,1,6
BRDA:446,46,0,0
BRDA:446,46,1,6
BRDA:447,47,0,0
BRDA:447,47,1,0
BRDA:447,48,0,0
BRDA:447,48,1,0
BRDA:449,49,0,0
BRDA:449,49,1,0
BRDA:451,50,0,0
BRDA:451,50,1,0
BRDA:457,51,0,0
BRDA:457,51,1,6
BRDA:462,52,0,0
BRDA:462,52,1,6
BRDA:481,53,0,7
BRDA:481,53,1,6
BRDA:481,53,2,0
BRDA:498,54,0,6
BRDA:498,54,1,6
BRDA:514,55,0,6
BRDA:514,55,1,6
BRDA:526,56,0,0
BRDA:526,56,1,0
BRDA:526,57,0,0
BRDA:526,57,1,0
BRDA:534,58,0,0
BRDA:534,58,1,0
BRDA:535,59,0,0
BRDA:535,59,1,0
BRDA:539,60,0,0
BRDA:539,60,1,0
BRDA:556,61,0,0
BRDA:556,61,1,37
BRDA:567,62,0,0
BRDA:567,62,1,0
BRDA:575,63,0,0
BRDA:575,63,1,0
BRDA:578,64,0,0
BRDA:578,64,1,0
BRDA:581,65,0,0
BRDA:581,65,1,0
BRDA:585,66,0,0
BRDA:585,66,1,0
BRDA:589,67,0,0
BRDA:589,67,1,0
BRDA:593,68,0,0
BRDA:593,68,1,0
BRDA:597,69,0,0
BRDA:597,69,1,0
BRDA:601,70,0,0
BRDA:601,70,1,0
BRDA:604,71,0,0
BRDA:604,71,1,0
BRDA:607,72,0,0
BRDA:607,72,1,0
BRDA:610,73,0,0
BRDA:610,73,1,0
BRF:167
BRH:26
end_of_record
TN:
SF:module\helpers\species.mjs
FN:30,calculateVitality
FN:51,getSpeciesSize
FN:61,getSpeciesSpeed
FN:71,updateActorSpeciesAttributes
FNF:4
FNH:0
FNDA:0,calculateVitality
FNDA:0,getSpeciesSize
FNDA:0,getSpeciesSpeed
FNDA:0,updateActorSpeciesAttributes
DA:9,1
DA:31,0
DA:32,0
DA:33,0
DA:36,0
DA:37,0
DA:38,0
DA:39,0
DA:42,0
DA:52,0
DA:62,0
DA:72,0
DA:74,0
DA:75,0
DA:76,0
DA:78,0
DA:79,0
DA:82,0
DA:83,0
DA:84,0
DA:85,0
DA:89,0
DA:90,0
DA:91,0
DA:92,0
DA:96,0
DA:97,0
DA:98,0
DA:99,0
DA:103,0
DA:104,0
DA:105,0
DA:108,0
LF:33
LH:1
BRDA:33,0,0,0
BRDA:33,0,1,0
BRDA:36,1,0,0
BRDA:36,1,1,0
BRDA:37,2,0,0
BRDA:37,2,1,0
BRDA:38,3,0,0
BRDA:38,3,1,0
BRDA:39,4,0,0
BRDA:39,4,1,0
BRDA:52,5,0,0
BRDA:52,5,1,0
BRDA:62,6,0,0
BRDA:62,6,1,0
BRDA:72,7,0,0
BRDA:72,7,1,0
BRDA:72,8,0,0
BRDA:72,8,1,0
BRDA:76,9,0,0
BRDA:76,9,1,0
BRDA:83,10,0,0
BRDA:83,10,1,0
BRDA:90,11,0,0
BRDA:90,11,1,0
BRDA:97,12,0,0
BRDA:97,12,1,0
BRDA:103,13,0,0
BRDA:103,13,1,0
BRF:28
BRH:0
end_of_record
TN:
SF:module\helpers\utils.mjs
FN:11,mergeObject
FNF:1
FNH:1
FNDA:53,mergeObject
DA:13,53
DA:14,53
DA:17,53
DA:18,53
DA:19,0
DA:20,0
DA:22,0
DA:26,53
DA:29,53
DA:30,0
DA:32,0
DA:35,0
DA:36,0
DA:37,0
DA:39,0
DA:42,0
DA:45,0
DA:50,0
DA:51,0
DA:53,0
DA:57,0
DA:58,0
DA:62,53
LF:23
LH:7
BRDA:11,0,0,53
BRDA:17,1,0,0
BRDA:17,1,1,53
BRDA:17,2,0,53
BRDA:17,2,1,53
BRDA:18,3,0,0
BRDA:18,3,1,53
BRDA:18,4,0,53
BRDA:18,4,1,53
BRDA:19,5,0,0
BRDA:19,5,1,0
BRDA:26,6,0,53
BRDA:26,6,1,0
BRDA:30,7,0,0
BRDA:30,7,1,0
BRDA:35,8,0,0
BRDA:35,8,1,0
BRDA:35,9,0,0
BRDA:35,9,1,0
BRDA:35,9,2,0
BRDA:36,10,0,0
BRDA:36,10,1,0
BRDA:45,11,0,0
BRDA:45,11,1,0
BRDA:46,12,0,0
BRDA:46,12,1,0
BRDA:46,12,2,0
BRDA:46,12,3,0
BRDA:50,13,0,0
BRDA:50,13,1,0
BRDA:51,14,0,0
BRDA:51,14,1,0
BRDA:57,15,0,0
BRDA:57,15,1,0
BRF:34
BRH:8
end_of_record
TN:
SF:module\sheets\actor-sheet.mjs
FN:16,(anonymous_0)
FN:88,(anonymous_1)
FN:114,(anonymous_2)
FN:116,(anonymous_3)
FN:121,(anonymous_4)
FN:126,(anonymous_5)
FN:128,(anonymous_6)
FN:133,(anonymous_7)
FN:139,(anonymous_8)
FN:169,(anonymous_9)
FN:213,(anonymous_10)
FN:218,(anonymous_11)
FN:273,(anonymous_12)
FN:294,(anonymous_13)
FN:295,(anonymous_14)
FN:355,(anonymous_15)
FN:356,(anonymous_16)
FN:358,(anonymous_17)
FN:361,(anonymous_18)
FN:363,(anonymous_19)
FN:366,(anonymous_20)
FN:369,(anonymous_21)
FN:372,(anonymous_22)
FN:373,(anonymous_23)
FN:374,(anonymous_24)
FN:377,(anonymous_25)
FN:380,(anonymous_26)
FN:383,(anonymous_27)
FN:384,(anonymous_28)
FN:395,(anonymous_29)
FN:403,(anonymous_30)
FN:425,(anonymous_31)
FN:435,(anonymous_32)
FN:445,(anonymous_33)
FN:453,(anonymous_34)
FN:468,(anonymous_35)
FN:481,(anonymous_36)
FN:494,(anonymous_37)
FN:527,(anonymous_38)
FN:540,(anonymous_39)
FN:554,(anonymous_40)
FN:560,(anonymous_41)
FN:576,(anonymous_42)
FN:586,(anonymous_43)
FN:594,(anonymous_44)
FN:611,(anonymous_45)
FN:636,(anonymous_46)
FN:647,(anonymous_47)
FN:657,(anonymous_48)
FN:675,(anonymous_49)
FN:682,(anonymous_50)
FN:709,(anonymous_51)
FN:728,(anonymous_52)
FN:731,(anonymous_53)
FN:739,(anonymous_54)
FN:743,(anonymous_55)
FN:745,(anonymous_56)
FN:755,(anonymous_57)
FN:770,(anonymous_58)
FN:801,(anonymous_59)
FN:832,(anonymous_60)
FN:845,(anonymous_61)
FN:865,(anonymous_62)
FN:870,(anonymous_63)
FN:886,(anonymous_64)
FN:897,(anonymous_65)
FN:920,(anonymous_66)
FN:936,(anonymous_67)
FN:950,(anonymous_68)
FN:979,(anonymous_69)
FN:1005,(anonymous_70)
FN:1014,(anonymous_71)
FN:1044,(anonymous_72)
FN:1051,(anonymous_73)
FN:1061,(anonymous_74)
FN:1068,(anonymous_75)
FN:1072,(anonymous_76)
FNF:77
FNH:0
FNDA:0,(anonymous_0)
FNDA:0,(anonymous_1)
FNDA:0,(anonymous_2)
FNDA:0,(anonymous_3)
FNDA:0,(anonymous_4)
FNDA:0,(anonymous_5)
FNDA:0,(anonymous_6)
FNDA:0,(anonymous_7)
FNDA:0,(anonymous_8)
FNDA:0,(anonymous_9)
FNDA:0,(anonymous_10)
FNDA:0,(anonymous_11)
FNDA:0,(anonymous_12)
FNDA:0,(anonymous_13)
FNDA:0,(anonymous_14)
FNDA:0,(anonymous_15)
FNDA:0,(anonymous_16)
FNDA:0,(anonymous_17)
FNDA:0,(anonymous_18)
FNDA:0,(anonymous_19)
FNDA:0,(anonymous_20)
FNDA:0,(anonymous_21)
FNDA:0,(anonymous_22)
FNDA:0,(anonymous_23)
FNDA:0,(anonymous_24)
FNDA:0,(anonymous_25)
FNDA:0,(anonymous_26)
FNDA:0,(anonymous_27)
FNDA:0,(anonymous_28)
FNDA:0,(anonymous_29)
FNDA:0,(anonymous_30)
FNDA:0,(anonymous_31)
FNDA:0,(anonymous_32)
FNDA:0,(anonymous_33)
FNDA:0,(anonymous_34)
FNDA:0,(anonymous_35)
FNDA:0,(anonymous_36)
FNDA:0,(anonymous_37)
FNDA:0,(anonymous_38)
FNDA:0,(anonymous_39)
FNDA:0,(anonymous_40)
FNDA:0,(anonymous_41)
FNDA:0,(anonymous_42)
FNDA:0,(anonymous_43)
FNDA:0,(anonymous_44)
FNDA:0,(anonymous_45)
FNDA:0,(anonymous_46)
FNDA:0,(anonymous_47)
FNDA:0,(anonymous_48)
FNDA:0,(anonymous_49)
FNDA:0,(anonymous_50)
FNDA:0,(anonymous_51)
FNDA:0,(anonymous_52)
FNDA:0,(anonymous_53)
FNDA:0,(anonymous_54)
FNDA:0,(anonymous_55)
FNDA:0,(anonymous_56)
FNDA:0,(anonymous_57)
FNDA:0,(anonymous_58)
FNDA:0,(anonymous_59)
FNDA:0,(anonymous_60)
FNDA:0,(anonymous_61)
FNDA:0,(anonymous_62)
FNDA:0,(anonymous_63)
FNDA:0,(anonymous_64)
FNDA:0,(anonymous_65)
FNDA:0,(anonymous_66)
FNDA:0,(anonymous_67)
FNDA:0,(anonymous_68)
FNDA:0,(anonymous_69)
FNDA:0,(anonymous_70)
FNDA:0,(anonymous_71)
FNDA:0,(anonymous_72)
FNDA:0,(anonymous_73)
FNDA:0,(anonymous_74)
FNDA:0,(anonymous_75)
FNDA:0,(anonymous_76)
DA:7,0
DA:17,0
DA:18,0
DA:22,0
DA:56,0
DA:89,0
DA:91,0
DA:93,0
DA:95,0
DA:97,0
DA:105,0
DA:107,0
DA:108,0
DA:115,0
DA:116,0
DA:122,0
DA:127,0
DA:128,0
DA:134,0
DA:142,0
DA:144,0
DA:163,0
DA:165,0
DA:170,0
DA:176,0
DA:177,0
DA:179,0
DA:182,0
DA:193,0
DA:195,0
DA:197,0
DA:202,0
DA:204,0
DA:215,0
DA:217,0
DA:218,0
DA:219,0
DA:229,0
DA:232,0
DA:234,0
DA:235,0
DA:236,0
DA:238,0
DA:239,0
DA:240,0
DA:242,0
DA:243,0
DA:244,0
DA:246,0
DA:247,0
DA:248,0
DA:250,0
DA:251,0
DA:252,0
DA:254,0
DA:255,0
DA:256,0
DA:258,0
DA:259,0
DA:260,0
DA:262,0
DA:263,0
DA:264,0
DA:277,0
DA:278,0
DA:279,0
DA:280,0
DA:282,0
DA:283,0
DA:284,0
DA:285,0
DA:286,0
DA:287,0
DA:288,0
DA:289,0
DA:290,0
DA:291,0
DA:293,0
DA:294,0
DA:295,0
DA:297,0
DA:298,0
DA:301,0
DA:302,0
DA:303,0
DA:305,0
DA:306,0
DA:308,0
DA:309,0
DA:311,0
DA:312,0
DA:314,0
DA:315,0
DA:317,0
DA:318,0
DA:320,0
DA:321,0
DA:323,0
DA:324,0
DA:326,0
DA:327,0
DA:329,0
DA:330,0
DA:333,0
DA:334,0
DA:337,0
DA:338,0
DA:339,0
DA:340,0
DA:344,0
DA:345,0
DA:349,0
DA:350,0
DA:355,0
DA:356,0
DA:357,0
DA:358,0
DA:360,0
DA:361,0
DA:363,0
DA:364,0
DA:366,0
DA:367,0
DA:369,0
DA:370,0
DA:372,0
DA:373,0
DA:374,0
DA:375,0
DA:377,0
DA:378,0
DA:380,0
DA:381,0
DA:383,0
DA:384,0
DA:385,0
DA:386,0
DA:396,0
DA:399,0
DA:400,0
DA:403,0
DA:404,0
DA:426,0
DA:427,0
DA:429,0
DA:431,0
DA:436,0
DA:437,0
DA:442,0
DA:446,0
DA:447,0
DA:448,0
DA:449,0
DA:454,0
DA:455,0
DA:469,0
DA:470,0
DA:482,0
DA:483,0
DA:496,0
DA:498,0
DA:506,0
DA:508,0
DA:512,0
DA:516,0
DA:528,0
DA:529,0
DA:541,0
DA:555,0
DA:561,0
DA:562,0
DA:563,0
DA:564,0
DA:565,0
DA:566,0
DA:567,0
DA:568,0
DA:569,0
DA:570,0
DA:571,0
DA:572,0
DA:574,0
DA:577,0
DA:579,0
DA:580,0
DA:582,0
DA:583,0
DA:587,0
DA:588,0
DA:589,0
DA:590,0
DA:591,0
DA:595,0
DA:596,0
DA:599,0
DA:600,0
DA:612,0
DA:613,0
DA:614,0
DA:615,0
DA:617,0
DA:620,0
DA:621,0
DA:638,0
DA:649,0
DA:658,0
DA:659,0
DA:662,0
DA:664,0
DA:667,0
DA:683,0
DA:684,0
DA:685,0
DA:686,0
DA:688,0
DA:690,0
DA:692,0
DA:694,0
DA:696,0
DA:698,0
DA:710,0
DA:711,0
DA:713,0
DA:715,0
DA:716,0
DA:718,0
DA:719,0
DA:722,0
DA:723,0
DA:725,0
DA:730,0
DA:731,0
DA:733,0
DA:734,0
DA:736,0
DA:740,0
DA:742,0
DA:743,0
DA:745,0
DA:756,0
DA:757,0
DA:758,0
DA:759,0
DA:760,0
DA:761,0
DA:772,0
DA:773,0
DA:774,0
DA:777,0
DA:780,0
DA:781,0
DA:782,0
DA:783,0
DA:784,0
DA:789,0
DA:793,0
DA:799,0
DA:801,0
DA:802,0
DA:803,0
DA:804,0
DA:805,0
DA:806,0
DA:808,0
DA:809,0
DA:810,0
DA:814,0
DA:815,0
DA:821,0
DA:833,0
DA:846,0
DA:847,0
DA:850,0
DA:851,0
DA:854,0
DA:866,0
DA:867,0
DA:868,0
DA:869,0
DA:871,0
DA:872,0
DA:875,0
DA:887,0
DA:888,0
DA:899,0
DA:900,0
DA:901,0
DA:902,0
DA:905,0
DA:908,0
DA:909,0
DA:910,0
DA:911,0
DA:912,0
DA:916,0
DA:920,0
DA:921,0
DA:922,0
DA:923,0
DA:927,0
DA:937,0
DA:950,0
DA:951,0
DA:955,0
DA:960,0
DA:980,0
DA:981,0
DA:982,0
DA:989,0
DA:990,0
DA:991,0
DA:992,0
DA:993,0
DA:1006,0
DA:1007,0
DA:1008,0
DA:1010,0
DA:1011,0
DA:1014,0
DA:1017,0
DA:1018,0
DA:1021,0
DA:1022,0
DA:1026,0
DA:1027,0
DA:1031,0
DA:1034,0
DA:1045,0
DA:1046,0
DA:1047,0
DA:1052,0
DA:1055,0
DA:1058,0
DA:1061,0
DA:1062,0
DA:1063,0
DA:1064,0
DA:1068,0
DA:1069,0
DA:1070,0
DA:1071,0
DA:1072,0
LF:342
LH:0
BRDA:16,0,0,0
BRDA:93,1,0,0
BRDA:93,1,1,0
BRDA:95,2,0,0
BRDA:95,2,1,0
BRDA:122,3,0,0
BRDA:122,3,1,0
BRDA:122,4,0,0
BRDA:122,4,1,0
BRDA:134,5,0,0
BRDA:134,5,1,0
BRDA:134,6,0,0
BRDA:134,6,1,0
BRDA:170,7,0,0
BRDA:170,7,1,0
BRDA:170,7,2,0
BRDA:170,7,3,0
BRDA:170,7,4,0
BRDA:170,7,5,0
BRDA:170,7,6,0
BRDA:217,8,0,0
BRDA:217,8,1,0
BRDA:229,9,0,0
BRDA:229,9,1,0
BRDA:229,9,2,0
BRDA:229,9,3,0
BRDA:229,9,4,0
BRDA:229,9,5,0
BRDA:229,9,6,0
BRDA:229,9,7,0
BRDA:229,9,8,0
BRDA:262,10,0,0
BRDA:262,10,1,0
BRDA:302,11,0,0
BRDA:302,11,1,0
BRDA:305,12,0,0
BRDA:305,12,1,0
BRDA:308,13,0,0
BRDA:308,13,1,0
BRDA:311,14,0,0
BRDA:311,14,1,0
BRDA:314,15,0,0
BRDA:314,15,1,0
BRDA:317,16,0,0
BRDA:317,16,1,0
BRDA:320,17,0,0
BRDA:320,17,1,0
BRDA:323,18,0,0
BRDA:323,18,1,0
BRDA:326,19,0,0
BRDA:326,19,1,0
BRDA:329,20,0,0
BRDA:329,20,1,0
BRDA:333,21,0,0
BRDA:333,21,1,0
BRDA:337,22,0,0
BRDA:337,22,1,0
BRDA:338,23,0,0
BRDA:338,23,1,0
BRDA:339,24,0,0
BRDA:339,24,1,0
BRDA:344,25,0,0
BRDA:344,25,1,0
BRDA:349,26,0,0
BRDA:349,26,1,0
BRDA:355,27,0,0
BRDA:355,27,1,0
BRDA:355,28,0,0
BRDA:355,28,1,0
BRDA:356,29,0,0
BRDA:356,29,1,0
BRDA:356,30,0,0
BRDA:356,30,1,0
BRDA:358,31,0,0
BRDA:358,31,1,0
BRDA:358,32,0,0
BRDA:358,32,1,0
BRDA:361,33,0,0
BRDA:361,33,1,0
BRDA:361,34,0,0
BRDA:361,34,1,0
BRDA:364,35,0,0
BRDA:364,35,1,0
BRDA:364,36,0,0
BRDA:364,36,1,0
BRDA:367,37,0,0
BRDA:367,37,1,0
BRDA:367,38,0,0
BRDA:367,38,1,0
BRDA:370,39,0,0
BRDA:370,39,1,0
BRDA:370,40,0,0
BRDA:370,40,1,0
BRDA:372,41,0,0
BRDA:372,41,1,0
BRDA:372,42,0,0
BRDA:372,42,1,0
BRDA:373,43,0,0
BRDA:373,43,1,0
BRDA:373,44,0,0
BRDA:373,44,1,0
BRDA:375,45,0,0
BRDA:375,45,1,0
BRDA:375,46,0,0
BRDA:375,46,1,0
BRDA:378,47,0,0
BRDA:378,47,1,0
BRDA:378,48,0,0
BRDA:378,48,1,0
BRDA:381,49,0,0
BRDA:381,49,1,0
BRDA:381,50,0,0
BRDA:381,50,1,0
BRDA:383,51,0,0
BRDA:383,51,1,0
BRDA:383,52,0,0
BRDA:383,52,1,0
BRDA:384,53,0,0
BRDA:384,53,1,0
BRDA:384,54,0,0
BRDA:384,54,1,0
BRDA:399,55,0,0
BRDA:399,55,1,0
BRDA:429,56,0,0
BRDA:429,56,1,0
BRDA:434,57,0,0
BRDA:434,57,1,0
BRDA:447,58,0,0
BRDA:447,58,1,0
BRDA:449,59,0,0
BRDA:449,59,1,0
BRDA:455,60,0,0
BRDA:455,60,1,0
BRDA:508,61,0,0
BRDA:508,61,1,0
BRDA:561,62,0,0
BRDA:561,62,1,0
BRDA:561,62,2,0
BRDA:561,62,3,0
BRDA:561,62,4,0
BRDA:561,62,5,0
BRDA:561,62,6,0
BRDA:561,62,7,0
BRDA:561,62,8,0
BRDA:561,62,9,0
BRDA:561,62,10,0
BRDA:579,63,0,0
BRDA:579,63,1,0
BRDA:588,64,0,0
BRDA:588,64,1,0
BRDA:589,65,0,0
BRDA:589,65,1,0
BRDA:613,66,0,0
BRDA:613,66,1,0
BRDA:615,67,0,0
BRDA:615,67,1,0
BRDA:617,68,0,0
BRDA:617,68,1,0
BRDA:659,69,0,0
BRDA:659,69,1,0
BRDA:664,70,0,0
BRDA:664,70,1,0
BRDA:686,71,0,0
BRDA:686,71,1,0
BRDA:688,72,0,0
BRDA:688,72,1,0
BRDA:688,72,2,0
BRDA:688,72,3,0
BRDA:688,72,4,0
BRDA:713,73,0,0
BRDA:713,73,1,0
BRDA:733,74,0,0
BRDA:733,74,1,0
BRDA:758,75,0,0
BRDA:758,75,1,0
BRDA:758,76,0,0
BRDA:758,76,1,0
BRDA:759,77,0,0
BRDA:759,77,1,0
BRDA:773,78,0,0
BRDA:773,78,1,0
BRDA:777,79,0,0
BRDA:777,79,1,0
BRDA:784,80,0,0
BRDA:784,80,1,0
BRDA:785,81,0,0
BRDA:785,81,1,0
BRDA:785,81,2,0
BRDA:785,81,3,0
BRDA:804,82,0,0
BRDA:804,82,1,0
BRDA:808,83,0,0
BRDA:808,83,1,0
BRDA:833,84,0,0
BRDA:833,84,1,0
BRDA:846,85,0,0
BRDA:846,85,1,0
BRDA:850,86,0,0
BRDA:850,86,1,0
BRDA:866,87,0,0
BRDA:866,87,1,0
BRDA:868,88,0,0
BRDA:868,88,1,0
BRDA:871,89,0,0
BRDA:871,89,1,0
BRDA:887,90,0,0
BRDA:887,90,1,0
BRDA:901,91,0,0
BRDA:901,91,1,0
BRDA:905,92,0,0
BRDA:905,92,1,0
BRDA:911,93,0,0
BRDA:911,93,1,0
BRDA:911,94,0,0
BRDA:911,94,1,0
BRDA:992,95,0,0
BRDA:992,95,1,0
BRDA:1008,96,0,0
BRDA:1008,96,1,0
BRDA:1011,97,0,0
BRDA:1011,97,1,0
BRDA:1011,98,0,0
BRDA:1011,98,1,0
BRDA:1014,99,0,0
BRDA:1014,99,1,0
BRDA:1017,100,0,0
BRDA:1017,100,1,0
BRDA:1055,101,0,0
BRDA:1055,101,1,0
BRF:229
BRH:0
end_of_record
TN:
SF:module\sheets\item-sheet.mjs
FN:16,(anonymous_0)
FN:140,(anonymous_1)
FN:194,(anonymous_2)
FN:213,(anonymous_3)
FN:236,(anonymous_4)
FN:342,(anonymous_5)
FN:347,(anonymous_6)
FN:419,(anonymous_7)
FN:420,(anonymous_8)
FN:441,(anonymous_9)
FN:451,(anonymous_10)
FN:469,(anonymous_11)
FN:482,(anonymous_12)
FN:495,(anonymous_13)
FN:529,(anonymous_14)
FN:541,(anonymous_15)
FN:551,(anonymous_16)
FN:560,(anonymous_17)
FNF:18
FNH:0
FNDA:0,(anonymous_0)
FNDA:0,(anonymous_1)
FNDA:0,(anonymous_2)
FNDA:0,(anonymous_3)
FNDA:0,(anonymous_4)
FNDA:0,(anonymous_5)
FNDA:0,(anonymous_6)
FNDA:0,(anonymous_7)
FNDA:0,(anonymous_8)
FNDA:0,(anonymous_9)
FNDA:0,(anonymous_10)
FNDA:0,(anonymous_11)
FNDA:0,(anonymous_12)
FNDA:0,(anonymous_13)
FNDA:0,(anonymous_14)
FNDA:0,(anonymous_15)
FNDA:0,(anonymous_16)
FNDA:0,(anonymous_17)
DA:7,0
DA:17,0
DA:18,0
DA:21,0
DA:32,0
DA:60,0
DA:66,0
DA:72,0
DA:96,0
DA:141,0
DA:143,0
DA:144,0
DA:146,0
DA:150,0
DA:152,0
DA:154,0
DA:155,0
DA:157,0
DA:158,0
DA:160,0
DA:161,0
DA:163,0
DA:164,0
DA:166,0
DA:167,0
DA:169,0
DA:170,0
DA:172,0
DA:173,0
DA:175,0
DA:176,0
DA:178,0
DA:179,0
DA:181,0
DA:182,0
DA:184,0
DA:185,0
DA:187,0
DA:188,0
DA:195,0
DA:196,0
DA:202,0
DA:203,0
DA:209,0
DA:215,0
DA:232,0
DA:237,0
DA:247,0
DA:248,0
DA:251,0
DA:254,0
DA:265,0
DA:267,0
DA:269,0
DA:270,0
DA:276,0
DA:287,0
DA:298,0
DA:309,0
DA:320,0
DA:331,0
DA:333,0
DA:344,0
DA:346,0
DA:347,0
DA:348,0
DA:358,0
DA:361,0
DA:363,0
DA:364,0
DA:365,0
DA:367,0
DA:368,0
DA:369,0
DA:371,0
DA:372,0
DA:373,0
DA:375,0
DA:376,0
DA:377,0
DA:379,0
DA:380,0
DA:381,0
DA:383,0
DA:384,0
DA:385,0
DA:388,0
DA:389,0
DA:390,0
DA:392,0
DA:393,0
DA:394,0
DA:396,0
DA:397,0
DA:398,0
DA:399,0
DA:401,0
DA:402,0
DA:403,0
DA:404,0
DA:406,0
DA:407,0
DA:408,0
DA:420,0
DA:442,0
DA:443,0
DA:445,0
DA:447,0
DA:452,0
DA:453,0
DA:458,0
DA:470,0
DA:471,0
DA:483,0
DA:484,0
DA:497,0
DA:500,0
DA:508,0
DA:510,0
DA:514,0
DA:518,0
DA:530,0
DA:531,0
DA:542,0
DA:543,0
DA:544,0
DA:552,0
DA:561,0
DA:564,0
LF:129
LH:0
BRDA:16,0,0,0
BRDA:143,1,0,0
BRDA:143,1,1,0
BRDA:150,2,0,0
BRDA:150,2,1,0
BRDA:152,3,0,0
BRDA:152,3,1,0
BRDA:152,3,2,0
BRDA:152,3,3,0
BRDA:152,3,4,0
BRDA:152,3,5,0
BRDA:152,3,6,0
BRDA:152,3,7,0
BRDA:152,3,8,0
BRDA:152,3,9,0
BRDA:152,3,10,0
BRDA:152,3,11,0
BRDA:195,4,0,0
BRDA:195,4,1,0
BRDA:202,5,0,0
BRDA:202,5,1,0
BRDA:237,6,0,0
BRDA:237,6,1,0
BRDA:237,6,2,0
BRDA:237,6,3,0
BRDA:237,6,4,0
BRDA:237,6,5,0
BRDA:237,6,6,0
BRDA:237,6,7,0
BRDA:237,6,8,0
BRDA:237,6,9,0
BRDA:237,6,10,0
BRDA:237,6,11,0
BRDA:237,6,12,0
BRDA:346,7,0,0
BRDA:346,7,1,0
BRDA:358,8,0,0
BRDA:358,8,1,0
BRDA:358,8,2,0
BRDA:358,8,3,0
BRDA:358,8,4,0
BRDA:358,8,5,0
BRDA:358,8,6,0
BRDA:358,8,7,0
BRDA:358,8,8,0
BRDA:358,8,9,0
BRDA:358,8,10,0
BRDA:358,8,11,0
BRDA:358,8,12,0
BRDA:406,9,0,0
BRDA:406,9,1,0
BRDA:445,10,0,0
BRDA:445,10,1,0
BRDA:450,11,0,0
BRDA:450,11,1,0
BRDA:510,12,0,0
BRDA:510,12,1,0
BRDA:564,13,0,0
BRDA:564,13,1,0
BRF:59
BRH:0
end_of_record
