TN:
SF:module/fading-suns.mjs
FN:36,(anonymous_0)
FN:78,(anonymous_1)
FNF:2
FNH:1
FNDA:16,(anonymous_0)
FNDA:0,(anonymous_1)
DA:22,16
DA:36,16
DA:38,16
DA:44,16
DA:50,16
DA:51,16
DA:56,16
DA:59,16
DA:60,16
DA:64,16
DA:65,16
DA:71,16
DA:74,16
DA:76,16
DA:78,16
DA:82,0
DA:84,0
DA:85,0
DA:86,0
DA:87,0
DA:88,0
DA:89,0
LF:22
LH:15
BRDA:84,0,0,0
BRDA:84,0,1,0
BRDA:84,1,0,0
BRDA:84,1,1,0
BRDA:86,2,0,0
BRDA:86,2,1,0
BRF:6
BRH:0
end_of_record
TN:
SF:module/activeeffects/activeEffects.js
FNF:0
FNH:0
DA:13,6
DA:23,6
LF:2
LH:2
BRF:0
BRH:0
end_of_record
TN:
SF:module/dialogs/maneuver.mjs
FN:7,(anonymous_0)
FN:14,(anonymous_1)
FN:28,(anonymous_2)
FN:29,(anonymous_3)
FN:32,(anonymous_4)
FN:42,(anonymous_5)
FN:44,(anonymous_6)
FN:48,(anonymous_7)
FN:49,(anonymous_8)
FN:52,(anonymous_9)
FN:54,(anonymous_10)
FN:64,(anonymous_11)
FN:69,(anonymous_12)
FN:90,(anonymous_13)
FN:92,(anonymous_14)
FN:97,(anonymous_15)
FN:103,(anonymous_16)
FNF:17
FNH:13
FNDA:16,(anonymous_0)
FNDA:1,(anonymous_1)
FNDA:5,(anonymous_2)
FNDA:15,(anonymous_3)
FNDA:3,(anonymous_4)
FNDA:3,(anonymous_5)
FNDA:9,(anonymous_6)
FNDA:4,(anonymous_7)
FNDA:9,(anonymous_8)
FNDA:0,(anonymous_9)
FNDA:1,(anonymous_10)
FNDA:1,(anonymous_11)
FNDA:0,(anonymous_12)
FNDA:1,(anonymous_13)
FNDA:0,(anonymous_14)
FNDA:0,(anonymous_15)
FNDA:1,(anonymous_16)
DA:8,16
DA:9,16
DA:10,16
DA:11,16
DA:15,1
DA:29,15
DA:33,3
DA:35,3
DA:36,2
DA:43,3
DA:44,9
DA:49,9
DA:55,1
DA:56,1
DA:57,1
DA:58,1
DA:65,1
DA:66,1
DA:70,0
DA:71,0
DA:75,0
DA:77,0
DA:79,0
DA:87,0
DA:92,1
DA:93,0
DA:94,0
DA:97,1
DA:98,0
DA:99,0
DA:104,1
DA:108,1
LF:32
LH:22
BRDA:7,0,0,16
BRDA:29,1,0,15
BRDA:29,1,1,5
BRDA:35,2,0,2
BRDA:35,2,1,1
BRDA:35,3,0,3
BRDA:35,3,1,3
BRDA:44,4,0,9
BRDA:44,4,1,6
BRDA:70,5,0,0
BRDA:70,5,1,0
BRF:11
BRH:9
end_of_record
TN:
SF:module/dialogs/rollDice.mjs
FN:8,(anonymous_0)
FN:50,(anonymous_1)
FN:65,(anonymous_2)
FN:69,(anonymous_3)
FN:78,(anonymous_4)
FN:109,(anonymous_5)
FN:141,(anonymous_6)
FN:191,(anonymous_7)
FN:214,(anonymous_8)
FN:218,(anonymous_9)
FN:223,(anonymous_10)
FN:228,(anonymous_11)
FN:233,(anonymous_12)
FN:237,(anonymous_13)
FN:242,(anonymous_14)
FN:247,(anonymous_15)
FN:256,(anonymous_16)
FN:281,(anonymous_17)
FN:289,(anonymous_18)
FN:310,(anonymous_19)
FN:337,(anonymous_20)
FN:353,(anonymous_21)
FN:358,(anonymous_22)
FN:361,(anonymous_23)
FN:365,(anonymous_24)
FN:368,(anonymous_25)
FN:472,(anonymous_26)
FN:519,(anonymous_27)
FNF:28
FNH:12
FNDA:31,(anonymous_0)
FNDA:0,(anonymous_1)
FNDA:0,(anonymous_2)
FNDA:17,(anonymous_3)
FNDA:153,(anonymous_4)
FNDA:0,(anonymous_5)
FNDA:153,(anonymous_6)
FNDA:1,(anonymous_7)
FNDA:0,(anonymous_8)
FNDA:0,(anonymous_9)
FNDA:0,(anonymous_10)
FNDA:3,(anonymous_11)
FNDA:0,(anonymous_12)
FNDA:0,(anonymous_13)
FNDA:0,(anonymous_14)
FNDA:2,(anonymous_15)
FNDA:0,(anonymous_16)
FNDA:0,(anonymous_17)
FNDA:0,(anonymous_18)
FNDA:0,(anonymous_19)
FNDA:0,(anonymous_20)
FNDA:2,(anonymous_21)
FNDA:2,(anonymous_22)
FNDA:2,(anonymous_23)
FNDA:10,(anonymous_24)
FNDA:10,(anonymous_25)
FNDA:0,(anonymous_26)
FNDA:0,(anonymous_27)
DA:9,31
DA:10,31
DA:11,31
DA:12,31
DA:13,31
DA:14,31
DA:15,31
DA:16,31
DA:17,31
DA:18,31
DA:19,31
DA:22,31
DA:23,11
DA:24,11
DA:25,10
DA:30,31
DA:32,31
DA:34,31
DA:36,31
DA:38,31
DA:40,31
DA:42,31
DA:44,31
DA:46,31
DA:48,31
DA:51,0
DA:66,0
DA:71,17
DA:72,14
DA:75,17
DA:77,17
DA:78,153
DA:85,17
DA:98,17
DA:99,14
DA:101,14
DA:103,14
DA:106,14
DA:109,14
DA:110,0
DA:112,14
DA:115,3
DA:119,14
DA:126,14
DA:127,14
DA:128,5
DA:129,9
DA:130,4
DA:134,14
DA:137,14
DA:141,153
DA:147,17
DA:150,17
DA:151,17
DA:154,17
DA:157,17
DA:163,17
DA:192,1
DA:193,1
DA:196,1
DA:199,1
DA:202,1
DA:205,1
DA:208,1
DA:209,1
DA:215,0
DA:219,0
DA:220,0
DA:224,0
DA:225,0
DA:229,3
DA:230,3
DA:234,0
DA:235,0
DA:238,0
DA:239,0
DA:243,0
DA:244,0
DA:248,2
DA:249,0
DA:250,2
DA:251,2
DA:252,2
DA:253,2
DA:258,0
DA:264,0
DA:265,0
DA:266,0
DA:267,0
DA:268,0
DA:270,0
DA:282,0
DA:284,0
DA:286,0
DA:290,0
DA:292,0
DA:293,0
DA:298,0
DA:304,0
DA:311,0
DA:312,0
DA:314,0
DA:315,0
DA:317,0
DA:318,0
DA:320,0
DA:321,0
DA:324,0
DA:325,0
DA:328,0
DA:329,0
DA:331,0
DA:332,0
DA:334,0
DA:338,0
DA:339,0
DA:342,0
DA:344,0
DA:346,0
DA:347,0
DA:350,0
DA:355,2
DA:357,2
DA:358,2
DA:360,2
DA:361,2
DA:364,2
DA:365,10
DA:367,2
DA:368,10
DA:371,2
DA:373,2
DA:381,2
DA:382,0
DA:385,2
DA:386,1
DA:389,2
DA:390,0
DA:393,2
DA:396,2
DA:398,2
DA:399,2
DA:400,1
DA:401,1
DA:404,2
DA:405,0
DA:406,0
DA:409,2
DA:410,0
DA:411,0
DA:414,2
DA:415,0
DA:418,2
DA:419,2
DA:420,2
DA:421,2
DA:422,2
DA:425,2
DA:427,0
DA:430,0
DA:431,0
DA:435,2
DA:436,2
DA:442,2
DA:443,2
DA:444,2
DA:445,0
DA:450,2
DA:451,0
DA:457,2
DA:467,2
DA:468,2
DA:469,2
DA:470,2
DA:471,2
DA:472,0
DA:474,2
DA:475,2
DA:478,2
DA:497,2
DA:502,2
DA:508,2
DA:510,2
DA:511,2
DA:512,0
DA:513,0
DA:516,2
DA:520,0
DA:522,0
DA:530,0
DA:535,0
DA:540,1
LF:192
LH:121
BRDA:12,0,0,31
BRDA:12,0,1,0
BRDA:13,1,0,31
BRDA:13,1,1,31
BRDA:14,2,0,31
BRDA:14,2,1,31
BRDA:17,3,0,31
BRDA:17,3,1,11
BRDA:22,4,0,11
BRDA:22,4,1,20
BRDA:22,5,0,31
BRDA:22,5,1,13
BRDA:24,6,0,10
BRDA:24,6,1,1
BRDA:24,7,0,11
BRDA:24,7,1,10
BRDA:71,8,0,14
BRDA:71,8,1,3
BRDA:71,9,0,17
BRDA:71,9,1,14
BRDA:98,10,0,14
BRDA:98,10,1,3
BRDA:98,11,0,17
BRDA:98,11,1,14
BRDA:101,12,0,14
BRDA:101,12,1,0
BRDA:103,13,0,14
BRDA:103,13,1,0
BRDA:110,14,0,0
BRDA:110,14,1,0
BRDA:112,15,0,3
BRDA:112,15,1,11
BRDA:127,16,0,5
BRDA:127,16,1,9
BRDA:129,17,0,4
BRDA:129,17,1,5
BRDA:143,18,0,153
BRDA:143,18,1,27
BRDA:160,19,0,1
BRDA:160,19,1,16
BRDA:184,20,0,17
BRDA:184,20,1,2
BRDA:248,21,0,0
BRDA:248,21,1,2
BRDA:250,22,0,0
BRDA:250,22,1,2
BRDA:251,23,0,0
BRDA:251,23,1,2
BRDA:252,24,0,0
BRDA:252,24,1,2
BRDA:311,25,0,0
BRDA:311,25,1,0
BRDA:314,26,0,0
BRDA:314,26,1,0
BRDA:317,27,0,0
BRDA:317,27,1,0
BRDA:317,28,0,0
BRDA:317,28,1,0
BRDA:320,29,0,0
BRDA:320,29,1,0
BRDA:320,30,0,0
BRDA:320,30,1,0
BRDA:324,31,0,0
BRDA:324,31,1,0
BRDA:324,32,0,0
BRDA:324,32,1,0
BRDA:325,33,0,0
BRDA:325,33,1,0
BRDA:328,34,0,0
BRDA:328,34,1,0
BRDA:328,35,0,0
BRDA:328,35,1,0
BRDA:331,36,0,0
BRDA:331,36,1,0
BRDA:331,37,0,0
BRDA:331,37,1,0
BRDA:334,38,0,0
BRDA:334,38,1,0
BRDA:338,39,0,0
BRDA:338,39,1,0
BRDA:346,40,0,0
BRDA:346,40,1,0
BRDA:350,41,0,0
BRDA:350,41,1,0
BRDA:371,42,0,0
BRDA:371,42,1,2
BRDA:381,43,0,0
BRDA:381,43,1,2
BRDA:385,44,0,1
BRDA:385,44,1,1
BRDA:389,45,0,0
BRDA:389,45,1,2
BRDA:399,46,0,1
BRDA:399,46,1,1
BRDA:404,47,0,0
BRDA:404,47,1,2
BRDA:409,48,0,0
BRDA:409,48,1,2
BRDA:414,49,0,0
BRDA:414,49,1,2
BRDA:425,50,0,0
BRDA:425,50,1,2
BRDA:425,51,0,2
BRDA:425,51,1,0
BRDA:430,52,0,0
BRDA:430,52,1,0
BRDA:430,53,0,0
BRDA:430,53,1,0
BRDA:435,54,0,2
BRDA:435,54,1,0
BRDA:435,55,0,2
BRDA:435,55,1,2
BRDA:442,56,0,2
BRDA:442,56,1,0
BRDA:442,57,0,2
BRDA:442,57,1,2
BRDA:444,58,0,0
BRDA:444,58,1,2
BRDA:450,59,0,0
BRDA:450,59,1,2
BRDA:467,60,0,2
BRDA:467,60,1,0
BRDA:467,61,0,2
BRDA:467,61,1,0
BRDA:468,62,0,2
BRDA:468,62,1,0
BRDA:471,63,0,0
BRDA:471,63,1,2
BRDA:474,64,0,2
BRDA:474,64,1,0
BRDA:511,65,0,0
BRDA:511,65,1,2
BRDA:511,66,0,2
BRDA:511,66,1,0
BRDA:511,66,2,2
BRF:135
BRH:69
end_of_record
TN:
SF:module/documents/actor.mjs
FN:7,(anonymous_0)
FN:16,(anonymous_1)
FN:30,(anonymous_2)
FN:49,(anonymous_3)
FN:67,(anonymous_4)
FN:79,(anonymous_5)
FN:86,(anonymous_6)
FN:89,(anonymous_7)
FN:111,(anonymous_8)
FN:127,(anonymous_9)
FN:149,(anonymous_10)
FN:159,(anonymous_11)
FNF:12
FNH:7
FNDA:0,(anonymous_0)
FNDA:0,(anonymous_1)
FNDA:1,(anonymous_2)
FNDA:3,(anonymous_3)
FNDA:3,(anonymous_4)
FNDA:1,(anonymous_5)
FNDA:0,(anonymous_6)
FNDA:0,(anonymous_7)
FNDA:1,(anonymous_8)
FNDA:3,(anonymous_9)
FNDA:3,(anonymous_10)
FNDA:0,(anonymous_11)
DA:12,0
DA:31,1
DA:32,1
DA:33,1
DA:37,1
DA:38,1
DA:41,1
DA:50,3
DA:53,2
DA:56,2
DA:58,6
DA:68,3
DA:71,1
DA:72,1
DA:81,1
DA:85,1
DA:86,0
DA:87,1
DA:89,0
DA:90,0
DA:94,1
DA:96,0
DA:98,0
DA:99,0
DA:100,0
DA:101,0
DA:113,1
DA:116,1
DA:117,1
DA:119,1
DA:128,3
DA:132,2
DA:133,2
DA:134,6
DA:139,2
DA:140,2
DA:150,3
DA:160,0
LF:38
LH:28
BRDA:33,0,0,1
BRDA:33,0,1,0
BRDA:50,1,0,1
BRDA:50,1,1,2
BRDA:56,2,0,2
BRDA:56,2,1,0
BRDA:68,3,0,2
BRDA:68,3,1,1
BRDA:81,4,0,0
BRDA:81,4,1,1
BRDA:85,5,0,0
BRDA:85,5,1,1
BRDA:86,6,0,0
BRDA:86,6,1,0
BRDA:87,7,0,0
BRDA:87,7,1,1
BRDA:87,8,0,1
BRDA:87,8,1,1
BRDA:89,9,0,0
BRDA:89,9,1,0
BRDA:90,10,0,0
BRDA:90,10,1,0
BRDA:94,11,0,0
BRDA:94,11,1,1
BRDA:96,12,0,0
BRDA:96,12,1,0
BRDA:98,13,0,0
BRDA:98,13,1,0
BRDA:128,14,0,1
BRDA:128,14,1,2
BRDA:132,15,0,2
BRDA:132,15,1,0
BRDA:139,16,0,2
BRDA:139,16,1,0
BRDA:140,17,0,2
BRDA:140,17,1,0
BRDA:150,18,0,2
BRDA:150,18,1,1
BRF:38
BRH:19
end_of_record
TN:
SF:module/documents/item.mjs
FN:9,(anonymous_0)
FN:18,(anonymous_1)
FN:33,(anonymous_2)
FN:51,(anonymous_3)
FN:69,(anonymous_4)
FN:83,(anonymous_5)
FN:98,(anonymous_6)
FNF:7
FNH:5
FNDA:0,(anonymous_0)
FNDA:0,(anonymous_1)
FNDA:5,(anonymous_2)
FNDA:3,(anonymous_3)
FNDA:3,(anonymous_4)
FNDA:1,(anonymous_5)
FNDA:2,(anonymous_6)
DA:14,0
DA:23,0
DA:24,0
DA:35,5
DA:38,5
DA:41,4
DA:43,4
DA:53,3
DA:56,3
DA:57,1
DA:61,2
DA:70,3
DA:71,3
DA:72,3
DA:74,3
DA:84,1
DA:100,2
DA:103,2
DA:109,2
DA:115,2
LF:20
LH:17
BRDA:23,0,0,0
BRDA:23,0,1,0
BRDA:23,1,0,0
BRDA:23,1,1,0
BRDA:38,2,0,1
BRDA:38,2,1,4
BRDA:56,3,0,1
BRDA:56,3,1,2
BRDA:88,4,0,1
BRDA:88,4,1,0
BRF:10
BRH:5
end_of_record
TN:
SF:module/helpers/combat.mjs
FN:69,parseAttackProperties
FN:76,(anonymous_1)
FN:95,calculateEffectiveResistance
FN:141,getResistanceLevel
FNF:4
FNH:4
FNDA:22,parseAttackProperties
FNDA:323,(anonymous_1)
FNDA:11,calculateEffectiveResistance
FNDA:16,getResistanceLevel
DA:9,1
DA:24,1
DA:53,1
DA:70,22
DA:72,19
DA:73,19
DA:76,19
DA:77,323
DA:78,21
DA:79,21
DA:80,21
DA:85,19
DA:96,11
DA:98,2
DA:102,9
DA:103,9
DA:106,9
DA:107,13
DA:109,13
DA:111,7
DA:114,7
DA:115,4
DA:118,7
DA:123,9
DA:124,3
DA:128,9
DA:130,2
DA:133,9
DA:142,16
DA:143,14
DA:144,12
DA:145,10
DA:146,8
DA:147,6
DA:148,4
DA:149,2
LF:36
LH:36
BRDA:70,0,0,3
BRDA:70,0,1,19
BRDA:77,1,0,21
BRDA:77,1,1,302
BRDA:79,2,0,21
BRDA:79,2,1,0
BRDA:96,3,0,2
BRDA:96,3,1,9
BRDA:96,4,0,11
BRDA:96,4,1,10
BRDA:109,5,0,7
BRDA:109,5,1,6
BRDA:109,6,0,13
BRDA:109,6,1,13
BRDA:109,6,2,13
BRDA:111,7,0,7
BRDA:111,7,1,0
BRDA:114,8,0,4
BRDA:114,8,1,3
BRDA:123,9,0,3
BRDA:123,9,1,6
BRDA:123,10,0,9
BRDA:123,10,1,3
BRDA:128,11,0,2
BRDA:128,11,1,7
BRDA:128,12,0,9
BRDA:128,12,1,3
BRDA:128,12,2,3
BRDA:142,13,0,2
BRDA:142,13,1,14
BRDA:143,14,0,2
BRDA:143,14,1,12
BRDA:144,15,0,2
BRDA:144,15,1,10
BRDA:145,16,0,2
BRDA:145,16,1,8
BRDA:146,17,0,2
BRDA:146,17,1,6
BRDA:147,18,0,2
BRDA:147,18,1,4
BRDA:148,19,0,2
BRDA:148,19,1,2
BRF:42
BRH:40
end_of_record
TN:
SF:module/helpers/config.mjs
FNF:0
FNH:0
DA:1,0
DA:7,0
DA:16,0
DA:25,0
DA:55,0
DA:67,0
LF:6
LH:0
BRF:0
BRH:0
end_of_record
TN:
SF:module/helpers/constants.mjs
FNF:0
FNH:0
DA:8,0
DA:23,0
DA:55,0
DA:73,0
DA:96,0
DA:107,0
DA:130,0
DA:140,0
LF:8
LH:0
BRF:0
BRH:0
end_of_record
TN:
SF:module/helpers/drag-drop.mjs
FN:11,createDragDropHandlers
FN:12,(anonymous_1)
FN:31,canDragStart
FN:40,canDragDrop
FN:48,onDragStart
FN:70,onDragOver
FN:78,onDrop
FN:103,onDropActiveEffect
FN:118,onEffectSort
FN:140,(anonymous_9)
FN:156,onDropActor
FN:167,onDropItem
FN:178,onDropFolder
FN:188,getEffect
FNF:14
FNH:0
FNDA:0,createDragDropHandlers
FNDA:0,(anonymous_1)
FNDA:0,canDragStart
FNDA:0,canDragDrop
FNDA:0,onDragStart
FNDA:0,onDragOver
FNDA:0,onDrop
FNDA:0,onDropActiveEffect
FNDA:0,onEffectSort
FNDA:0,(anonymous_9)
FNDA:0,onDropActor
FNDA:0,onDropItem
FNDA:0,onDropFolder
FNDA:0,getEffect
DA:12,0
DA:13,0
DA:17,0
DA:22,0
DA:32,0
DA:41,0
DA:49,0
DA:50,0
DA:52,0
DA:55,0
DA:56,0
DA:57,0
DA:60,0
DA:63,0
DA:79,0
DA:80,0
DA:81,0
DA:82,0
DA:85,0
DA:87,0
DA:89,0
DA:91,0
DA:93,0
DA:104,0
DA:105,0
DA:106,0
DA:108,0
DA:109,0
DA:110,0
DA:119,0
DA:120,0
DA:121,0
DA:122,0
DA:125,0
DA:128,0
DA:129,0
DA:130,0
DA:131,0
DA:132,0
DA:136,0
DA:140,0
DA:141,0
DA:142,0
DA:143,0
DA:147,0
DA:157,0
DA:168,0
DA:179,0
DA:189,0
DA:190,0
LF:50
LH:0
BRDA:50,0,0,0
BRDA:50,0,1,0
BRDA:55,1,0,0
BRDA:55,1,1,0
BRDA:60,2,0,0
BRDA:60,2,1,0
BRDA:82,3,0,0
BRDA:82,3,1,0
BRDA:85,4,0,0
BRDA:85,4,1,0
BRDA:85,4,2,0
BRDA:85,4,3,0
BRDA:106,5,0,0
BRDA:106,5,1,0
BRDA:106,6,0,0
BRDA:106,6,1,0
BRDA:108,7,0,0
BRDA:108,7,1,0
BRDA:121,8,0,0
BRDA:121,8,1,0
BRDA:125,9,0,0
BRDA:125,9,1,0
BRDA:131,10,0,0
BRDA:131,10,1,0
BRDA:131,11,0,0
BRDA:131,11,1,0
BRDA:157,12,0,0
BRDA:157,12,1,0
BRDA:168,13,0,0
BRDA:168,13,1,0
BRDA:179,14,0,0
BRDA:179,14,1,0
BRF:32
BRH:0
end_of_record
TN:
SF:module/helpers/effects.mjs
FN:37,getEffectsByType
FN:38,(anonymous_1)
FN:46,getEffectByTitle
FN:47,(anonymous_3)
FN:54,getPhysicalEffects
FN:62,getMentalEffects
FN:70,getSocialEffects
FN:79,createEffectCategories
FN:123,sortEffectCategories
FN:125,(anonymous_9)
FN:135,getEffectCategory
FN:144,countTotalEffects
FN:145,(anonymous_12)
FN:154,prepareActiveEffectCategories
FNF:14
FNH:11
FNDA:10,getEffectsByType
FNDA:500,(anonymous_1)
FNDA:1,getEffectByTitle
FNDA:1,(anonymous_3)
FNDA:2,getPhysicalEffects
FNDA:2,getMentalEffects
FNDA:2,getSocialEffects
FNDA:20,createEffectCategories
FNDA:20,sortEffectCategories
FNDA:12,(anonymous_9)
FNDA:0,getEffectCategory
FNDA:0,countTotalEffects
FNDA:0,(anonymous_12)
FNDA:1,prepareActiveEffectCategories
DA:13,6
DA:23,6
DA:38,500
DA:47,1
DA:55,2
DA:63,2
DA:71,2
DA:81,20
DA:100,20
DA:101,33
DA:103,33
DA:104,8
DA:105,25
DA:106,21
DA:108,4
DA:113,20
DA:115,20
DA:124,20
DA:125,60
DA:136,0
DA:145,0
DA:146,0
DA:155,1
LF:23
LH:20
BRDA:101,0,0,0
BRDA:101,0,1,33
BRDA:103,1,0,8
BRDA:103,1,1,25
BRDA:105,2,0,21
BRDA:105,2,1,4
BRDA:125,3,0,12
BRDA:125,3,1,7
BRDA:125,4,0,12
BRDA:125,4,1,4
BRDA:136,5,0,0
BRDA:136,5,1,0
BRF:12
BRH:9
end_of_record
TN:
SF:module/helpers/handlebars.mjs
FN:4,(anonymous_0)
FN:13,(anonymous_1)
FN:23,(anonymous_2)
FN:25,(anonymous_3)
FN:35,(anonymous_4)
FN:44,(anonymous_5)
FN:52,(anonymous_6)
FN:63,(anonymous_7)
FN:74,(anonymous_8)
FNF:9
FNH:6
FNDA:16,(anonymous_0)
FNDA:1,(anonymous_1)
FNDA:2,(anonymous_2)
FNDA:5,(anonymous_3)
FNDA:1,(anonymous_4)
FNDA:1,(anonymous_5)
FNDA:0,(anonymous_6)
FNDA:0,(anonymous_7)
FNDA:0,(anonymous_8)
DA:4,16
DA:13,16
DA:14,1
DA:15,3
DA:16,1
DA:23,16
DA:24,2
DA:25,2
DA:26,5
DA:35,16
DA:36,1
DA:44,16
DA:45,1
DA:52,16
DA:53,0
DA:54,0
DA:63,16
DA:65,0
DA:66,0
DA:70,0
DA:74,16
DA:75,0
DA:76,0
DA:77,0
DA:79,0
LF:25
LH:16
BRDA:65,0,0,0
BRDA:65,0,1,0
BRF:2
BRH:0
end_of_record
TN:
SF:module/helpers/hooks.mjs
FN:6,(anonymous_0)
FN:23,registerInitHooks
FN:30,registerReadyHooks
FN:31,(anonymous_3)
FN:33,(anonymous_4)
FN:40,registerCombatHooks
FN:41,(anonymous_6)
FN:49,(anonymous_7)
FN:61,registerChatMessageHooks
FN:63,(anonymous_9)
FN:65,(anonymous_10)
FNF:11
FNH:8
FNDA:16,(anonymous_0)
FNDA:16,registerInitHooks
FNDA:16,registerReadyHooks
FNDA:16,(anonymous_3)
FNDA:0,(anonymous_4)
FNDA:16,registerCombatHooks
FNDA:1,(anonymous_6)
FNDA:1,(anonymous_7)
FNDA:16,registerChatMessageHooks
FNDA:0,(anonymous_9)
FNDA:0,(anonymous_10)
DA:6,16
DA:8,16
DA:11,16
DA:14,16
DA:17,16
DA:31,16
DA:33,16
DA:41,16
DA:42,1
DA:43,1
DA:44,1
DA:45,1
DA:49,16
DA:50,1
DA:51,1
DA:52,1
DA:53,1
DA:63,16
DA:65,0
DA:66,0
DA:69,0
DA:70,0
DA:71,0
DA:74,0
DA:75,0
DA:78,0
DA:79,0
DA:80,0
DA:84,0
DA:85,0
DA:88,0
DA:89,0
DA:92,0
DA:93,0
DA:96,0
DA:98,0
LF:36
LH:18
BRDA:43,0,0,1
BRDA:43,0,1,0
BRDA:43,1,0,1
BRDA:43,1,1,1
BRDA:51,2,0,1
BRDA:51,2,1,0
BRDA:51,3,0,1
BRDA:51,3,1,1
BRDA:75,4,0,0
BRDA:75,4,1,0
BRDA:78,5,0,0
BRDA:78,5,1,0
BRF:12
BRH:6
end_of_record
TN:
SF:module/helpers/macros.mjs
FN:8,createDocMacro
FN:22,(anonymous_1)
FN:42,rollItemMacro
FN:49,(anonymous_3)
FNF:4
FNH:0
FNDA:0,createDocMacro
FNDA:0,(anonymous_1)
FNDA:0,rollItemMacro
FNDA:0,(anonymous_3)
DA:10,0
DA:11,0
DA:12,0
DA:17,0
DA:20,0
DA:21,0
DA:22,0
DA:24,0
DA:25,0
DA:33,0
DA:34,0
DA:44,0
DA:49,0
DA:51,0
DA:52,0
DA:53,0
DA:59,0
LF:17
LH:0
BRDA:10,0,0,0
BRDA:10,0,1,0
BRDA:11,1,0,0
BRDA:11,1,1,0
BRDA:11,2,0,0
BRDA:11,2,1,0
BRDA:22,3,0,0
BRDA:22,3,1,0
BRDA:24,4,0,0
BRDA:24,4,1,0
BRDA:51,5,0,0
BRDA:51,5,1,0
BRDA:51,6,0,0
BRDA:51,6,1,0
BRDA:52,7,0,0
BRDA:52,7,1,0
BRF:16
BRH:0
end_of_record
TN:
SF:module/helpers/prepare-data.mjs
FN:11,prepareOrderedSkills
FN:13,(anonymous_1)
FN:18,(anonymous_2)
FN:29,prepareCharacteristics
FN:31,(anonymous_4)
FN:36,(anonymous_5)
FN:47,prepareOrderedTypesOfManeuver
FN:49,(anonymous_7)
FN:54,(anonymous_8)
FN:65,prepareOrderedTypesOfPower
FN:67,(anonymous_10)
FN:72,(anonymous_11)
FN:83,prepareOrderedSchoolOfPower
FN:85,(anonymous_13)
FN:89,(anonymous_14)
FNF:15
FNH:0
FNDA:0,prepareOrderedSkills
FNDA:0,(anonymous_1)
FNDA:0,(anonymous_2)
FNDA:0,prepareCharacteristics
FNDA:0,(anonymous_4)
FNDA:0,(anonymous_5)
FNDA:0,prepareOrderedTypesOfManeuver
FNDA:0,(anonymous_7)
FNDA:0,(anonymous_8)
FNDA:0,prepareOrderedTypesOfPower
FNDA:0,(anonymous_10)
FNDA:0,(anonymous_11)
FNDA:0,prepareOrderedSchoolOfPower
FNDA:0,(anonymous_13)
FNDA:0,(anonymous_14)
DA:12,0
DA:13,0
DA:19,0
DA:30,0
DA:31,0
DA:37,0
DA:48,0
DA:49,0
DA:55,0
DA:66,0
DA:67,0
DA:73,0
DA:84,0
DA:85,0
DA:90,0
LF:15
LH:0
BRDA:19,0,0,0
BRDA:19,0,1,0
BRDA:19,1,0,0
BRDA:19,1,1,0
BRDA:37,2,0,0
BRDA:37,2,1,0
BRDA:37,3,0,0
BRDA:37,3,1,0
BRDA:55,4,0,0
BRDA:55,4,1,0
BRDA:55,5,0,0
BRDA:55,5,1,0
BRDA:73,6,0,0
BRDA:73,6,1,0
BRDA:73,7,0,0
BRDA:73,7,1,0
BRDA:90,8,0,0
BRDA:90,8,1,0
BRDA:90,9,0,0
BRDA:90,9,1,0
BRF:20
BRH:0
end_of_record
TN:
SF:module/helpers/utils.mjs
FN:11,mergeObject
FNF:1
FNH:1
FNDA:47,mergeObject
DA:13,47
DA:14,47
DA:17,47
DA:18,47
DA:19,0
DA:20,0
DA:22,0
DA:26,47
DA:29,47
DA:30,0
DA:32,0
DA:35,0
DA:36,0
DA:37,0
DA:39,0
DA:42,0
DA:45,0
DA:50,0
DA:51,0
DA:53,0
DA:57,0
DA:58,0
DA:62,47
LF:23
LH:7
BRDA:11,0,0,47
BRDA:17,1,0,0
BRDA:17,1,1,47
BRDA:17,2,0,47
BRDA:17,2,1,47
BRDA:18,3,0,0
BRDA:18,3,1,47
BRDA:18,4,0,47
BRDA:18,4,1,47
BRDA:19,5,0,0
BRDA:19,5,1,0
BRDA:26,6,0,47
BRDA:26,6,1,0
BRDA:30,7,0,0
BRDA:30,7,1,0
BRDA:35,8,0,0
BRDA:35,8,1,0
BRDA:35,9,0,0
BRDA:35,9,1,0
BRDA:35,9,2,0
BRDA:36,10,0,0
BRDA:36,10,1,0
BRDA:45,11,0,0
BRDA:45,11,1,0
BRDA:46,12,0,0
BRDA:46,12,1,0
BRDA:46,12,2,0
BRDA:46,12,3,0
BRDA:50,13,0,0
BRDA:50,13,1,0
BRDA:51,14,0,0
BRDA:51,14,1,0
BRDA:57,15,0,0
BRDA:57,15,1,0
BRF:34
BRH:8
end_of_record
TN:
SF:module/sheets/actor-sheet.mjs
FN:14,(anonymous_0)
FN:85,(anonymous_1)
FN:112,(anonymous_2)
FN:114,(anonymous_3)
FN:119,(anonymous_4)
FN:124,(anonymous_5)
FN:126,(anonymous_6)
FN:131,(anonymous_7)
FN:137,(anonymous_8)
FN:167,(anonymous_9)
FN:211,(anonymous_10)
FN:216,(anonymous_11)
FN:271,(anonymous_12)
FN:292,(anonymous_13)
FN:293,(anonymous_14)
FN:353,(anonymous_15)
FN:354,(anonymous_16)
FN:356,(anonymous_17)
FN:359,(anonymous_18)
FN:361,(anonymous_19)
FN:364,(anonymous_20)
FN:367,(anonymous_21)
FN:370,(anonymous_22)
FN:371,(anonymous_23)
FN:372,(anonymous_24)
FN:375,(anonymous_25)
FN:378,(anonymous_26)
FN:381,(anonymous_27)
FN:382,(anonymous_28)
FN:395,(anonymous_29)
FN:396,(anonymous_30)
FN:418,(anonymous_31)
FN:428,(anonymous_32)
FN:438,(anonymous_33)
FN:446,(anonymous_34)
FN:461,(anonymous_35)
FN:474,(anonymous_36)
FN:487,(anonymous_37)
FN:520,(anonymous_38)
FN:533,(anonymous_39)
FN:547,(anonymous_40)
FN:553,(anonymous_41)
FN:569,(anonymous_42)
FN:579,(anonymous_43)
FN:587,(anonymous_44)
FN:604,(anonymous_45)
FN:629,(anonymous_46)
FN:640,(anonymous_47)
FN:650,(anonymous_48)
FN:668,(anonymous_49)
FN:675,(anonymous_50)
FN:702,(anonymous_51)
FN:721,(anonymous_52)
FN:724,(anonymous_53)
FN:732,(anonymous_54)
FN:736,(anonymous_55)
FN:738,(anonymous_56)
FN:748,(anonymous_57)
FN:763,(anonymous_58)
FN:794,(anonymous_59)
FN:825,(anonymous_60)
FN:838,(anonymous_61)
FN:858,(anonymous_62)
FN:863,(anonymous_63)
FN:879,(anonymous_64)
FN:890,(anonymous_65)
FN:913,(anonymous_66)
FN:929,(anonymous_67)
FN:943,(anonymous_68)
FN:972,(anonymous_69)
FN:998,(anonymous_70)
FN:1007,(anonymous_71)
FNF:72
FNH:0
FNDA:0,(anonymous_0)
FNDA:0,(anonymous_1)
FNDA:0,(anonymous_2)
FNDA:0,(anonymous_3)
FNDA:0,(anonymous_4)
FNDA:0,(anonymous_5)
FNDA:0,(anonymous_6)
FNDA:0,(anonymous_7)
FNDA:0,(anonymous_8)
FNDA:0,(anonymous_9)
FNDA:0,(anonymous_10)
FNDA:0,(anonymous_11)
FNDA:0,(anonymous_12)
FNDA:0,(anonymous_13)
FNDA:0,(anonymous_14)
FNDA:0,(anonymous_15)
FNDA:0,(anonymous_16)
FNDA:0,(anonymous_17)
FNDA:0,(anonymous_18)
FNDA:0,(anonymous_19)
FNDA:0,(anonymous_20)
FNDA:0,(anonymous_21)
FNDA:0,(anonymous_22)
FNDA:0,(anonymous_23)
FNDA:0,(anonymous_24)
FNDA:0,(anonymous_25)
FNDA:0,(anonymous_26)
FNDA:0,(anonymous_27)
FNDA:0,(anonymous_28)
FNDA:0,(anonymous_29)
FNDA:0,(anonymous_30)
FNDA:0,(anonymous_31)
FNDA:0,(anonymous_32)
FNDA:0,(anonymous_33)
FNDA:0,(anonymous_34)
FNDA:0,(anonymous_35)
FNDA:0,(anonymous_36)
FNDA:0,(anonymous_37)
FNDA:0,(anonymous_38)
FNDA:0,(anonymous_39)
FNDA:0,(anonymous_40)
FNDA:0,(anonymous_41)
FNDA:0,(anonymous_42)
FNDA:0,(anonymous_43)
FNDA:0,(anonymous_44)
FNDA:0,(anonymous_45)
FNDA:0,(anonymous_46)
FNDA:0,(anonymous_47)
FNDA:0,(anonymous_48)
FNDA:0,(anonymous_49)
FNDA:0,(anonymous_50)
FNDA:0,(anonymous_51)
FNDA:0,(anonymous_52)
FNDA:0,(anonymous_53)
FNDA:0,(anonymous_54)
FNDA:0,(anonymous_55)
FNDA:0,(anonymous_56)
FNDA:0,(anonymous_57)
FNDA:0,(anonymous_58)
FNDA:0,(anonymous_59)
FNDA:0,(anonymous_60)
FNDA:0,(anonymous_61)
FNDA:0,(anonymous_62)
FNDA:0,(anonymous_63)
FNDA:0,(anonymous_64)
FNDA:0,(anonymous_65)
FNDA:0,(anonymous_66)
FNDA:0,(anonymous_67)
FNDA:0,(anonymous_68)
FNDA:0,(anonymous_69)
FNDA:0,(anonymous_70)
FNDA:0,(anonymous_71)
DA:5,0
DA:15,0
DA:16,0
DA:20,0
DA:53,0
DA:87,0
DA:89,0
DA:91,0
DA:93,0
DA:95,0
DA:103,0
DA:105,0
DA:106,0
DA:113,0
DA:114,0
DA:120,0
DA:125,0
DA:126,0
DA:132,0
DA:140,0
DA:142,0
DA:161,0
DA:163,0
DA:168,0
DA:174,0
DA:175,0
DA:177,0
DA:180,0
DA:191,0
DA:193,0
DA:195,0
DA:200,0
DA:202,0
DA:213,0
DA:215,0
DA:216,0
DA:217,0
DA:227,0
DA:230,0
DA:232,0
DA:233,0
DA:234,0
DA:236,0
DA:237,0
DA:238,0
DA:240,0
DA:241,0
DA:242,0
DA:244,0
DA:245,0
DA:246,0
DA:248,0
DA:249,0
DA:250,0
DA:252,0
DA:253,0
DA:254,0
DA:256,0
DA:257,0
DA:258,0
DA:260,0
DA:261,0
DA:262,0
DA:275,0
DA:276,0
DA:277,0
DA:278,0
DA:280,0
DA:281,0
DA:282,0
DA:283,0
DA:284,0
DA:285,0
DA:286,0
DA:287,0
DA:288,0
DA:289,0
DA:291,0
DA:292,0
DA:293,0
DA:295,0
DA:296,0
DA:299,0
DA:300,0
DA:301,0
DA:303,0
DA:304,0
DA:306,0
DA:307,0
DA:309,0
DA:310,0
DA:312,0
DA:313,0
DA:315,0
DA:316,0
DA:318,0
DA:319,0
DA:321,0
DA:322,0
DA:324,0
DA:325,0
DA:327,0
DA:328,0
DA:331,0
DA:332,0
DA:335,0
DA:336,0
DA:337,0
DA:338,0
DA:342,0
DA:343,0
DA:347,0
DA:348,0
DA:353,0
DA:354,0
DA:355,0
DA:356,0
DA:358,0
DA:359,0
DA:361,0
DA:362,0
DA:364,0
DA:365,0
DA:367,0
DA:368,0
DA:370,0
DA:371,0
DA:372,0
DA:373,0
DA:375,0
DA:376,0
DA:378,0
DA:379,0
DA:381,0
DA:382,0
DA:383,0
DA:384,0
DA:396,0
DA:397,0
DA:419,0
DA:420,0
DA:422,0
DA:424,0
DA:429,0
DA:430,0
DA:435,0
DA:439,0
DA:440,0
DA:441,0
DA:442,0
DA:447,0
DA:448,0
DA:462,0
DA:463,0
DA:475,0
DA:476,0
DA:489,0
DA:491,0
DA:499,0
DA:501,0
DA:505,0
DA:509,0
DA:521,0
DA:522,0
DA:534,0
DA:548,0
DA:554,0
DA:555,0
DA:556,0
DA:557,0
DA:558,0
DA:559,0
DA:560,0
DA:561,0
DA:562,0
DA:563,0
DA:564,0
DA:565,0
DA:567,0
DA:570,0
DA:572,0
DA:573,0
DA:575,0
DA:576,0
DA:580,0
DA:581,0
DA:582,0
DA:583,0
DA:584,0
DA:588,0
DA:589,0
DA:592,0
DA:593,0
DA:605,0
DA:606,0
DA:607,0
DA:608,0
DA:610,0
DA:613,0
DA:614,0
DA:631,0
DA:642,0
DA:651,0
DA:652,0
DA:655,0
DA:657,0
DA:660,0
DA:676,0
DA:677,0
DA:678,0
DA:679,0
DA:681,0
DA:683,0
DA:685,0
DA:687,0
DA:689,0
DA:691,0
DA:703,0
DA:704,0
DA:706,0
DA:708,0
DA:709,0
DA:711,0
DA:712,0
DA:715,0
DA:716,0
DA:718,0
DA:723,0
DA:724,0
DA:726,0
DA:727,0
DA:729,0
DA:733,0
DA:735,0
DA:736,0
DA:738,0
DA:749,0
DA:750,0
DA:751,0
DA:752,0
DA:753,0
DA:754,0
DA:765,0
DA:766,0
DA:767,0
DA:770,0
DA:773,0
DA:774,0
DA:775,0
DA:776,0
DA:777,0
DA:782,0
DA:786,0
DA:792,0
DA:794,0
DA:795,0
DA:796,0
DA:797,0
DA:798,0
DA:799,0
DA:801,0
DA:802,0
DA:803,0
DA:807,0
DA:808,0
DA:814,0
DA:826,0
DA:839,0
DA:840,0
DA:843,0
DA:844,0
DA:847,0
DA:859,0
DA:860,0
DA:861,0
DA:862,0
DA:864,0
DA:865,0
DA:868,0
DA:880,0
DA:881,0
DA:892,0
DA:893,0
DA:894,0
DA:895,0
DA:898,0
DA:901,0
DA:902,0
DA:903,0
DA:904,0
DA:905,0
DA:909,0
DA:913,0
DA:914,0
DA:915,0
DA:916,0
DA:920,0
DA:930,0
DA:943,0
DA:944,0
DA:948,0
DA:953,0
DA:973,0
DA:974,0
DA:975,0
DA:982,0
DA:983,0
DA:984,0
DA:985,0
DA:986,0
DA:999,0
DA:1000,0
DA:1001,0
DA:1003,0
DA:1004,0
DA:1007,0
DA:1010,0
DA:1011,0
DA:1014,0
DA:1015,0
DA:1019,0
DA:1020,0
DA:1024,0
DA:1027,0
LF:324
LH:0
BRDA:14,0,0,0
BRDA:91,1,0,0
BRDA:91,1,1,0
BRDA:93,2,0,0
BRDA:93,2,1,0
BRDA:120,3,0,0
BRDA:120,3,1,0
BRDA:120,4,0,0
BRDA:120,4,1,0
BRDA:132,5,0,0
BRDA:132,5,1,0
BRDA:132,6,0,0
BRDA:132,6,1,0
BRDA:168,7,0,0
BRDA:168,7,1,0
BRDA:168,7,2,0
BRDA:168,7,3,0
BRDA:168,7,4,0
BRDA:168,7,5,0
BRDA:168,7,6,0
BRDA:215,8,0,0
BRDA:215,8,1,0
BRDA:227,9,0,0
BRDA:227,9,1,0
BRDA:227,9,2,0
BRDA:227,9,3,0
BRDA:227,9,4,0
BRDA:227,9,5,0
BRDA:227,9,6,0
BRDA:227,9,7,0
BRDA:227,9,8,0
BRDA:260,10,0,0
BRDA:260,10,1,0
BRDA:300,11,0,0
BRDA:300,11,1,0
BRDA:303,12,0,0
BRDA:303,12,1,0
BRDA:306,13,0,0
BRDA:306,13,1,0
BRDA:309,14,0,0
BRDA:309,14,1,0
BRDA:312,15,0,0
BRDA:312,15,1,0
BRDA:315,16,0,0
BRDA:315,16,1,0
BRDA:318,17,0,0
BRDA:318,17,1,0
BRDA:321,18,0,0
BRDA:321,18,1,0
BRDA:324,19,0,0
BRDA:324,19,1,0
BRDA:327,20,0,0
BRDA:327,20,1,0
BRDA:331,21,0,0
BRDA:331,21,1,0
BRDA:335,22,0,0
BRDA:335,22,1,0
BRDA:336,23,0,0
BRDA:336,23,1,0
BRDA:337,24,0,0
BRDA:337,24,1,0
BRDA:342,25,0,0
BRDA:342,25,1,0
BRDA:347,26,0,0
BRDA:347,26,1,0
BRDA:353,27,0,0
BRDA:353,27,1,0
BRDA:353,28,0,0
BRDA:353,28,1,0
BRDA:354,29,0,0
BRDA:354,29,1,0
BRDA:354,30,0,0
BRDA:354,30,1,0
BRDA:356,31,0,0
BRDA:356,31,1,0
BRDA:356,32,0,0
BRDA:356,32,1,0
BRDA:359,33,0,0
BRDA:359,33,1,0
BRDA:359,34,0,0
BRDA:359,34,1,0
BRDA:362,35,0,0
BRDA:362,35,1,0
BRDA:362,36,0,0
BRDA:362,36,1,0
BRDA:365,37,0,0
BRDA:365,37,1,0
BRDA:365,38,0,0
BRDA:365,38,1,0
BRDA:368,39,0,0
BRDA:368,39,1,0
BRDA:368,40,0,0
BRDA:368,40,1,0
BRDA:370,41,0,0
BRDA:370,41,1,0
BRDA:370,42,0,0
BRDA:370,42,1,0
BRDA:371,43,0,0
BRDA:371,43,1,0
BRDA:371,44,0,0
BRDA:371,44,1,0
BRDA:373,45,0,0
BRDA:373,45,1,0
BRDA:373,46,0,0
BRDA:373,46,1,0
BRDA:376,47,0,0
BRDA:376,47,1,0
BRDA:376,48,0,0
BRDA:376,48,1,0
BRDA:379,49,0,0
BRDA:379,49,1,0
BRDA:379,50,0,0
BRDA:379,50,1,0
BRDA:381,51,0,0
BRDA:381,51,1,0
BRDA:381,52,0,0
BRDA:381,52,1,0
BRDA:382,53,0,0
BRDA:382,53,1,0
BRDA:382,54,0,0
BRDA:382,54,1,0
BRDA:422,55,0,0
BRDA:422,55,1,0
BRDA:427,56,0,0
BRDA:427,56,1,0
BRDA:440,57,0,0
BRDA:440,57,1,0
BRDA:442,58,0,0
BRDA:442,58,1,0
BRDA:448,59,0,0
BRDA:448,59,1,0
BRDA:501,60,0,0
BRDA:501,60,1,0
BRDA:554,61,0,0
BRDA:554,61,1,0
BRDA:554,61,2,0
BRDA:554,61,3,0
BRDA:554,61,4,0
BRDA:554,61,5,0
BRDA:554,61,6,0
BRDA:554,61,7,0
BRDA:554,61,8,0
BRDA:554,61,9,0
BRDA:554,61,10,0
BRDA:572,62,0,0
BRDA:572,62,1,0
BRDA:581,63,0,0
BRDA:581,63,1,0
BRDA:582,64,0,0
BRDA:582,64,1,0
BRDA:606,65,0,0
BRDA:606,65,1,0
BRDA:608,66,0,0
BRDA:608,66,1,0
BRDA:610,67,0,0
BRDA:610,67,1,0
BRDA:652,68,0,0
BRDA:652,68,1,0
BRDA:657,69,0,0
BRDA:657,69,1,0
BRDA:679,70,0,0
BRDA:679,70,1,0
BRDA:681,71,0,0
BRDA:681,71,1,0
BRDA:681,71,2,0
BRDA:681,71,3,0
BRDA:681,71,4,0
BRDA:706,72,0,0
BRDA:706,72,1,0
BRDA:726,73,0,0
BRDA:726,73,1,0
BRDA:751,74,0,0
BRDA:751,74,1,0
BRDA:751,75,0,0
BRDA:751,75,1,0
BRDA:752,76,0,0
BRDA:752,76,1,0
BRDA:766,77,0,0
BRDA:766,77,1,0
BRDA:770,78,0,0
BRDA:770,78,1,0
BRDA:777,79,0,0
BRDA:777,79,1,0
BRDA:778,80,0,0
BRDA:778,80,1,0
BRDA:778,80,2,0
BRDA:778,80,3,0
BRDA:797,81,0,0
BRDA:797,81,1,0
BRDA:801,82,0,0
BRDA:801,82,1,0
BRDA:826,83,0,0
BRDA:826,83,1,0
BRDA:839,84,0,0
BRDA:839,84,1,0
BRDA:843,85,0,0
BRDA:843,85,1,0
BRDA:859,86,0,0
BRDA:859,86,1,0
BRDA:861,87,0,0
BRDA:861,87,1,0
BRDA:864,88,0,0
BRDA:864,88,1,0
BRDA:880,89,0,0
BRDA:880,89,1,0
BRDA:894,90,0,0
BRDA:894,90,1,0
BRDA:898,91,0,0
BRDA:898,91,1,0
BRDA:904,92,0,0
BRDA:904,92,1,0
BRDA:904,93,0,0
BRDA:904,93,1,0
BRDA:985,94,0,0
BRDA:985,94,1,0
BRDA:1001,95,0,0
BRDA:1001,95,1,0
BRDA:1004,96,0,0
BRDA:1004,96,1,0
BRDA:1004,97,0,0
BRDA:1004,97,1,0
BRDA:1007,98,0,0
BRDA:1007,98,1,0
BRDA:1010,99,0,0
BRDA:1010,99,1,0
BRF:225
BRH:0
end_of_record
TN:
SF:module/sheets/item-sheet.mjs
FN:15,(anonymous_0)
FN:138,(anonymous_1)
FN:192,(anonymous_2)
FN:211,(anonymous_3)
FN:234,(anonymous_4)
FN:340,(anonymous_5)
FN:345,(anonymous_6)
FN:417,(anonymous_7)
FN:418,(anonymous_8)
FN:439,(anonymous_9)
FN:449,(anonymous_10)
FN:467,(anonymous_11)
FN:480,(anonymous_12)
FN:493,(anonymous_13)
FN:527,(anonymous_14)
FN:536,(anonymous_15)
FNF:16
FNH:0
FNDA:0,(anonymous_0)
FNDA:0,(anonymous_1)
FNDA:0,(anonymous_2)
FNDA:0,(anonymous_3)
FNDA:0,(anonymous_4)
FNDA:0,(anonymous_5)
FNDA:0,(anonymous_6)
FNDA:0,(anonymous_7)
FNDA:0,(anonymous_8)
FNDA:0,(anonymous_9)
FNDA:0,(anonymous_10)
FNDA:0,(anonymous_11)
FNDA:0,(anonymous_12)
FNDA:0,(anonymous_13)
FNDA:0,(anonymous_14)
FNDA:0,(anonymous_15)
DA:6,0
DA:16,0
DA:17,0
DA:20,0
DA:31,0
DA:59,0
DA:65,0
DA:71,0
DA:94,0
DA:139,0
DA:141,0
DA:142,0
DA:144,0
DA:148,0
DA:150,0
DA:152,0
DA:153,0
DA:155,0
DA:156,0
DA:158,0
DA:159,0
DA:161,0
DA:162,0
DA:164,0
DA:165,0
DA:167,0
DA:168,0
DA:170,0
DA:171,0
DA:173,0
DA:174,0
DA:176,0
DA:177,0
DA:179,0
DA:180,0
DA:182,0
DA:183,0
DA:185,0
DA:186,0
DA:193,0
DA:194,0
DA:200,0
DA:201,0
DA:207,0
DA:213,0
DA:230,0
DA:235,0
DA:245,0
DA:246,0
DA:249,0
DA:252,0
DA:263,0
DA:265,0
DA:267,0
DA:268,0
DA:274,0
DA:285,0
DA:296,0
DA:307,0
DA:318,0
DA:329,0
DA:331,0
DA:342,0
DA:344,0
DA:345,0
DA:346,0
DA:356,0
DA:359,0
DA:361,0
DA:362,0
DA:363,0
DA:365,0
DA:366,0
DA:367,0
DA:369,0
DA:370,0
DA:371,0
DA:373,0
DA:374,0
DA:375,0
DA:377,0
DA:378,0
DA:379,0
DA:381,0
DA:382,0
DA:383,0
DA:386,0
DA:387,0
DA:388,0
DA:390,0
DA:391,0
DA:392,0
DA:394,0
DA:395,0
DA:396,0
DA:397,0
DA:399,0
DA:400,0
DA:401,0
DA:402,0
DA:404,0
DA:405,0
DA:406,0
DA:418,0
DA:440,0
DA:441,0
DA:443,0
DA:445,0
DA:450,0
DA:451,0
DA:456,0
DA:468,0
DA:469,0
DA:481,0
DA:482,0
DA:495,0
DA:498,0
DA:506,0
DA:508,0
DA:512,0
DA:516,0
DA:528,0
DA:529,0
DA:537,0
LF:124
LH:0
BRDA:15,0,0,0
BRDA:141,1,0,0
BRDA:141,1,1,0
BRDA:148,2,0,0
BRDA:148,2,1,0
BRDA:150,3,0,0
BRDA:150,3,1,0
BRDA:150,3,2,0
BRDA:150,3,3,0
BRDA:150,3,4,0
BRDA:150,3,5,0
BRDA:150,3,6,0
BRDA:150,3,7,0
BRDA:150,3,8,0
BRDA:150,3,9,0
BRDA:150,3,10,0
BRDA:150,3,11,0
BRDA:193,4,0,0
BRDA:193,4,1,0
BRDA:200,5,0,0
BRDA:200,5,1,0
BRDA:235,6,0,0
BRDA:235,6,1,0
BRDA:235,6,2,0
BRDA:235,6,3,0
BRDA:235,6,4,0
BRDA:235,6,5,0
BRDA:235,6,6,0
BRDA:235,6,7,0
BRDA:235,6,8,0
BRDA:235,6,9,0
BRDA:235,6,10,0
BRDA:235,6,11,0
BRDA:235,6,12,0
BRDA:344,7,0,0
BRDA:344,7,1,0
BRDA:356,8,0,0
BRDA:356,8,1,0
BRDA:356,8,2,0
BRDA:356,8,3,0
BRDA:356,8,4,0
BRDA:356,8,5,0
BRDA:356,8,6,0
BRDA:356,8,7,0
BRDA:356,8,8,0
BRDA:356,8,9,0
BRDA:356,8,10,0
BRDA:356,8,11,0
BRDA:356,8,12,0
BRDA:404,9,0,0
BRDA:404,9,1,0
BRDA:443,10,0,0
BRDA:443,10,1,0
BRDA:448,11,0,0
BRDA:448,11,1,0
BRDA:508,12,0,0
BRDA:508,12,1,0
BRF:57
BRH:0
end_of_record
